{"C:\\Users\\Florian Jäger\\Documents\\Blockchain-Visualizer\\src\\App.css": {"path":"C:\\Users\\Florian Jäger\\Documents\\Blockchain-Visualizer\\src\\App.css","statementMap":{},"fnMap":{},"branchMap":{},"s":{},"f":{},"b":{},"meta":{"lastBranch":0,"lastFunction":0,"lastStatement":0,"seen":{}}}
,"C:\\Users\\Florian Jäger\\Documents\\Blockchain-Visualizer\\src\\App.tsx": {"path":"C:\\Users\\Florian Jäger\\Documents\\Blockchain-Visualizer\\src\\App.tsx","statementMap":{"0":{"start":{"line":11,"column":2},"end":{"line":65,"column":null}}},"fnMap":{"0":{"name":"App","decl":{"start":{"line":10,"column":9},"end":{"line":10,"column":15}},"loc":{"start":{"line":10,"column":15},"end":{"line":67,"column":null}},"line":10}},"branchMap":{},"s":{"0":5},"f":{"0":5},"b":{},"meta":{"lastBranch":0,"lastFunction":1,"lastStatement":1,"seen":{"f:10:9:10:15":0,"s:11:2:65:Infinity":0}}}
,"C:\\Users\\Florian Jäger\\Documents\\Blockchain-Visualizer\\src\\components\\Block.css": {"path":"C:\\Users\\Florian Jäger\\Documents\\Blockchain-Visualizer\\src\\components\\Block.css","statementMap":{},"fnMap":{},"branchMap":{},"s":{},"f":{},"b":{},"meta":{"lastBranch":0,"lastFunction":0,"lastStatement":0,"seen":{}}}
,"C:\\Users\\Florian Jäger\\Documents\\Blockchain-Visualizer\\src\\components\\Block.tsx": {"path":"C:\\Users\\Florian Jäger\\Documents\\Blockchain-Visualizer\\src\\components\\Block.tsx","statementMap":{"0":{"start":{"line":15,"column":16},"end":{"line":15,"column":null}},"1":{"start":{"line":16,"column":25},"end":{"line":16,"column":null}},"2":{"start":{"line":18,"column":24},"end":{"line":27,"column":null}},"3":{"start":{"line":19,"column":20},"end":{"line":19,"column":null}},"4":{"start":{"line":20,"column":4},"end":{"line":20,"column":null}},"5":{"start":{"line":20,"column":20},"end":{"line":20,"column":null}},"6":{"start":{"line":21,"column":4},"end":{"line":25,"column":null}},"7":{"start":{"line":21,"column":24},"end":{"line":21,"column":null}},"8":{"start":{"line":21,"column":37},"end":{"line":25,"column":null}},"9":{"start":{"line":22,"column":45},"end":{"line":22,"column":null}},"10":{"start":{"line":22,"column":58},"end":{"line":25,"column":null}},"11":{"start":{"line":23,"column":46},"end":{"line":23,"column":null}},"12":{"start":{"line":23,"column":59},"end":{"line":25,"column":null}},"13":{"start":{"line":24,"column":48},"end":{"line":24,"column":null}},"14":{"start":{"line":24,"column":61},"end":{"line":25,"column":null}},"15":{"start":{"line":25,"column":29},"end":{"line":25,"column":null}},"16":{"start":{"line":26,"column":4},"end":{"line":26,"column":null}},"17":{"start":{"line":29,"column":25},"end":{"line":36,"column":null}},"18":{"start":{"line":30,"column":4},"end":{"line":30,"column":null}},"19":{"start":{"line":30,"column":27},"end":{"line":30,"column":null}},"20":{"start":{"line":31,"column":4},"end":{"line":31,"column":null}},"21":{"start":{"line":31,"column":24},"end":{"line":31,"column":null}},"22":{"start":{"line":32,"column":4},"end":{"line":32,"column":null}},"23":{"start":{"line":32,"column":40},"end":{"line":32,"column":null}},"24":{"start":{"line":33,"column":4},"end":{"line":33,"column":null}},"25":{"start":{"line":33,"column":41},"end":{"line":33,"column":null}},"26":{"start":{"line":34,"column":4},"end":{"line":34,"column":null}},"27":{"start":{"line":34,"column":24},"end":{"line":34,"column":null}},"28":{"start":{"line":35,"column":4},"end":{"line":35,"column":null}},"29":{"start":{"line":38,"column":25},"end":{"line":45,"column":null}},"30":{"start":{"line":39,"column":4},"end":{"line":39,"column":null}},"31":{"start":{"line":39,"column":27},"end":{"line":39,"column":null}},"32":{"start":{"line":40,"column":4},"end":{"line":40,"column":null}},"33":{"start":{"line":40,"column":24},"end":{"line":40,"column":null}},"34":{"start":{"line":41,"column":4},"end":{"line":41,"column":null}},"35":{"start":{"line":41,"column":40},"end":{"line":41,"column":null}},"36":{"start":{"line":42,"column":4},"end":{"line":42,"column":null}},"37":{"start":{"line":42,"column":41},"end":{"line":42,"column":null}},"38":{"start":{"line":43,"column":4},"end":{"line":43,"column":null}},"39":{"start":{"line":43,"column":24},"end":{"line":43,"column":null}},"40":{"start":{"line":44,"column":4},"end":{"line":44,"column":null}},"41":{"start":{"line":47,"column":27},"end":{"line":49,"column":null}},"42":{"start":{"line":48,"column":4},"end":{"line":48,"column":null}},"43":{"start":{"line":51,"column":21},"end":{"line":56,"column":null}},"44":{"start":{"line":52,"column":4},"end":{"line":54,"column":null}},"45":{"start":{"line":53,"column":6},"end":{"line":53,"column":null}},"46":{"start":{"line":55,"column":4},"end":{"line":55,"column":null}},"47":{"start":{"line":58,"column":21},"end":{"line":63,"column":null}},"48":{"start":{"line":59,"column":4},"end":{"line":61,"column":null}},"49":{"start":{"line":60,"column":6},"end":{"line":60,"column":null}},"50":{"start":{"line":62,"column":4},"end":{"line":62,"column":null}},"51":{"start":{"line":65,"column":2},"end":{"line":162,"column":null}},"52":{"start":{"line":76,"column":14},"end":{"line":76,"column":null}},"53":{"start":{"line":77,"column":14},"end":{"line":77,"column":null}},"54":{"start":{"line":103,"column":30},"end":{"line":103,"column":null}}},"fnMap":{"0":{"name":"Block","decl":{"start":{"line":14,"column":16},"end":{"line":14,"column":22}},"loc":{"start":{"line":14,"column":89},"end":{"line":164,"column":null}},"line":14},"1":{"name":"(anonymous_1)","decl":{"start":{"line":18,"column":24},"end":{"line":18,"column":30}},"loc":{"start":{"line":18,"column":30},"end":{"line":27,"column":null}},"line":18},"2":{"name":"(anonymous_2)","decl":{"start":{"line":29,"column":25},"end":{"line":29,"column":31}},"loc":{"start":{"line":29,"column":31},"end":{"line":36,"column":null}},"line":29},"3":{"name":"(anonymous_3)","decl":{"start":{"line":38,"column":25},"end":{"line":38,"column":31}},"loc":{"start":{"line":38,"column":31},"end":{"line":45,"column":null}},"line":38},"4":{"name":"(anonymous_4)","decl":{"start":{"line":47,"column":27},"end":{"line":47,"column":28}},"loc":{"start":{"line":47,"column":78},"end":{"line":49,"column":null}},"line":47},"5":{"name":"(anonymous_5)","decl":{"start":{"line":51,"column":21},"end":{"line":51,"column":27}},"loc":{"start":{"line":51,"column":27},"end":{"line":56,"column":null}},"line":51},"6":{"name":"(anonymous_6)","decl":{"start":{"line":58,"column":21},"end":{"line":58,"column":22}},"loc":{"start":{"line":58,"column":39},"end":{"line":63,"column":null}},"line":58},"7":{"name":"(anonymous_7)","decl":{"start":{"line":75,"column":21},"end":{"line":75,"column":22}},"loc":{"start":{"line":75,"column":28},"end":{"line":78,"column":null}},"line":75},"8":{"name":"(anonymous_8)","decl":{"start":{"line":103,"column":23},"end":{"line":103,"column":24}},"loc":{"start":{"line":103,"column":30},"end":{"line":103,"column":null}},"line":103}},"branchMap":{"0":{"loc":{"start":{"line":16,"column":25},"end":{"line":16,"column":null}},"type":"binary-expr","locations":[{"start":{"line":16,"column":25},"end":{"line":16,"column":62}},{"start":{"line":16,"column":62},"end":{"line":16,"column":null}}],"line":16},"1":{"loc":{"start":{"line":20,"column":4},"end":{"line":20,"column":null}},"type":"if","locations":[{"start":{"line":20,"column":4},"end":{"line":20,"column":null}},{"start":{},"end":{}}],"line":20},"2":{"loc":{"start":{"line":21,"column":4},"end":{"line":25,"column":null}},"type":"if","locations":[{"start":{"line":21,"column":4},"end":{"line":25,"column":null}},{"start":{"line":21,"column":37},"end":{"line":25,"column":null}}],"line":21},"3":{"loc":{"start":{"line":21,"column":37},"end":{"line":25,"column":null}},"type":"if","locations":[{"start":{"line":21,"column":37},"end":{"line":25,"column":null}},{"start":{"line":22,"column":58},"end":{"line":25,"column":null}}],"line":21},"4":{"loc":{"start":{"line":22,"column":13},"end":{"line":22,"column":45}},"type":"binary-expr","locations":[{"start":{"line":22,"column":13},"end":{"line":22,"column":30}},{"start":{"line":22,"column":30},"end":{"line":22,"column":45}}],"line":22},"5":{"loc":{"start":{"line":22,"column":58},"end":{"line":25,"column":null}},"type":"if","locations":[{"start":{"line":22,"column":58},"end":{"line":25,"column":null}},{"start":{"line":23,"column":59},"end":{"line":25,"column":null}}],"line":22},"6":{"loc":{"start":{"line":23,"column":13},"end":{"line":23,"column":46}},"type":"binary-expr","locations":[{"start":{"line":23,"column":13},"end":{"line":23,"column":30}},{"start":{"line":23,"column":30},"end":{"line":23,"column":46}}],"line":23},"7":{"loc":{"start":{"line":23,"column":59},"end":{"line":25,"column":null}},"type":"if","locations":[{"start":{"line":23,"column":59},"end":{"line":25,"column":null}},{"start":{"line":24,"column":61},"end":{"line":25,"column":null}}],"line":23},"8":{"loc":{"start":{"line":24,"column":13},"end":{"line":24,"column":48}},"type":"binary-expr","locations":[{"start":{"line":24,"column":13},"end":{"line":24,"column":31}},{"start":{"line":24,"column":31},"end":{"line":24,"column":48}}],"line":24},"9":{"loc":{"start":{"line":24,"column":61},"end":{"line":25,"column":null}},"type":"if","locations":[{"start":{"line":24,"column":61},"end":{"line":25,"column":null}},{"start":{},"end":{}}],"line":24},"10":{"loc":{"start":{"line":30,"column":4},"end":{"line":30,"column":null}},"type":"if","locations":[{"start":{"line":30,"column":4},"end":{"line":30,"column":null}},{"start":{},"end":{}}],"line":30},"11":{"loc":{"start":{"line":31,"column":4},"end":{"line":31,"column":null}},"type":"if","locations":[{"start":{"line":31,"column":4},"end":{"line":31,"column":null}},{"start":{},"end":{}}],"line":31},"12":{"loc":{"start":{"line":32,"column":4},"end":{"line":32,"column":null}},"type":"if","locations":[{"start":{"line":32,"column":4},"end":{"line":32,"column":null}},{"start":{},"end":{}}],"line":32},"13":{"loc":{"start":{"line":32,"column":8},"end":{"line":32,"column":40}},"type":"binary-expr","locations":[{"start":{"line":32,"column":8},"end":{"line":32,"column":25}},{"start":{"line":32,"column":25},"end":{"line":32,"column":40}}],"line":32},"14":{"loc":{"start":{"line":33,"column":4},"end":{"line":33,"column":null}},"type":"if","locations":[{"start":{"line":33,"column":4},"end":{"line":33,"column":null}},{"start":{},"end":{}}],"line":33},"15":{"loc":{"start":{"line":33,"column":8},"end":{"line":33,"column":41}},"type":"binary-expr","locations":[{"start":{"line":33,"column":8},"end":{"line":33,"column":25}},{"start":{"line":33,"column":25},"end":{"line":33,"column":41}}],"line":33},"16":{"loc":{"start":{"line":34,"column":4},"end":{"line":34,"column":null}},"type":"if","locations":[{"start":{"line":34,"column":4},"end":{"line":34,"column":null}},{"start":{},"end":{}}],"line":34},"17":{"loc":{"start":{"line":39,"column":4},"end":{"line":39,"column":null}},"type":"if","locations":[{"start":{"line":39,"column":4},"end":{"line":39,"column":null}},{"start":{},"end":{}}],"line":39},"18":{"loc":{"start":{"line":40,"column":4},"end":{"line":40,"column":null}},"type":"if","locations":[{"start":{"line":40,"column":4},"end":{"line":40,"column":null}},{"start":{},"end":{}}],"line":40},"19":{"loc":{"start":{"line":41,"column":4},"end":{"line":41,"column":null}},"type":"if","locations":[{"start":{"line":41,"column":4},"end":{"line":41,"column":null}},{"start":{},"end":{}}],"line":41},"20":{"loc":{"start":{"line":41,"column":8},"end":{"line":41,"column":40}},"type":"binary-expr","locations":[{"start":{"line":41,"column":8},"end":{"line":41,"column":25}},{"start":{"line":41,"column":25},"end":{"line":41,"column":40}}],"line":41},"21":{"loc":{"start":{"line":42,"column":4},"end":{"line":42,"column":null}},"type":"if","locations":[{"start":{"line":42,"column":4},"end":{"line":42,"column":null}},{"start":{},"end":{}}],"line":42},"22":{"loc":{"start":{"line":42,"column":8},"end":{"line":42,"column":41}},"type":"binary-expr","locations":[{"start":{"line":42,"column":8},"end":{"line":42,"column":25}},{"start":{"line":42,"column":25},"end":{"line":42,"column":41}}],"line":42},"23":{"loc":{"start":{"line":43,"column":4},"end":{"line":43,"column":null}},"type":"if","locations":[{"start":{"line":43,"column":4},"end":{"line":43,"column":null}},{"start":{},"end":{}}],"line":43},"24":{"loc":{"start":{"line":52,"column":4},"end":{"line":54,"column":null}},"type":"if","locations":[{"start":{"line":52,"column":4},"end":{"line":54,"column":null}},{"start":{},"end":{}}],"line":52},"25":{"loc":{"start":{"line":59,"column":4},"end":{"line":61,"column":null}},"type":"if","locations":[{"start":{"line":59,"column":4},"end":{"line":61,"column":null}},{"start":{},"end":{}}],"line":59},"26":{"loc":{"start":{"line":72,"column":9},"end":{"line":82,"column":null}},"type":"binary-expr","locations":[{"start":{"line":72,"column":9},"end":{"line":72,"column":null}},{"start":{"line":73,"column":10},"end":{"line":82,"column":null}}],"line":72},"27":{"loc":{"start":{"line":74,"column":38},"end":{"line":74,"column":66}},"type":"cond-expr","locations":[{"start":{"line":74,"column":54},"end":{"line":74,"column":64}},{"start":{"line":74,"column":64},"end":{"line":74,"column":66}}],"line":74},"28":{"loc":{"start":{"line":79,"column":22},"end":{"line":79,"column":null}},"type":"binary-expr","locations":[{"start":{"line":79,"column":22},"end":{"line":79,"column":40}},{"start":{"line":79,"column":40},"end":{"line":79,"column":null}}],"line":79},"29":{"loc":{"start":{"line":81,"column":13},"end":{"line":81,"column":null}},"type":"cond-expr","locations":[{"start":{"line":81,"column":30},"end":{"line":81,"column":64}},{"start":{"line":81,"column":64},"end":{"line":81,"column":null}}],"line":81},"30":{"loc":{"start":{"line":81,"column":64},"end":{"line":81,"column":null}},"type":"cond-expr","locations":[{"start":{"line":81,"column":80},"end":{"line":81,"column":92}},{"start":{"line":81,"column":92},"end":{"line":81,"column":null}}],"line":81},"31":{"loc":{"start":{"line":99,"column":11},"end":{"line":108,"column":null}},"type":"cond-expr","locations":[{"start":{"line":100,"column":12},"end":{"line":106,"column":null}},{"start":{"line":108,"column":12},"end":{"line":108,"column":null}}],"line":99},"32":{"loc":{"start":{"line":119,"column":35},"end":{"line":119,"column":85}},"type":"cond-expr","locations":[{"start":{"line":119,"column":68},"end":{"line":119,"column":83}},{"start":{"line":119,"column":83},"end":{"line":119,"column":85}}],"line":119},"33":{"loc":{"start":{"line":119,"column":35},"end":{"line":119,"column":68}},"type":"binary-expr","locations":[{"start":{"line":119,"column":35},"end":{"line":119,"column":52}},{"start":{"line":119,"column":52},"end":{"line":119,"column":68}}],"line":119},"34":{"loc":{"start":{"line":126,"column":27},"end":{"line":126,"column":68}},"type":"cond-expr","locations":[{"start":{"line":126,"column":44},"end":{"line":126,"column":63}},{"start":{"line":126,"column":63},"end":{"line":126,"column":68}}],"line":126},"35":{"loc":{"start":{"line":129,"column":9},"end":{"line":135,"column":null}},"type":"binary-expr","locations":[{"start":{"line":129,"column":9},"end":{"line":129,"column":null}},{"start":{"line":130,"column":10},"end":{"line":135,"column":null}}],"line":129},"36":{"loc":{"start":{"line":139,"column":7},"end":{"line":148,"column":null}},"type":"binary-expr","locations":[{"start":{"line":139,"column":7},"end":{"line":139,"column":null}},{"start":{"line":140,"column":8},"end":{"line":148,"column":null}}],"line":139},"37":{"loc":{"start":{"line":151,"column":44},"end":{"line":151,"column":79}},"type":"cond-expr","locations":[{"start":{"line":151,"column":60},"end":{"line":151,"column":70}},{"start":{"line":151,"column":70},"end":{"line":151,"column":79}}],"line":151},"38":{"loc":{"start":{"line":152,"column":9},"end":{"line":160,"column":null}},"type":"cond-expr","locations":[{"start":{"line":153,"column":12},"end":{"line":153,"column":null}},{"start":{"line":154,"column":12},"end":{"line":160,"column":null}}],"line":152},"39":{"loc":{"start":{"line":154,"column":12},"end":{"line":160,"column":null}},"type":"cond-expr","locations":[{"start":{"line":155,"column":14},"end":{"line":155,"column":null}},{"start":{"line":156,"column":14},"end":{"line":160,"column":null}}],"line":154},"40":{"loc":{"start":{"line":156,"column":14},"end":{"line":160,"column":null}},"type":"cond-expr","locations":[{"start":{"line":157,"column":16},"end":{"line":157,"column":null}},{"start":{"line":158,"column":16},"end":{"line":160,"column":null}}],"line":156},"41":{"loc":{"start":{"line":156,"column":14},"end":{"line":156,"column":null}},"type":"binary-expr","locations":[{"start":{"line":156,"column":14},"end":{"line":156,"column":31}},{"start":{"line":156,"column":31},"end":{"line":156,"column":null}}],"line":156},"42":{"loc":{"start":{"line":158,"column":16},"end":{"line":160,"column":null}},"type":"cond-expr","locations":[{"start":{"line":159,"column":18},"end":{"line":159,"column":null}},{"start":{"line":160,"column":18},"end":{"line":160,"column":null}}],"line":158},"43":{"loc":{"start":{"line":158,"column":16},"end":{"line":158,"column":null}},"type":"binary-expr","locations":[{"start":{"line":158,"column":16},"end":{"line":158,"column":33}},{"start":{"line":158,"column":33},"end":{"line":158,"column":null}}],"line":158}},"s":{"0":9,"1":9,"2":9,"3":9,"4":9,"5":0,"6":9,"7":0,"8":9,"9":9,"10":0,"11":0,"12":0,"13":0,"14":0,"15":0,"16":9,"17":9,"18":9,"19":6,"20":3,"21":0,"22":3,"23":3,"24":0,"25":0,"26":0,"27":0,"28":0,"29":9,"30":9,"31":6,"32":3,"33":0,"34":3,"35":3,"36":0,"37":0,"38":0,"39":0,"40":0,"41":9,"42":0,"43":9,"44":9,"45":5,"46":4,"47":9,"48":18,"49":5,"50":13,"51":9,"52":0,"53":0,"54":0},"f":{"0":9,"1":9,"2":9,"3":9,"4":0,"5":9,"6":18,"7":0,"8":0},"b":{"0":[9,9],"1":[0,9],"2":[0,9],"3":[9,0],"4":[9,9],"5":[0,0],"6":[0,0],"7":[0,0],"8":[0,0],"9":[0,0],"10":[6,3],"11":[0,3],"12":[3,0],"13":[3,3],"14":[0,0],"15":[0,0],"16":[0,0],"17":[6,3],"18":[0,3],"19":[3,0],"20":[3,3],"21":[0,0],"22":[0,0],"23":[0,0],"24":[5,4],"25":[5,13],"26":[9,3],"27":[3,0],"28":[3,3],"29":[0,3],"30":[3,0],"31":[0,9],"32":[9,0],"33":[9,9],"34":[0,9],"35":[9,4],"36":[9,0],"37":[9,0],"38":[6,3],"39":[0,3],"40":[3,0],"41":[3,3],"42":[0,0],"43":[0,0]},"meta":{"lastBranch":44,"lastFunction":9,"lastStatement":55,"seen":{"f:14:16:14:22":0,"s:15:16:15:Infinity":0,"s:16:25:16:Infinity":1,"b:16:25:16:62:16:62:16:Infinity":0,"s:18:24:27:Infinity":2,"f:18:24:18:30":1,"s:19:20:19:Infinity":3,"b:20:4:20:Infinity:undefined:undefined:undefined:undefined":1,"s:20:4:20:Infinity":4,"s:20:20:20:Infinity":5,"b:21:4:25:Infinity:21:37:25:Infinity":2,"s:21:4:25:Infinity":6,"s:21:24:21:Infinity":7,"b:21:37:25:Infinity:22:58:25:Infinity":3,"s:21:37:25:Infinity":8,"b:22:13:22:30:22:30:22:45":4,"s:22:45:22:Infinity":9,"b:22:58:25:Infinity:23:59:25:Infinity":5,"s:22:58:25:Infinity":10,"b:23:13:23:30:23:30:23:46":6,"s:23:46:23:Infinity":11,"b:23:59:25:Infinity:24:61:25:Infinity":7,"s:23:59:25:Infinity":12,"b:24:13:24:31:24:31:24:48":8,"s:24:48:24:Infinity":13,"b:24:61:25:Infinity:undefined:undefined:undefined:undefined":9,"s:24:61:25:Infinity":14,"s:25:29:25:Infinity":15,"s:26:4:26:Infinity":16,"s:29:25:36:Infinity":17,"f:29:25:29:31":2,"b:30:4:30:Infinity:undefined:undefined:undefined:undefined":10,"s:30:4:30:Infinity":18,"s:30:27:30:Infinity":19,"b:31:4:31:Infinity:undefined:undefined:undefined:undefined":11,"s:31:4:31:Infinity":20,"s:31:24:31:Infinity":21,"b:32:4:32:Infinity:undefined:undefined:undefined:undefined":12,"s:32:4:32:Infinity":22,"b:32:8:32:25:32:25:32:40":13,"s:32:40:32:Infinity":23,"b:33:4:33:Infinity:undefined:undefined:undefined:undefined":14,"s:33:4:33:Infinity":24,"b:33:8:33:25:33:25:33:41":15,"s:33:41:33:Infinity":25,"b:34:4:34:Infinity:undefined:undefined:undefined:undefined":16,"s:34:4:34:Infinity":26,"s:34:24:34:Infinity":27,"s:35:4:35:Infinity":28,"s:38:25:45:Infinity":29,"f:38:25:38:31":3,"b:39:4:39:Infinity:undefined:undefined:undefined:undefined":17,"s:39:4:39:Infinity":30,"s:39:27:39:Infinity":31,"b:40:4:40:Infinity:undefined:undefined:undefined:undefined":18,"s:40:4:40:Infinity":32,"s:40:24:40:Infinity":33,"b:41:4:41:Infinity:undefined:undefined:undefined:undefined":19,"s:41:4:41:Infinity":34,"b:41:8:41:25:41:25:41:40":20,"s:41:40:41:Infinity":35,"b:42:4:42:Infinity:undefined:undefined:undefined:undefined":21,"s:42:4:42:Infinity":36,"b:42:8:42:25:42:25:42:41":22,"s:42:41:42:Infinity":37,"b:43:4:43:Infinity:undefined:undefined:undefined:undefined":23,"s:43:4:43:Infinity":38,"s:43:24:43:Infinity":39,"s:44:4:44:Infinity":40,"s:47:27:49:Infinity":41,"f:47:27:47:28":4,"s:48:4:48:Infinity":42,"s:51:21:56:Infinity":43,"f:51:21:51:27":5,"b:52:4:54:Infinity:undefined:undefined:undefined:undefined":24,"s:52:4:54:Infinity":44,"s:53:6:53:Infinity":45,"s:55:4:55:Infinity":46,"s:58:21:63:Infinity":47,"f:58:21:58:22":6,"b:59:4:61:Infinity:undefined:undefined:undefined:undefined":25,"s:59:4:61:Infinity":48,"s:60:6:60:Infinity":49,"s:62:4:62:Infinity":50,"s:65:2:162:Infinity":51,"b:72:9:72:Infinity:73:10:82:Infinity":26,"b:74:54:74:64:74:64:74:66":27,"f:75:21:75:22":7,"s:76:14:76:Infinity":52,"s:77:14:77:Infinity":53,"b:79:22:79:40:79:40:79:Infinity":28,"b:81:30:81:64:81:64:81:Infinity":29,"b:81:80:81:92:81:92:81:Infinity":30,"b:100:12:106:Infinity:108:12:108:Infinity":31,"f:103:23:103:24":8,"s:103:30:103:Infinity":54,"b:119:68:119:83:119:83:119:85":32,"b:119:35:119:52:119:52:119:68":33,"b:126:44:126:63:126:63:126:68":34,"b:129:9:129:Infinity:130:10:135:Infinity":35,"b:139:7:139:Infinity:140:8:148:Infinity":36,"b:151:60:151:70:151:70:151:79":37,"b:153:12:153:Infinity:154:12:160:Infinity":38,"b:155:14:155:Infinity:156:14:160:Infinity":39,"b:157:16:157:Infinity:158:16:160:Infinity":40,"b:156:14:156:31:156:31:156:Infinity":41,"b:159:18:159:Infinity:160:18:160:Infinity":42,"b:158:16:158:33:158:33:158:Infinity":43}}}
,"C:\\Users\\Florian Jäger\\Documents\\Blockchain-Visualizer\\src\\components\\BlockVisualization3D.css": {"path":"C:\\Users\\Florian Jäger\\Documents\\Blockchain-Visualizer\\src\\components\\BlockVisualization3D.css","statementMap":{},"fnMap":{},"branchMap":{},"s":{},"f":{},"b":{},"meta":{"lastBranch":0,"lastFunction":0,"lastStatement":0,"seen":{}}}
,"C:\\Users\\Florian Jäger\\Documents\\Blockchain-Visualizer\\src\\components\\BlockVisualization3D.tsx": {"path":"C:\\Users\\Florian Jäger\\Documents\\Blockchain-Visualizer\\src\\components\\BlockVisualization3D.tsx","statementMap":{"0":{"start":{"line":6,"column":16},"end":{"line":6,"column":null}},"1":{"start":{"line":8,"column":24},"end":{"line":15,"column":null}},"2":{"start":{"line":9,"column":20},"end":{"line":9,"column":null}},"3":{"start":{"line":10,"column":4},"end":{"line":13,"column":null}},"4":{"start":{"line":10,"column":24},"end":{"line":10,"column":null}},"5":{"start":{"line":10,"column":37},"end":{"line":13,"column":null}},"6":{"start":{"line":11,"column":45},"end":{"line":11,"column":null}},"7":{"start":{"line":11,"column":58},"end":{"line":13,"column":null}},"8":{"start":{"line":12,"column":46},"end":{"line":12,"column":null}},"9":{"start":{"line":12,"column":59},"end":{"line":13,"column":null}},"10":{"start":{"line":13,"column":42},"end":{"line":13,"column":null}},"11":{"start":{"line":14,"column":4},"end":{"line":14,"column":null}},"12":{"start":{"line":17,"column":26},"end":{"line":20,"column":null}},"13":{"start":{"line":18,"column":17},"end":{"line":18,"column":null}},"14":{"start":{"line":19,"column":4},"end":{"line":19,"column":null}},"15":{"start":{"line":22,"column":2},"end":{"line":73,"column":null}},"16":{"start":{"line":32,"column":12},"end":{"line":69,"column":null}}},"fnMap":{"0":{"name":"BlockVisualization3D","decl":{"start":{"line":5,"column":16},"end":{"line":5,"column":39}},"loc":{"start":{"line":5,"column":39},"end":{"line":75,"column":null}},"line":5},"1":{"name":"(anonymous_1)","decl":{"start":{"line":8,"column":24},"end":{"line":8,"column":25}},"loc":{"start":{"line":8,"column":57},"end":{"line":15,"column":null}},"line":8},"2":{"name":"(anonymous_2)","decl":{"start":{"line":17,"column":26},"end":{"line":17,"column":27}},"loc":{"start":{"line":17,"column":44},"end":{"line":20,"column":null}},"line":17},"3":{"name":"(anonymous_3)","decl":{"start":{"line":31,"column":28},"end":{"line":31,"column":29}},"loc":{"start":{"line":32,"column":12},"end":{"line":69,"column":null}},"line":32}},"branchMap":{"0":{"loc":{"start":{"line":10,"column":4},"end":{"line":13,"column":null}},"type":"if","locations":[{"start":{"line":10,"column":4},"end":{"line":13,"column":null}},{"start":{"line":10,"column":37},"end":{"line":13,"column":null}}],"line":10},"1":{"loc":{"start":{"line":10,"column":37},"end":{"line":13,"column":null}},"type":"if","locations":[{"start":{"line":10,"column":37},"end":{"line":13,"column":null}},{"start":{"line":11,"column":58},"end":{"line":13,"column":null}}],"line":10},"2":{"loc":{"start":{"line":11,"column":13},"end":{"line":11,"column":45}},"type":"binary-expr","locations":[{"start":{"line":11,"column":13},"end":{"line":11,"column":30}},{"start":{"line":11,"column":30},"end":{"line":11,"column":45}}],"line":11},"3":{"loc":{"start":{"line":11,"column":58},"end":{"line":13,"column":null}},"type":"if","locations":[{"start":{"line":11,"column":58},"end":{"line":13,"column":null}},{"start":{"line":12,"column":59},"end":{"line":13,"column":null}}],"line":11},"4":{"loc":{"start":{"line":12,"column":13},"end":{"line":12,"column":46}},"type":"binary-expr","locations":[{"start":{"line":12,"column":13},"end":{"line":12,"column":30}},{"start":{"line":12,"column":30},"end":{"line":12,"column":46}}],"line":12},"5":{"loc":{"start":{"line":12,"column":59},"end":{"line":13,"column":null}},"type":"if","locations":[{"start":{"line":12,"column":59},"end":{"line":13,"column":null}},{"start":{},"end":{}}],"line":12},"6":{"loc":{"start":{"line":13,"column":13},"end":{"line":13,"column":42}},"type":"binary-expr","locations":[{"start":{"line":13,"column":13},"end":{"line":13,"column":31}},{"start":{"line":13,"column":31},"end":{"line":13,"column":42}}],"line":13},"7":{"loc":{"start":{"line":18,"column":17},"end":{"line":18,"column":null}},"type":"cond-expr","locations":[{"start":{"line":18,"column":50},"end":{"line":18,"column":63}},{"start":{"line":18,"column":63},"end":{"line":18,"column":null}}],"line":18},"8":{"loc":{"start":{"line":19,"column":11},"end":{"line":19,"column":null}},"type":"cond-expr","locations":[{"start":{"line":19,"column":30},"end":{"line":19,"column":62}},{"start":{"line":19,"column":62},"end":{"line":19,"column":null}}],"line":19},"9":{"loc":{"start":{"line":38,"column":21},"end":{"line":46,"column":null}},"type":"cond-expr","locations":[{"start":{"line":39,"column":24},"end":{"line":39,"column":null}},{"start":{"line":40,"column":24},"end":{"line":46,"column":null}}],"line":38},"10":{"loc":{"start":{"line":40,"column":24},"end":{"line":46,"column":null}},"type":"cond-expr","locations":[{"start":{"line":41,"column":26},"end":{"line":41,"column":null}},{"start":{"line":42,"column":26},"end":{"line":46,"column":null}}],"line":40},"11":{"loc":{"start":{"line":42,"column":26},"end":{"line":46,"column":null}},"type":"cond-expr","locations":[{"start":{"line":43,"column":28},"end":{"line":43,"column":null}},{"start":{"line":44,"column":28},"end":{"line":46,"column":null}}],"line":42},"12":{"loc":{"start":{"line":42,"column":26},"end":{"line":42,"column":null}},"type":"binary-expr","locations":[{"start":{"line":42,"column":26},"end":{"line":42,"column":43}},{"start":{"line":42,"column":43},"end":{"line":42,"column":null}}],"line":42},"13":{"loc":{"start":{"line":44,"column":28},"end":{"line":46,"column":null}},"type":"cond-expr","locations":[{"start":{"line":45,"column":30},"end":{"line":45,"column":null}},{"start":{"line":46,"column":30},"end":{"line":46,"column":null}}],"line":44},"14":{"loc":{"start":{"line":44,"column":28},"end":{"line":44,"column":null}},"type":"binary-expr","locations":[{"start":{"line":44,"column":28},"end":{"line":44,"column":45}},{"start":{"line":44,"column":45},"end":{"line":44,"column":null}}],"line":44},"15":{"loc":{"start":{"line":58,"column":15},"end":{"line":67,"column":null}},"type":"binary-expr","locations":[{"start":{"line":58,"column":15},"end":{"line":58,"column":null}},{"start":{"line":59,"column":16},"end":{"line":67,"column":null}}],"line":58},"16":{"loc":{"start":{"line":61,"column":20},"end":{"line":63,"column":null}},"type":"cond-expr","locations":[{"start":{"line":62,"column":24},"end":{"line":62,"column":null}},{"start":{"line":63,"column":24},"end":{"line":63,"column":null}}],"line":61}},"s":{"0":5,"1":5,"2":5,"3":5,"4":0,"5":5,"6":5,"7":0,"8":0,"9":0,"10":0,"11":5,"12":5,"13":5,"14":5,"15":5,"16":5},"f":{"0":5,"1":5,"2":5,"3":5},"b":{"0":[0,5],"1":[5,0],"2":[5,5],"3":[0,0],"4":[0,0],"5":[0,0],"6":[0,0],"7":[5,0],"8":[0,5],"9":[5,0],"10":[0,0],"11":[0,0],"12":[0,0],"13":[0,0],"14":[0,0],"15":[5,0],"16":[0,0]},"meta":{"lastBranch":17,"lastFunction":4,"lastStatement":17,"seen":{"f:5:16:5:39":0,"s:6:16:6:Infinity":0,"s:8:24:15:Infinity":1,"f:8:24:8:25":1,"s:9:20:9:Infinity":2,"b:10:4:13:Infinity:10:37:13:Infinity":0,"s:10:4:13:Infinity":3,"s:10:24:10:Infinity":4,"b:10:37:13:Infinity:11:58:13:Infinity":1,"s:10:37:13:Infinity":5,"b:11:13:11:30:11:30:11:45":2,"s:11:45:11:Infinity":6,"b:11:58:13:Infinity:12:59:13:Infinity":3,"s:11:58:13:Infinity":7,"b:12:13:12:30:12:30:12:46":4,"s:12:46:12:Infinity":8,"b:12:59:13:Infinity:undefined:undefined:undefined:undefined":5,"s:12:59:13:Infinity":9,"b:13:13:13:31:13:31:13:42":6,"s:13:42:13:Infinity":10,"s:14:4:14:Infinity":11,"s:17:26:20:Infinity":12,"f:17:26:17:27":2,"s:18:17:18:Infinity":13,"b:18:50:18:63:18:63:18:Infinity":7,"s:19:4:19:Infinity":14,"b:19:30:19:62:19:62:19:Infinity":8,"s:22:2:73:Infinity":15,"f:31:28:31:29":3,"s:32:12:69:Infinity":16,"b:39:24:39:Infinity:40:24:46:Infinity":9,"b:41:26:41:Infinity:42:26:46:Infinity":10,"b:43:28:43:Infinity:44:28:46:Infinity":11,"b:42:26:42:43:42:43:42:Infinity":12,"b:45:30:45:Infinity:46:30:46:Infinity":13,"b:44:28:44:45:44:45:44:Infinity":14,"b:58:15:58:Infinity:59:16:67:Infinity":15,"b:62:24:62:Infinity:63:24:63:Infinity":16}}}
,"C:\\Users\\Florian Jäger\\Documents\\Blockchain-Visualizer\\src\\components\\BlockchainVisualization.css": {"path":"C:\\Users\\Florian Jäger\\Documents\\Blockchain-Visualizer\\src\\components\\BlockchainVisualization.css","statementMap":{},"fnMap":{},"branchMap":{},"s":{},"f":{},"b":{},"meta":{"lastBranch":0,"lastFunction":0,"lastStatement":0,"seen":{}}}
,"C:\\Users\\Florian Jäger\\Documents\\Blockchain-Visualizer\\src\\components\\BlockchainVisualization.tsx": {"path":"C:\\Users\\Florian Jäger\\Documents\\Blockchain-Visualizer\\src\\components\\BlockchainVisualization.tsx","statementMap":{"0":{"start":{"line":7,"column":57},"end":{"line":7,"column":null}},"1":{"start":{"line":9,"column":28},"end":{"line":11,"column":null}},"2":{"start":{"line":10,"column":4},"end":{"line":10,"column":null}},"3":{"start":{"line":13,"column":26},"end":{"line":15,"column":null}},"4":{"start":{"line":14,"column":4},"end":{"line":14,"column":null}},"5":{"start":{"line":17,"column":32},"end":{"line":19,"column":null}},"6":{"start":{"line":18,"column":4},"end":{"line":18,"column":null}},"7":{"start":{"line":21,"column":2},"end":{"line":64,"column":null}},"8":{"start":{"line":39,"column":10},"end":{"line":61,"column":null}},"9":{"start":{"line":43,"column":30},"end":{"line":43,"column":null}},"10":{"start":{"line":44,"column":28},"end":{"line":44,"column":null}},"11":{"start":{"line":45,"column":38},"end":{"line":45,"column":null}}},"fnMap":{"0":{"name":"BlockchainVisualization","decl":{"start":{"line":6,"column":16},"end":{"line":6,"column":42}},"loc":{"start":{"line":6,"column":42},"end":{"line":66,"column":null}},"line":6},"1":{"name":"(anonymous_1)","decl":{"start":{"line":9,"column":28},"end":{"line":9,"column":29}},"loc":{"start":{"line":9,"column":52},"end":{"line":11,"column":null}},"line":9},"2":{"name":"(anonymous_2)","decl":{"start":{"line":13,"column":26},"end":{"line":13,"column":27}},"loc":{"start":{"line":13,"column":50},"end":{"line":15,"column":null}},"line":13},"3":{"name":"(anonymous_3)","decl":{"start":{"line":17,"column":32},"end":{"line":17,"column":33}},"loc":{"start":{"line":17,"column":70},"end":{"line":19,"column":null}},"line":17},"4":{"name":"(anonymous_4)","decl":{"start":{"line":38,"column":26},"end":{"line":38,"column":27}},"loc":{"start":{"line":39,"column":10},"end":{"line":61,"column":null}},"line":39},"5":{"name":"(anonymous_5)","decl":{"start":{"line":43,"column":24},"end":{"line":43,"column":30}},"loc":{"start":{"line":43,"column":30},"end":{"line":43,"column":null}},"line":43},"6":{"name":"(anonymous_6)","decl":{"start":{"line":44,"column":22},"end":{"line":44,"column":28}},"loc":{"start":{"line":44,"column":28},"end":{"line":44,"column":null}},"line":44},"7":{"name":"(anonymous_7)","decl":{"start":{"line":45,"column":28},"end":{"line":45,"column":29}},"loc":{"start":{"line":45,"column":38},"end":{"line":45,"column":null}},"line":45}},"branchMap":{"0":{"loc":{"start":{"line":10,"column":16},"end":{"line":10,"column":70}},"type":"cond-expr","locations":[{"start":{"line":10,"column":53},"end":{"line":10,"column":60}},{"start":{"line":10,"column":60},"end":{"line":10,"column":70}}],"line":10},"1":{"loc":{"start":{"line":25,"column":40},"end":{"line":25,"column":80}},"type":"cond-expr","locations":[{"start":{"line":25,"column":61},"end":{"line":25,"column":71}},{"start":{"line":25,"column":71},"end":{"line":25,"column":80}}],"line":25},"2":{"loc":{"start":{"line":26,"column":11},"end":{"line":26,"column":null}},"type":"cond-expr","locations":[{"start":{"line":26,"column":32},"end":{"line":26,"column":50}},{"start":{"line":26,"column":50},"end":{"line":26,"column":null}}],"line":26},"3":{"loc":{"start":{"line":30,"column":7},"end":{"line":34,"column":null}},"type":"binary-expr","locations":[{"start":{"line":30,"column":7},"end":{"line":30,"column":null}},{"start":{"line":31,"column":8},"end":{"line":34,"column":null}}],"line":30},"4":{"loc":{"start":{"line":47,"column":13},"end":{"line":59,"column":null}},"type":"binary-expr","locations":[{"start":{"line":47,"column":13},"end":{"line":47,"column":null}},{"start":{"line":48,"column":14},"end":{"line":59,"column":null}}],"line":47},"5":{"loc":{"start":{"line":50,"column":18},"end":{"line":50,"column":null}},"type":"cond-expr","locations":[{"start":{"line":50,"column":72},"end":{"line":50,"column":86}},{"start":{"line":50,"column":86},"end":{"line":50,"column":null}}],"line":50},"6":{"loc":{"start":{"line":55,"column":19},"end":{"line":57,"column":null}},"type":"cond-expr","locations":[{"start":{"line":56,"column":22},"end":{"line":56,"column":null}},{"start":{"line":57,"column":22},"end":{"line":57,"column":null}}],"line":55}},"s":{"0":5,"1":5,"2":0,"3":5,"4":0,"5":5,"6":0,"7":5,"8":5,"9":0,"10":0,"11":0},"f":{"0":5,"1":0,"2":0,"3":0,"4":5,"5":0,"6":0,"7":0},"b":{"0":[0,0],"1":[5,0],"2":[5,0],"3":[5,0],"4":[5,0],"5":[0,0],"6":[0,0]},"meta":{"lastBranch":7,"lastFunction":8,"lastStatement":12,"seen":{"f:6:16:6:42":0,"s:7:57:7:Infinity":0,"s:9:28:11:Infinity":1,"f:9:28:9:29":1,"s:10:4:10:Infinity":2,"b:10:53:10:60:10:60:10:70":0,"s:13:26:15:Infinity":3,"f:13:26:13:27":2,"s:14:4:14:Infinity":4,"s:17:32:19:Infinity":5,"f:17:32:17:33":3,"s:18:4:18:Infinity":6,"s:21:2:64:Infinity":7,"b:25:61:25:71:25:71:25:80":1,"b:26:32:26:50:26:50:26:Infinity":2,"b:30:7:30:Infinity:31:8:34:Infinity":3,"f:38:26:38:27":4,"s:39:10:61:Infinity":8,"f:43:24:43:30":5,"s:43:30:43:Infinity":9,"f:44:22:44:28":6,"s:44:28:44:Infinity":10,"f:45:28:45:29":7,"s:45:38:45:Infinity":11,"b:47:13:47:Infinity:48:14:59:Infinity":4,"b:50:72:50:86:50:86:50:Infinity":5,"b:56:22:56:Infinity:57:22:57:Infinity":6}}}
,"C:\\Users\\Florian Jäger\\Documents\\Blockchain-Visualizer\\src\\components\\ControlPanel.css": {"path":"C:\\Users\\Florian Jäger\\Documents\\Blockchain-Visualizer\\src\\components\\ControlPanel.css","statementMap":{},"fnMap":{},"branchMap":{},"s":{},"f":{},"b":{},"meta":{"lastBranch":0,"lastFunction":0,"lastStatement":0,"seen":{}}}
,"C:\\Users\\Florian Jäger\\Documents\\Blockchain-Visualizer\\src\\components\\ControlPanel.tsx": {"path":"C:\\Users\\Florian Jäger\\Documents\\Blockchain-Visualizer\\src\\components\\ControlPanel.tsx","statementMap":{"0":{"start":{"line":8,"column":53},"end":{"line":8,"column":null}},"1":{"start":{"line":9,"column":38},"end":{"line":9,"column":null}},"2":{"start":{"line":10,"column":30},"end":{"line":10,"column":null}},"3":{"start":{"line":11,"column":38},"end":{"line":11,"column":null}},"4":{"start":{"line":12,"column":42},"end":{"line":16,"column":null}},"5":{"start":{"line":18,"column":25},"end":{"line":26,"column":null}},"6":{"start":{"line":19,"column":4},"end":{"line":25,"column":null}},"7":{"start":{"line":20,"column":6},"end":{"line":20,"column":null}},"8":{"start":{"line":21,"column":6},"end":{"line":21,"column":null}},"9":{"start":{"line":22,"column":4},"end":{"line":25,"column":null}},"10":{"start":{"line":23,"column":6},"end":{"line":23,"column":null}},"11":{"start":{"line":24,"column":6},"end":{"line":24,"column":null}},"12":{"start":{"line":28,"column":31},"end":{"line":38,"column":null}},"13":{"start":{"line":29,"column":4},"end":{"line":37,"column":null}},"14":{"start":{"line":30,"column":26},"end":{"line":34,"column":null}},"15":{"start":{"line":35,"column":6},"end":{"line":35,"column":null}},"16":{"start":{"line":36,"column":6},"end":{"line":36,"column":null}},"17":{"start":{"line":40,"column":28},"end":{"line":42,"column":null}},"18":{"start":{"line":41,"column":4},"end":{"line":41,"column":null}},"19":{"start":{"line":41,"column":50},"end":{"line":41,"column":61}},"20":{"start":{"line":44,"column":2},"end":{"line":181,"column":null}},"21":{"start":{"line":56,"column":29},"end":{"line":56,"column":null}},"22":{"start":{"line":73,"column":31},"end":{"line":73,"column":null}},"23":{"start":{"line":82,"column":31},"end":{"line":82,"column":null}},"24":{"start":{"line":92,"column":31},"end":{"line":92,"column":null}},"25":{"start":{"line":111,"column":33},"end":{"line":111,"column":null}},"26":{"start":{"line":117,"column":33},"end":{"line":117,"column":null}},"27":{"start":{"line":124,"column":18},"end":{"line":124,"column":null}},"28":{"start":{"line":142,"column":18},"end":{"line":147,"column":null}},"29":{"start":{"line":146,"column":43},"end":{"line":146,"column":69}},"30":{"start":{"line":166,"column":59},"end":{"line":166,"column":68}},"31":{"start":{"line":167,"column":53},"end":{"line":167,"column":63}}},"fnMap":{"0":{"name":"ControlPanel","decl":{"start":{"line":7,"column":16},"end":{"line":7,"column":31}},"loc":{"start":{"line":7,"column":31},"end":{"line":183,"column":null}},"line":7},"1":{"name":"(anonymous_1)","decl":{"start":{"line":18,"column":25},"end":{"line":18,"column":31}},"loc":{"start":{"line":18,"column":31},"end":{"line":26,"column":null}},"line":18},"2":{"name":"(anonymous_2)","decl":{"start":{"line":28,"column":31},"end":{"line":28,"column":37}},"loc":{"start":{"line":28,"column":37},"end":{"line":38,"column":null}},"line":28},"3":{"name":"(anonymous_3)","decl":{"start":{"line":40,"column":28},"end":{"line":40,"column":29}},"loc":{"start":{"line":40,"column":47},"end":{"line":42,"column":null}},"line":40},"4":{"name":"(anonymous_4)","decl":{"start":{"line":41,"column":40},"end":{"line":41,"column":41}},"loc":{"start":{"line":41,"column":50},"end":{"line":41,"column":61}},"line":41},"5":{"name":"(anonymous_5)","decl":{"start":{"line":56,"column":22},"end":{"line":56,"column":23}},"loc":{"start":{"line":56,"column":29},"end":{"line":56,"column":null}},"line":56},"6":{"name":"(anonymous_6)","decl":{"start":{"line":73,"column":24},"end":{"line":73,"column":25}},"loc":{"start":{"line":73,"column":31},"end":{"line":73,"column":null}},"line":73},"7":{"name":"(anonymous_7)","decl":{"start":{"line":82,"column":24},"end":{"line":82,"column":25}},"loc":{"start":{"line":82,"column":31},"end":{"line":82,"column":null}},"line":82},"8":{"name":"(anonymous_8)","decl":{"start":{"line":92,"column":24},"end":{"line":92,"column":25}},"loc":{"start":{"line":92,"column":31},"end":{"line":92,"column":null}},"line":92},"9":{"name":"(anonymous_9)","decl":{"start":{"line":111,"column":26},"end":{"line":111,"column":27}},"loc":{"start":{"line":111,"column":33},"end":{"line":111,"column":null}},"line":111},"10":{"name":"(anonymous_10)","decl":{"start":{"line":117,"column":26},"end":{"line":117,"column":27}},"loc":{"start":{"line":117,"column":33},"end":{"line":117,"column":null}},"line":117},"11":{"name":"(anonymous_11)","decl":{"start":{"line":123,"column":26},"end":{"line":123,"column":27}},"loc":{"start":{"line":124,"column":18},"end":{"line":124,"column":null}},"line":124},"12":{"name":"(anonymous_12)","decl":{"start":{"line":141,"column":34},"end":{"line":141,"column":35}},"loc":{"start":{"line":142,"column":18},"end":{"line":147,"column":null}},"line":142},"13":{"name":"(anonymous_13)","decl":{"start":{"line":146,"column":37},"end":{"line":146,"column":43}},"loc":{"start":{"line":146,"column":43},"end":{"line":146,"column":69}},"line":146},"14":{"name":"(anonymous_14)","decl":{"start":{"line":166,"column":52},"end":{"line":166,"column":53}},"loc":{"start":{"line":166,"column":59},"end":{"line":166,"column":68}},"line":166},"15":{"name":"(anonymous_15)","decl":{"start":{"line":167,"column":46},"end":{"line":167,"column":47}},"loc":{"start":{"line":167,"column":53},"end":{"line":167,"column":63}},"line":167}},"branchMap":{"0":{"loc":{"start":{"line":19,"column":4},"end":{"line":25,"column":null}},"type":"if","locations":[{"start":{"line":19,"column":4},"end":{"line":25,"column":null}},{"start":{"line":22,"column":4},"end":{"line":25,"column":null}}],"line":19},"1":{"loc":{"start":{"line":19,"column":8},"end":{"line":19,"column":52}},"type":"binary-expr","locations":[{"start":{"line":19,"column":8},"end":{"line":19,"column":31}},{"start":{"line":19,"column":31},"end":{"line":19,"column":52}}],"line":19},"2":{"loc":{"start":{"line":22,"column":4},"end":{"line":25,"column":null}},"type":"if","locations":[{"start":{"line":22,"column":4},"end":{"line":25,"column":null}},{"start":{},"end":{}}],"line":22},"3":{"loc":{"start":{"line":22,"column":15},"end":{"line":22,"column":71}},"type":"binary-expr","locations":[{"start":{"line":22,"column":15},"end":{"line":22,"column":46}},{"start":{"line":22,"column":46},"end":{"line":22,"column":71}}],"line":22},"4":{"loc":{"start":{"line":29,"column":4},"end":{"line":37,"column":null}},"type":"if","locations":[{"start":{"line":29,"column":4},"end":{"line":37,"column":null}},{"start":{},"end":{}}],"line":29},"5":{"loc":{"start":{"line":29,"column":8},"end":{"line":29,"column":79}},"type":"binary-expr","locations":[{"start":{"line":29,"column":8},"end":{"line":29,"column":31}},{"start":{"line":29,"column":31},"end":{"line":29,"column":52}},{"start":{"line":29,"column":52},"end":{"line":29,"column":79}}],"line":29},"6":{"loc":{"start":{"line":88,"column":9},"end":{"line":154,"column":null}},"type":"cond-expr","locations":[{"start":{"line":89,"column":10},"end":{"line":103,"column":null}},{"start":{"line":105,"column":10},"end":{"line":154,"column":null}}],"line":88},"7":{"loc":{"start":{"line":122,"column":23},"end":{"line":122,"column":null}},"type":"binary-expr","locations":[{"start":{"line":122,"column":23},"end":{"line":122,"column":48}},{"start":{"line":122,"column":48},"end":{"line":122,"column":null}}],"line":122},"8":{"loc":{"start":{"line":124,"column":65},"end":{"line":124,"column":97}},"type":"binary-expr","locations":[{"start":{"line":124,"column":65},"end":{"line":124,"column":95}},{"start":{"line":124,"column":95},"end":{"line":124,"column":97}}],"line":124},"9":{"loc":{"start":{"line":131,"column":26},"end":{"line":131,"column":null}},"type":"binary-expr","locations":[{"start":{"line":131,"column":26},"end":{"line":131,"column":50}},{"start":{"line":131,"column":50},"end":{"line":131,"column":72}},{"start":{"line":131,"column":72},"end":{"line":131,"column":null}}],"line":131},"10":{"loc":{"start":{"line":138,"column":13},"end":{"line":152,"column":null}},"type":"binary-expr","locations":[{"start":{"line":138,"column":13},"end":{"line":138,"column":null}},{"start":{"line":139,"column":14},"end":{"line":152,"column":null}}],"line":138},"11":{"loc":{"start":{"line":175,"column":41},"end":{"line":175,"column":81}},"type":"cond-expr","locations":[{"start":{"line":175,"column":62},"end":{"line":175,"column":72}},{"start":{"line":175,"column":72},"end":{"line":175,"column":81}}],"line":175},"12":{"loc":{"start":{"line":176,"column":29},"end":{"line":176,"column":null}},"type":"cond-expr","locations":[{"start":{"line":176,"column":50},"end":{"line":176,"column":60}},{"start":{"line":176,"column":60},"end":{"line":176,"column":null}}],"line":176}},"s":{"0":12,"1":12,"2":12,"3":12,"4":12,"5":12,"6":0,"7":0,"8":0,"9":0,"10":0,"11":0,"12":12,"13":0,"14":0,"15":0,"16":0,"17":12,"18":0,"19":0,"20":12,"21":1,"22":0,"23":0,"24":0,"25":0,"26":0,"27":0,"28":0,"29":0,"30":12,"31":12},"f":{"0":12,"1":0,"2":0,"3":0,"4":0,"5":1,"6":0,"7":0,"8":0,"9":0,"10":0,"11":0,"12":0,"13":0,"14":12,"15":12},"b":{"0":[0,0],"1":[0,0],"2":[0,0],"3":[0,0],"4":[0,0],"5":[0,0,0],"6":[12,0],"7":[0,0],"8":[0,0],"9":[0,0,0],"10":[0,0],"11":[12,0],"12":[12,0]},"meta":{"lastBranch":13,"lastFunction":16,"lastStatement":32,"seen":{"f:7:16:7:31":0,"s:8:53:8:Infinity":0,"s:9:38:9:Infinity":1,"s:10:30:10:Infinity":2,"s:11:38:11:Infinity":3,"s:12:42:16:Infinity":4,"s:18:25:26:Infinity":5,"f:18:25:18:31":1,"b:19:4:25:Infinity:22:4:25:Infinity":0,"s:19:4:25:Infinity":6,"b:19:8:19:31:19:31:19:52":1,"s:20:6:20:Infinity":7,"s:21:6:21:Infinity":8,"b:22:4:25:Infinity:undefined:undefined:undefined:undefined":2,"s:22:4:25:Infinity":9,"b:22:15:22:46:22:46:22:71":3,"s:23:6:23:Infinity":10,"s:24:6:24:Infinity":11,"s:28:31:38:Infinity":12,"f:28:31:28:37":2,"b:29:4:37:Infinity:undefined:undefined:undefined:undefined":4,"s:29:4:37:Infinity":13,"b:29:8:29:31:29:31:29:52:29:52:29:79":5,"s:30:26:34:Infinity":14,"s:35:6:35:Infinity":15,"s:36:6:36:Infinity":16,"s:40:28:42:Infinity":17,"f:40:28:40:29":3,"s:41:4:41:Infinity":18,"f:41:40:41:41":4,"s:41:50:41:61":19,"s:44:2:181:Infinity":20,"f:56:22:56:23":5,"s:56:29:56:Infinity":21,"f:73:24:73:25":6,"s:73:31:73:Infinity":22,"f:82:24:82:25":7,"s:82:31:82:Infinity":23,"b:89:10:103:Infinity:105:10:154:Infinity":6,"f:92:24:92:25":8,"s:92:31:92:Infinity":24,"f:111:26:111:27":9,"s:111:33:111:Infinity":25,"f:117:26:117:27":10,"s:117:33:117:Infinity":26,"b:122:23:122:48:122:48:122:Infinity":7,"f:123:26:123:27":11,"s:124:18:124:Infinity":27,"b:124:65:124:95:124:95:124:97":8,"b:131:26:131:50:131:50:131:72:131:72:131:Infinity":9,"b:138:13:138:Infinity:139:14:152:Infinity":10,"f:141:34:141:35":12,"s:142:18:147:Infinity":28,"f:146:37:146:43":13,"s:146:43:146:69":29,"f:166:52:166:53":14,"s:166:59:166:68":30,"f:167:46:167:47":15,"s:167:53:167:63":31,"b:175:62:175:72:175:72:175:81":11,"b:176:50:176:60:176:60:176:Infinity":12}}}
,"C:\\Users\\Florian Jäger\\Documents\\Blockchain-Visualizer\\src\\components\\Footer.css": {"path":"C:\\Users\\Florian Jäger\\Documents\\Blockchain-Visualizer\\src\\components\\Footer.css","statementMap":{},"fnMap":{},"branchMap":{},"s":{},"f":{},"b":{},"meta":{"lastBranch":0,"lastFunction":0,"lastStatement":0,"seen":{}}}
,"C:\\Users\\Florian Jäger\\Documents\\Blockchain-Visualizer\\src\\components\\Footer.tsx": {"path":"C:\\Users\\Florian Jäger\\Documents\\Blockchain-Visualizer\\src\\components\\Footer.tsx","statementMap":{"0":{"start":{"line":4,"column":2},"end":{"line":55,"column":null}}},"fnMap":{"0":{"name":"Footer","decl":{"start":{"line":3,"column":16},"end":{"line":3,"column":25}},"loc":{"start":{"line":3,"column":25},"end":{"line":57,"column":null}},"line":3}},"branchMap":{},"s":{"0":5},"f":{"0":5},"b":{},"meta":{"lastBranch":0,"lastFunction":1,"lastStatement":1,"seen":{"f:3:16:3:25":0,"s:4:2:55:Infinity":0}}}
,"C:\\Users\\Florian Jäger\\Documents\\Blockchain-Visualizer\\src\\components\\SEO.tsx": {"path":"C:\\Users\\Florian Jäger\\Documents\\Blockchain-Visualizer\\src\\components\\SEO.tsx","statementMap":{"0":{"start":{"line":16,"column":2},"end":{"line":68,"column":null}}},"fnMap":{"0":{"name":"SEO","decl":{"start":{"line":10,"column":16},"end":{"line":10,"column":20}},"loc":{"start":{"line":15,"column":13},"end":{"line":70,"column":null}},"line":15}},"branchMap":{"0":{"loc":{"start":{"line":11,"column":2},"end":{"line":11,"column":null}},"type":"default-arg","locations":[{"start":{"line":11,"column":10},"end":{"line":11,"column":null}}],"line":11},"1":{"loc":{"start":{"line":12,"column":2},"end":{"line":12,"column":null}},"type":"default-arg","locations":[{"start":{"line":12,"column":16},"end":{"line":12,"column":null}}],"line":12},"2":{"loc":{"start":{"line":13,"column":2},"end":{"line":13,"column":null}},"type":"default-arg","locations":[{"start":{"line":13,"column":13},"end":{"line":13,"column":null}}],"line":13},"3":{"loc":{"start":{"line":14,"column":2},"end":{"line":14,"column":null}},"type":"default-arg","locations":[{"start":{"line":14,"column":8},"end":{"line":14,"column":null}}],"line":14}},"s":{"0":5},"f":{"0":5},"b":{"0":[5],"1":[5],"2":[5],"3":[5]},"meta":{"lastBranch":4,"lastFunction":1,"lastStatement":1,"seen":{"f:10:16:10:20":0,"b:11:10:11:Infinity":0,"b:12:16:12:Infinity":1,"b:13:13:13:Infinity":2,"b:14:8:14:Infinity":3,"s:16:2:68:Infinity":0}}}
,"C:\\Users\\Florian Jäger\\Documents\\Blockchain-Visualizer\\src\\context\\BlockchainContext.tsx": {"path":"C:\\Users\\Florian Jäger\\Documents\\Blockchain-Visualizer\\src\\context\\BlockchainContext.tsx","statementMap":{"0":{"start":{"line":28,"column":38},"end":{"line":34,"column":null}},"1":{"start":{"line":37,"column":2},"end":{"line":230,"column":null}},"2":{"start":{"line":39,"column":28},"end":{"line":39,"column":null}},"3":{"start":{"line":40,"column":23},"end":{"line":45,"column":null}},"4":{"start":{"line":48,"column":6},"end":{"line":54,"column":null}},"5":{"start":{"line":56,"column":24},"end":{"line":56,"column":null}},"6":{"start":{"line":57,"column":28},"end":{"line":71,"column":null}},"7":{"start":{"line":58,"column":8},"end":{"line":60,"column":null}},"8":{"start":{"line":59,"column":10},"end":{"line":59,"column":null}},"9":{"start":{"line":62,"column":28},"end":{"line":62,"column":null}},"10":{"start":{"line":64,"column":10},"end":{"line":65,"column":null}},"11":{"start":{"line":67,"column":8},"end":{"line":70,"column":null}},"12":{"start":{"line":73,"column":6},"end":{"line":79,"column":null}},"13":{"start":{"line":77,"column":38},"end":{"line":77,"column":64}},"14":{"start":{"line":83,"column":21},"end":{"line":85,"column":null}},"15":{"start":{"line":84,"column":8},"end":{"line":84,"column":null}},"16":{"start":{"line":87,"column":6},"end":{"line":94,"column":null}},"17":{"start":{"line":98,"column":6},"end":{"line":104,"column":null}},"18":{"start":{"line":108,"column":21},"end":{"line":110,"column":null}},"19":{"start":{"line":109,"column":8},"end":{"line":109,"column":null}},"20":{"start":{"line":113,"column":28},"end":{"line":127,"column":null}},"21":{"start":{"line":114,"column":8},"end":{"line":116,"column":null}},"22":{"start":{"line":115,"column":10},"end":{"line":115,"column":null}},"23":{"start":{"line":118,"column":28},"end":{"line":118,"column":null}},"24":{"start":{"line":120,"column":10},"end":{"line":121,"column":null}},"25":{"start":{"line":123,"column":8},"end":{"line":126,"column":null}},"26":{"start":{"line":129,"column":6},"end":{"line":137,"column":null}},"27":{"start":{"line":141,"column":6},"end":{"line":144,"column":null}},"28":{"start":{"line":148,"column":6},"end":{"line":151,"column":null}},"29":{"start":{"line":155,"column":21},"end":{"line":176,"column":null}},"30":{"start":{"line":156,"column":8},"end":{"line":174,"column":null}},"31":{"start":{"line":157,"column":31},"end":{"line":162,"column":null}},"32":{"start":{"line":165,"column":10},"end":{"line":171,"column":null}},"33":{"start":{"line":173,"column":10},"end":{"line":173,"column":null}},"34":{"start":{"line":175,"column":8},"end":{"line":175,"column":null}},"35":{"start":{"line":179,"column":28},"end":{"line":197,"column":null}},"36":{"start":{"line":180,"column":8},"end":{"line":182,"column":null}},"37":{"start":{"line":181,"column":10},"end":{"line":181,"column":null}},"38":{"start":{"line":184,"column":8},"end":{"line":186,"column":null}},"39":{"start":{"line":185,"column":10},"end":{"line":185,"column":null}},"40":{"start":{"line":188,"column":28},"end":{"line":188,"column":null}},"41":{"start":{"line":190,"column":10},"end":{"line":191,"column":null}},"42":{"start":{"line":193,"column":8},"end":{"line":196,"column":null}},"43":{"start":{"line":199,"column":6},"end":{"line":205,"column":null}},"44":{"start":{"line":203,"column":38},"end":{"line":203,"column":64}},"45":{"start":{"line":209,"column":28},"end":{"line":212,"column":null}},"46":{"start":{"line":209,"column":64},"end":{"line":212,"column":8}},"47":{"start":{"line":214,"column":6},"end":{"line":218,"column":null}},"48":{"start":{"line":222,"column":6},"end":{"line":225,"column":null}},"49":{"start":{"line":229,"column":6},"end":{"line":229,"column":null}},"50":{"start":{"line":233,"column":6},"end":{"line":233,"column":null}},"51":{"start":{"line":236,"column":24},"end":{"line":236,"column":null}},"52":{"start":{"line":238,"column":8},"end":{"line":240,"column":null}},"53":{"start":{"line":239,"column":4},"end":{"line":239,"column":null}},"54":{"start":{"line":242,"column":8},"end":{"line":263,"column":null}},"55":{"start":{"line":244,"column":20},"end":{"line":244,"column":null}},"56":{"start":{"line":245,"column":6},"end":{"line":245,"column":null}},"57":{"start":{"line":245,"column":53},"end":{"line":245,"column":null}},"58":{"start":{"line":247,"column":6},"end":{"line":247,"column":null}},"59":{"start":{"line":249,"column":26},"end":{"line":249,"column":null}},"60":{"start":{"line":250,"column":25},"end":{"line":255,"column":null}},"61":{"start":{"line":251,"column":8},"end":{"line":254,"column":null}},"62":{"start":{"line":257,"column":6},"end":{"line":260,"column":null}},"63":{"start":{"line":265,"column":8},"end":{"line":267,"column":null}},"64":{"start":{"line":266,"column":4},"end":{"line":266,"column":null}},"65":{"start":{"line":269,"column":8},"end":{"line":271,"column":null}},"66":{"start":{"line":270,"column":4},"end":{"line":270,"column":null}},"67":{"start":{"line":273,"column":8},"end":{"line":275,"column":null}},"68":{"start":{"line":274,"column":4},"end":{"line":274,"column":null}},"69":{"start":{"line":277,"column":8},"end":{"line":286,"column":null}},"70":{"start":{"line":280,"column":28},"end":{"line":280,"column":null}},"71":{"start":{"line":281,"column":6},"end":{"line":283,"column":null}},"72":{"start":{"line":282,"column":8},"end":{"line":282,"column":null}},"73":{"start":{"line":288,"column":8},"end":{"line":290,"column":null}},"74":{"start":{"line":289,"column":4},"end":{"line":289,"column":null}},"75":{"start":{"line":292,"column":2},"end":{"line":306,"column":null}}},"fnMap":{"0":{"name":"blockchainReducer","decl":{"start":{"line":36,"column":9},"end":{"line":36,"column":27}},"loc":{"start":{"line":36,"column":94},"end":{"line":231,"column":null}},"line":36},"1":{"name":"(anonymous_1)","decl":{"start":{"line":57,"column":42},"end":{"line":57,"column":43}},"loc":{"start":{"line":57,"column":60},"end":{"line":71,"column":7}},"line":57},"2":{"name":"(anonymous_2)","decl":{"start":{"line":77,"column":31},"end":{"line":77,"column":32}},"loc":{"start":{"line":77,"column":38},"end":{"line":77,"column":64}},"line":77},"3":{"name":"(anonymous_3)","decl":{"start":{"line":83,"column":38},"end":{"line":83,"column":39}},"loc":{"start":{"line":84,"column":8},"end":{"line":84,"column":null}},"line":84},"4":{"name":"(anonymous_4)","decl":{"start":{"line":108,"column":38},"end":{"line":108,"column":39}},"loc":{"start":{"line":109,"column":8},"end":{"line":109,"column":null}},"line":109},"5":{"name":"(anonymous_5)","decl":{"start":{"line":113,"column":39},"end":{"line":113,"column":40}},"loc":{"start":{"line":113,"column":57},"end":{"line":127,"column":7}},"line":113},"6":{"name":"(anonymous_6)","decl":{"start":{"line":155,"column":38},"end":{"line":155,"column":39}},"loc":{"start":{"line":155,"column":56},"end":{"line":176,"column":7}},"line":155},"7":{"name":"(anonymous_7)","decl":{"start":{"line":179,"column":39},"end":{"line":179,"column":40}},"loc":{"start":{"line":179,"column":57},"end":{"line":197,"column":7}},"line":179},"8":{"name":"(anonymous_8)","decl":{"start":{"line":203,"column":31},"end":{"line":203,"column":32}},"loc":{"start":{"line":203,"column":38},"end":{"line":203,"column":64}},"line":203},"9":{"name":"(anonymous_9)","decl":{"start":{"line":209,"column":45},"end":{"line":209,"column":46}},"loc":{"start":{"line":209,"column":64},"end":{"line":212,"column":8}},"line":209},"10":{"name":"BlockchainProvider","decl":{"start":{"line":235,"column":16},"end":{"line":235,"column":35}},"loc":{"start":{"line":235,"column":80},"end":{"line":308,"column":null}},"line":235},"11":{"name":"(anonymous_11)","decl":{"start":{"line":238,"column":31},"end":{"line":238,"column":32}},"loc":{"start":{"line":238,"column":65},"end":{"line":240,"column":5}},"line":238},"12":{"name":"(anonymous_12)","decl":{"start":{"line":243,"column":4},"end":{"line":243,"column":11}},"loc":{"start":{"line":243,"column":34},"end":{"line":261,"column":null}},"line":243},"13":{"name":"(anonymous_13)","decl":{"start":{"line":250,"column":70},"end":{"line":250,"column":71}},"loc":{"start":{"line":250,"column":87},"end":{"line":255,"column":7}},"line":250},"14":{"name":"(anonymous_14)","decl":{"start":{"line":265,"column":36},"end":{"line":265,"column":37}},"loc":{"start":{"line":265,"column":60},"end":{"line":267,"column":5}},"line":265},"15":{"name":"(anonymous_15)","decl":{"start":{"line":269,"column":34},"end":{"line":269,"column":35}},"loc":{"start":{"line":269,"column":65},"end":{"line":271,"column":5}},"line":269},"16":{"name":"(anonymous_16)","decl":{"start":{"line":273,"column":38},"end":{"line":273,"column":39}},"loc":{"start":{"line":273,"column":92},"end":{"line":275,"column":5}},"line":273},"17":{"name":"(anonymous_17)","decl":{"start":{"line":278,"column":4},"end":{"line":278,"column":5}},"loc":{"start":{"line":278,"column":62},"end":{"line":284,"column":null}},"line":278},"18":{"name":"(anonymous_18)","decl":{"start":{"line":288,"column":33},"end":{"line":288,"column":39}},"loc":{"start":{"line":288,"column":39},"end":{"line":290,"column":5}},"line":288}},"branchMap":{"0":{"loc":{"start":{"line":37,"column":2},"end":{"line":230,"column":null}},"type":"switch","locations":[{"start":{"line":38,"column":4},"end":{"line":80,"column":null}},{"start":{"line":82,"column":4},"end":{"line":95,"column":null}},{"start":{"line":97,"column":4},"end":{"line":105,"column":null}},{"start":{"line":107,"column":4},"end":{"line":138,"column":null}},{"start":{"line":140,"column":4},"end":{"line":145,"column":null}},{"start":{"line":147,"column":4},"end":{"line":152,"column":null}},{"start":{"line":154,"column":4},"end":{"line":206,"column":null}},{"start":{"line":208,"column":4},"end":{"line":219,"column":null}},{"start":{"line":221,"column":4},"end":{"line":226,"column":null}},{"start":{"line":228,"column":4},"end":{"line":229,"column":null}}],"line":37},"1":{"loc":{"start":{"line":58,"column":8},"end":{"line":60,"column":null}},"type":"if","locations":[{"start":{"line":58,"column":8},"end":{"line":60,"column":null}},{"start":{},"end":{}}],"line":58},"2":{"loc":{"start":{"line":64,"column":10},"end":{"line":65,"column":null}},"type":"binary-expr","locations":[{"start":{"line":64,"column":10},"end":{"line":64,"column":null}},{"start":{"line":65,"column":11},"end":{"line":65,"column":28}},{"start":{"line":65,"column":28},"end":{"line":65,"column":null}}],"line":64},"3":{"loc":{"start":{"line":69,"column":19},"end":{"line":69,"column":null}},"type":"binary-expr","locations":[{"start":{"line":69,"column":19},"end":{"line":69,"column":35}},{"start":{"line":69,"column":35},"end":{"line":69,"column":56}},{"start":{"line":69,"column":56},"end":{"line":69,"column":76}},{"start":{"line":69,"column":76},"end":{"line":69,"column":null}}],"line":69},"4":{"loc":{"start":{"line":77,"column":38},"end":{"line":77,"column":64}},"type":"binary-expr","locations":[{"start":{"line":77,"column":38},"end":{"line":77,"column":51}},{"start":{"line":77,"column":51},"end":{"line":77,"column":64}}],"line":77},"5":{"loc":{"start":{"line":84,"column":8},"end":{"line":84,"column":null}},"type":"cond-expr","locations":[{"start":{"line":84,"column":46},"end":{"line":84,"column":93}},{"start":{"line":84,"column":93},"end":{"line":84,"column":null}}],"line":84},"6":{"loc":{"start":{"line":109,"column":8},"end":{"line":109,"column":null}},"type":"cond-expr","locations":[{"start":{"line":109,"column":46},"end":{"line":109,"column":69}},{"start":{"line":109,"column":69},"end":{"line":109,"column":null}}],"line":109},"7":{"loc":{"start":{"line":114,"column":8},"end":{"line":116,"column":null}},"type":"if","locations":[{"start":{"line":114,"column":8},"end":{"line":116,"column":null}},{"start":{},"end":{}}],"line":114},"8":{"loc":{"start":{"line":120,"column":10},"end":{"line":121,"column":null}},"type":"binary-expr","locations":[{"start":{"line":120,"column":10},"end":{"line":120,"column":null}},{"start":{"line":121,"column":11},"end":{"line":121,"column":28}},{"start":{"line":121,"column":28},"end":{"line":121,"column":null}}],"line":120},"9":{"loc":{"start":{"line":125,"column":19},"end":{"line":125,"column":null}},"type":"binary-expr","locations":[{"start":{"line":125,"column":19},"end":{"line":125,"column":34}},{"start":{"line":125,"column":34},"end":{"line":125,"column":null}}],"line":125},"10":{"loc":{"start":{"line":156,"column":8},"end":{"line":174,"column":null}},"type":"if","locations":[{"start":{"line":156,"column":8},"end":{"line":174,"column":null}},{"start":{},"end":{}}],"line":156},"11":{"loc":{"start":{"line":180,"column":8},"end":{"line":182,"column":null}},"type":"if","locations":[{"start":{"line":180,"column":8},"end":{"line":182,"column":null}},{"start":{},"end":{}}],"line":180},"12":{"loc":{"start":{"line":184,"column":8},"end":{"line":186,"column":null}},"type":"if","locations":[{"start":{"line":184,"column":8},"end":{"line":186,"column":null}},{"start":{},"end":{}}],"line":184},"13":{"loc":{"start":{"line":190,"column":10},"end":{"line":191,"column":null}},"type":"binary-expr","locations":[{"start":{"line":190,"column":10},"end":{"line":190,"column":null}},{"start":{"line":191,"column":11},"end":{"line":191,"column":28}},{"start":{"line":191,"column":28},"end":{"line":191,"column":null}}],"line":190},"14":{"loc":{"start":{"line":195,"column":19},"end":{"line":195,"column":null}},"type":"binary-expr","locations":[{"start":{"line":195,"column":19},"end":{"line":195,"column":35}},{"start":{"line":195,"column":35},"end":{"line":195,"column":56}},{"start":{"line":195,"column":56},"end":{"line":195,"column":76}},{"start":{"line":195,"column":76},"end":{"line":195,"column":null}}],"line":195},"15":{"loc":{"start":{"line":203,"column":38},"end":{"line":203,"column":64}},"type":"binary-expr","locations":[{"start":{"line":203,"column":38},"end":{"line":203,"column":51}},{"start":{"line":203,"column":51},"end":{"line":203,"column":64}}],"line":203},"16":{"loc":{"start":{"line":211,"column":17},"end":{"line":211,"column":null}},"type":"binary-expr","locations":[{"start":{"line":211,"column":17},"end":{"line":211,"column":32}},{"start":{"line":211,"column":32},"end":{"line":211,"column":null}}],"line":211},"17":{"loc":{"start":{"line":245,"column":6},"end":{"line":245,"column":null}},"type":"if","locations":[{"start":{"line":245,"column":6},"end":{"line":245,"column":null}},{"start":{},"end":{}}],"line":245},"18":{"loc":{"start":{"line":245,"column":10},"end":{"line":245,"column":53}},"type":"binary-expr","locations":[{"start":{"line":245,"column":10},"end":{"line":245,"column":20}},{"start":{"line":245,"column":20},"end":{"line":245,"column":38}},{"start":{"line":245,"column":38},"end":{"line":245,"column":53}}],"line":245},"19":{"loc":{"start":{"line":281,"column":6},"end":{"line":283,"column":null}},"type":"if","locations":[{"start":{"line":281,"column":6},"end":{"line":283,"column":null}},{"start":{},"end":{}}],"line":281}},"s":{"0":3,"1":1,"2":0,"3":0,"4":0,"5":0,"6":0,"7":0,"8":0,"9":0,"10":0,"11":0,"12":0,"13":0,"14":0,"15":0,"16":0,"17":0,"18":0,"19":0,"20":0,"21":0,"22":0,"23":0,"24":0,"25":0,"26":0,"27":1,"28":0,"29":0,"30":0,"31":0,"32":0,"33":0,"34":0,"35":0,"36":0,"37":0,"38":0,"39":0,"40":0,"41":0,"42":0,"43":0,"44":0,"45":0,"46":0,"47":0,"48":0,"49":0,"50":3,"51":16,"52":16,"53":0,"54":16,"55":0,"56":0,"57":0,"58":0,"59":0,"60":0,"61":0,"62":0,"63":16,"64":1,"65":16,"66":0,"67":16,"68":0,"69":16,"70":0,"71":0,"72":0,"73":16,"74":0,"75":16},"f":{"0":1,"1":0,"2":0,"3":0,"4":0,"5":0,"6":0,"7":0,"8":0,"9":0,"10":16,"11":0,"12":0,"13":0,"14":1,"15":0,"16":0,"17":0,"18":0},"b":{"0":[0,0,0,0,1,0,0,0,0,0],"1":[0,0],"2":[0,0,0],"3":[0,0,0,0],"4":[0,0],"5":[0,0],"6":[0,0],"7":[0,0],"8":[0,0,0],"9":[0,0],"10":[0,0],"11":[0,0],"12":[0,0],"13":[0,0,0],"14":[0,0,0,0],"15":[0,0],"16":[0,0],"17":[0,0],"18":[0,0,0],"19":[0,0]},"meta":{"lastBranch":20,"lastFunction":19,"lastStatement":76,"seen":{"s:28:38:34:Infinity":0,"f:36:9:36:27":0,"b:38:4:80:Infinity:82:4:95:Infinity:97:4:105:Infinity:107:4:138:Infinity:140:4:145:Infinity:147:4:152:Infinity:154:4:206:Infinity:208:4:219:Infinity:221:4:226:Infinity:228:4:229:Infinity":0,"s:37:2:230:Infinity":1,"s:39:28:39:Infinity":2,"s:40:23:45:Infinity":3,"s:48:6:54:Infinity":4,"s:56:24:56:Infinity":5,"s:57:28:71:Infinity":6,"f:57:42:57:43":1,"b:58:8:60:Infinity:undefined:undefined:undefined:undefined":1,"s:58:8:60:Infinity":7,"s:59:10:59:Infinity":8,"s:62:28:62:Infinity":9,"s:64:10:65:Infinity":10,"b:64:10:64:Infinity:65:11:65:28:65:28:65:Infinity":2,"s:67:8:70:Infinity":11,"b:69:19:69:35:69:35:69:56:69:56:69:76:69:76:69:Infinity":3,"s:73:6:79:Infinity":12,"f:77:31:77:32":2,"s:77:38:77:64":13,"b:77:38:77:51:77:51:77:64":4,"s:83:21:85:Infinity":14,"f:83:38:83:39":3,"s:84:8:84:Infinity":15,"b:84:46:84:93:84:93:84:Infinity":5,"s:87:6:94:Infinity":16,"s:98:6:104:Infinity":17,"s:108:21:110:Infinity":18,"f:108:38:108:39":4,"s:109:8:109:Infinity":19,"b:109:46:109:69:109:69:109:Infinity":6,"s:113:28:127:Infinity":20,"f:113:39:113:40":5,"b:114:8:116:Infinity:undefined:undefined:undefined:undefined":7,"s:114:8:116:Infinity":21,"s:115:10:115:Infinity":22,"s:118:28:118:Infinity":23,"s:120:10:121:Infinity":24,"b:120:10:120:Infinity:121:11:121:28:121:28:121:Infinity":8,"s:123:8:126:Infinity":25,"b:125:19:125:34:125:34:125:Infinity":9,"s:129:6:137:Infinity":26,"s:141:6:144:Infinity":27,"s:148:6:151:Infinity":28,"s:155:21:176:Infinity":29,"f:155:38:155:39":6,"b:156:8:174:Infinity:undefined:undefined:undefined:undefined":10,"s:156:8:174:Infinity":30,"s:157:31:162:Infinity":31,"s:165:10:171:Infinity":32,"s:173:10:173:Infinity":33,"s:175:8:175:Infinity":34,"s:179:28:197:Infinity":35,"f:179:39:179:40":7,"b:180:8:182:Infinity:undefined:undefined:undefined:undefined":11,"s:180:8:182:Infinity":36,"s:181:10:181:Infinity":37,"b:184:8:186:Infinity:undefined:undefined:undefined:undefined":12,"s:184:8:186:Infinity":38,"s:185:10:185:Infinity":39,"s:188:28:188:Infinity":40,"s:190:10:191:Infinity":41,"b:190:10:190:Infinity:191:11:191:28:191:28:191:Infinity":13,"s:193:8:196:Infinity":42,"b:195:19:195:35:195:35:195:56:195:56:195:76:195:76:195:Infinity":14,"s:199:6:205:Infinity":43,"f:203:31:203:32":8,"s:203:38:203:64":44,"b:203:38:203:51:203:51:203:64":15,"s:209:28:212:Infinity":45,"f:209:45:209:46":9,"s:209:64:212:8":46,"b:211:17:211:32:211:32:211:Infinity":16,"s:214:6:218:Infinity":47,"s:222:6:225:Infinity":48,"s:229:6:229:Infinity":49,"s:233:6:233:Infinity":50,"f:235:16:235:35":10,"s:236:24:236:Infinity":51,"s:238:8:240:Infinity":52,"f:238:31:238:32":11,"s:239:4:239:Infinity":53,"s:242:8:263:Infinity":54,"f:243:4:243:11":12,"s:244:20:244:Infinity":55,"b:245:6:245:Infinity:undefined:undefined:undefined:undefined":17,"s:245:6:245:Infinity":56,"b:245:10:245:20:245:20:245:38:245:38:245:53":18,"s:245:53:245:Infinity":57,"s:247:6:247:Infinity":58,"s:249:26:249:Infinity":59,"s:250:25:255:Infinity":60,"f:250:70:250:71":13,"s:251:8:254:Infinity":61,"s:257:6:260:Infinity":62,"s:265:8:267:Infinity":63,"f:265:36:265:37":14,"s:266:4:266:Infinity":64,"s:269:8:271:Infinity":65,"f:269:34:269:35":15,"s:270:4:270:Infinity":66,"s:273:8:275:Infinity":67,"f:273:38:273:39":16,"s:274:4:274:Infinity":68,"s:277:8:286:Infinity":69,"f:278:4:278:5":17,"s:280:28:280:Infinity":70,"b:281:6:283:Infinity:undefined:undefined:undefined:undefined":19,"s:281:6:283:Infinity":71,"s:282:8:282:Infinity":72,"s:288:8:290:Infinity":73,"f:288:33:288:39":18,"s:289:4:289:Infinity":74,"s:292:2:306:Infinity":75}}}
,"C:\\Users\\Florian Jäger\\Documents\\Blockchain-Visualizer\\src\\hooks\\useBlockchain.ts": {"path":"C:\\Users\\Florian Jäger\\Documents\\Blockchain-Visualizer\\src\\hooks\\useBlockchain.ts","statementMap":{"0":{"start":{"line":5,"column":8},"end":{"line":5,"column":null}},"1":{"start":{"line":6,"column":2},"end":{"line":8,"column":null}},"2":{"start":{"line":7,"column":4},"end":{"line":7,"column":null}},"3":{"start":{"line":9,"column":2},"end":{"line":9,"column":null}}},"fnMap":{"0":{"name":"useBlockchain","decl":{"start":{"line":4,"column":16},"end":{"line":4,"column":32}},"loc":{"start":{"line":4,"column":32},"end":{"line":10,"column":null}},"line":4}},"branchMap":{"0":{"loc":{"start":{"line":6,"column":2},"end":{"line":8,"column":null}},"type":"if","locations":[{"start":{"line":6,"column":2},"end":{"line":8,"column":null}},{"start":{},"end":{}}],"line":6}},"s":{"0":31,"1":31,"2":0,"3":31},"f":{"0":31},"b":{"0":[0,31]},"meta":{"lastBranch":1,"lastFunction":1,"lastStatement":4,"seen":{"f:4:16:4:32":0,"s:5:8:5:Infinity":0,"b:6:2:8:Infinity:undefined:undefined:undefined:undefined":0,"s:6:2:8:Infinity":1,"s:7:4:7:Infinity":2,"s:9:2:9:Infinity":3}}}
,"C:\\Users\\Florian Jäger\\Documents\\Blockchain-Visualizer\\src\\utils\\blockchain.ts": {"path":"C:\\Users\\Florian Jäger\\Documents\\Blockchain-Visualizer\\src\\utils\\blockchain.ts","statementMap":{"0":{"start":{"line":12,"column":23},"end":{"line":12,"column":null}},"1":{"start":{"line":13,"column":4},"end":{"line":13,"column":null}},"2":{"start":{"line":17,"column":19},"end":{"line":17,"column":null}},"3":{"start":{"line":18,"column":4},"end":{"line":18,"column":null}},"4":{"start":{"line":25,"column":4},"end":{"line":61,"column":null}},"5":{"start":{"line":26,"column":19},"end":{"line":58,"column":null}},"6":{"start":{"line":27,"column":30},"end":{"line":27,"column":null}},"7":{"start":{"line":28,"column":25},"end":{"line":28,"column":null}},"8":{"start":{"line":30,"column":8},"end":{"line":49,"column":null}},"9":{"start":{"line":31,"column":23},"end":{"line":37,"column":null}},"10":{"start":{"line":39,"column":10},"end":{"line":45,"column":null}},"11":{"start":{"line":40,"column":12},"end":{"line":40,"column":null}},"12":{"start":{"line":41,"column":12},"end":{"line":41,"column":null}},"13":{"start":{"line":42,"column":12},"end":{"line":42,"column":null}},"14":{"start":{"line":43,"column":12},"end":{"line":43,"column":null}},"15":{"start":{"line":44,"column":12},"end":{"line":44,"column":null}},"16":{"start":{"line":47,"column":10},"end":{"line":47,"column":null}},"17":{"start":{"line":48,"column":10},"end":{"line":48,"column":null}},"18":{"start":{"line":52,"column":8},"end":{"line":54,"column":null}},"19":{"start":{"line":53,"column":10},"end":{"line":53,"column":null}},"20":{"start":{"line":57,"column":8},"end":{"line":57,"column":null}},"21":{"start":{"line":60,"column":6},"end":{"line":60,"column":null}},"22":{"start":{"line":66,"column":4},"end":{"line":78,"column":null}},"23":{"start":{"line":67,"column":6},"end":{"line":76,"column":null}},"24":{"start":{"line":80,"column":4},"end":{"line":80,"column":null}},"25":{"start":{"line":80,"column":24},"end":{"line":80,"column":null}},"26":{"start":{"line":83,"column":4},"end":{"line":83,"column":null}},"27":{"start":{"line":83,"column":51},"end":{"line":83,"column":null}},"28":{"start":{"line":86,"column":27},"end":{"line":92,"column":null}},"29":{"start":{"line":94,"column":4},"end":{"line":94,"column":null}},"30":{"start":{"line":94,"column":39},"end":{"line":94,"column":null}},"31":{"start":{"line":97,"column":4},"end":{"line":97,"column":null}},"32":{"start":{"line":101,"column":4},"end":{"line":105,"column":null}},"33":{"start":{"line":101,"column":17},"end":{"line":101,"column":20}},"34":{"start":{"line":102,"column":6},"end":{"line":104,"column":null}},"35":{"start":{"line":103,"column":8},"end":{"line":103,"column":null}},"36":{"start":{"line":106,"column":4},"end":{"line":106,"column":null}},"37":{"start":{"line":110,"column":22},"end":{"line":110,"column":null}},"38":{"start":{"line":111,"column":25},"end":{"line":122,"column":null}},"39":{"start":{"line":124,"column":4},"end":{"line":130,"column":null}},"40":{"start":{"line":132,"column":4},"end":{"line":132,"column":null}},"41":{"start":{"line":141,"column":4},"end":{"line":152,"column":null}},"42":{"start":{"line":156,"column":4},"end":{"line":156,"column":null}},"43":{"start":{"line":160,"column":4},"end":{"line":166,"column":null}}},"fnMap":{"0":{"name":"(anonymous_0)","decl":{"start":{"line":5,"column":9},"end":{"line":5,"column":null}},"loc":{"start":{"line":11,"column":12},"end":{"line":14,"column":null}},"line":11},"1":{"name":"(anonymous_1)","decl":{"start":{"line":16,"column":9},"end":{"line":16,"column":21}},"loc":{"start":{"line":16,"column":64},"end":{"line":19,"column":null}},"line":16},"2":{"name":"(anonymous_2)","decl":{"start":{"line":21,"column":15},"end":{"line":21,"column":null}},"loc":{"start":{"line":24,"column":20},"end":{"line":62,"column":null}},"line":24},"3":{"name":"(anonymous_3)","decl":{"start":{"line":25,"column":23},"end":{"line":25,"column":24}},"loc":{"start":{"line":25,"column":36},"end":{"line":61,"column":5}},"line":25},"4":{"name":"(anonymous_4)","decl":{"start":{"line":26,"column":19},"end":{"line":26,"column":25}},"loc":{"start":{"line":26,"column":25},"end":{"line":58,"column":null}},"line":26},"5":{"name":"(anonymous_5)","decl":{"start":{"line":64,"column":9},"end":{"line":64,"column":23}},"loc":{"start":{"line":64,"column":69},"end":{"line":98,"column":null}},"line":64},"6":{"name":"(anonymous_6)","decl":{"start":{"line":100,"column":9},"end":{"line":100,"column":23}},"loc":{"start":{"line":100,"column":49},"end":{"line":107,"column":null}},"line":100},"7":{"name":"(anonymous_7)","decl":{"start":{"line":109,"column":9},"end":{"line":109,"column":37}},"loc":{"start":{"line":109,"column":37},"end":{"line":133,"column":null}},"line":109},"8":{"name":"(anonymous_8)","decl":{"start":{"line":135,"column":9},"end":{"line":135,"column":null}},"loc":{"start":{"line":140,"column":11},"end":{"line":153,"column":null}},"line":140},"9":{"name":"(anonymous_9)","decl":{"start":{"line":155,"column":9},"end":{"line":155,"column":41}},"loc":{"start":{"line":155,"column":41},"end":{"line":157,"column":null}},"line":155},"10":{"name":"(anonymous_10)","decl":{"start":{"line":159,"column":9},"end":{"line":159,"column":27}},"loc":{"start":{"line":159,"column":82},"end":{"line":167,"column":null}},"line":159}},"branchMap":{"0":{"loc":{"start":{"line":10,"column":4},"end":{"line":10,"column":null}},"type":"default-arg","locations":[{"start":{"line":10,"column":20},"end":{"line":10,"column":null}}],"line":10},"1":{"loc":{"start":{"line":12,"column":23},"end":{"line":12,"column":null}},"type":"cond-expr","locations":[{"start":{"line":12,"column":50},"end":{"line":12,"column":57}},{"start":{"line":12,"column":57},"end":{"line":12,"column":null}}],"line":12},"2":{"loc":{"start":{"line":39,"column":10},"end":{"line":45,"column":null}},"type":"if","locations":[{"start":{"line":39,"column":10},"end":{"line":45,"column":null}},{"start":{},"end":{}}],"line":39},"3":{"loc":{"start":{"line":52,"column":8},"end":{"line":54,"column":null}},"type":"if","locations":[{"start":{"line":52,"column":8},"end":{"line":54,"column":null}},{"start":{},"end":{}}],"line":52},"4":{"loc":{"start":{"line":66,"column":4},"end":{"line":78,"column":null}},"type":"if","locations":[{"start":{"line":66,"column":4},"end":{"line":78,"column":null}},{"start":{},"end":{}}],"line":66},"5":{"loc":{"start":{"line":68,"column":8},"end":{"line":76,"column":null}},"type":"binary-expr","locations":[{"start":{"line":68,"column":8},"end":{"line":68,"column":null}},{"start":{"line":69,"column":8},"end":{"line":76,"column":null}}],"line":68},"6":{"loc":{"start":{"line":80,"column":4},"end":{"line":80,"column":null}},"type":"if","locations":[{"start":{"line":80,"column":4},"end":{"line":80,"column":null}},{"start":{},"end":{}}],"line":80},"7":{"loc":{"start":{"line":83,"column":4},"end":{"line":83,"column":null}},"type":"if","locations":[{"start":{"line":83,"column":4},"end":{"line":83,"column":null}},{"start":{},"end":{}}],"line":83},"8":{"loc":{"start":{"line":94,"column":4},"end":{"line":94,"column":null}},"type":"if","locations":[{"start":{"line":94,"column":4},"end":{"line":94,"column":null}},{"start":{},"end":{}}],"line":94},"9":{"loc":{"start":{"line":102,"column":6},"end":{"line":104,"column":null}},"type":"if","locations":[{"start":{"line":102,"column":6},"end":{"line":104,"column":null}},{"start":{},"end":{}}],"line":102},"10":{"loc":{"start":{"line":139,"column":4},"end":{"line":139,"column":null}},"type":"default-arg","locations":[{"start":{"line":139,"column":25},"end":{"line":139,"column":null}}],"line":139}},"s":{"0":13,"1":13,"2":3,"3":3,"4":0,"5":0,"6":0,"7":0,"8":0,"9":0,"10":0,"11":0,"12":0,"13":0,"14":0,"15":0,"16":0,"17":0,"18":0,"19":0,"20":0,"21":0,"22":2,"23":1,"24":1,"25":0,"26":1,"27":0,"28":1,"29":1,"30":0,"31":1,"32":0,"33":0,"34":0,"35":0,"36":0,"37":6,"38":6,"39":6,"40":6,"41":2,"42":1,"43":1},"f":{"0":4,"1":4,"2":4,"3":0,"4":0,"5":4,"6":4,"7":4,"8":4,"9":4,"10":4},"b":{"0":[13],"1":[13,0],"2":[0,0],"3":[0,0],"4":[1,1],"5":[1,1],"6":[0,1],"7":[0,1],"8":[0,1],"9":[0,0],"10":[2]},"meta":{"lastBranch":11,"lastFunction":11,"lastStatement":44,"seen":{"f:5:9:5:Infinity":0,"b:10:20:10:Infinity":0,"s:12:23:12:Infinity":0,"b:12:50:12:57:12:57:12:Infinity":1,"s:13:4:13:Infinity":1,"f:16:9:16:21":1,"s:17:19:17:Infinity":2,"s:18:4:18:Infinity":3,"f:21:15:21:Infinity":2,"s:25:4:61:Infinity":4,"f:25:23:25:24":3,"s:26:19:58:Infinity":5,"f:26:19:26:25":4,"s:27:30:27:Infinity":6,"s:28:25:28:Infinity":7,"s:30:8:49:Infinity":8,"s:31:23:37:Infinity":9,"b:39:10:45:Infinity:undefined:undefined:undefined:undefined":2,"s:39:10:45:Infinity":10,"s:40:12:40:Infinity":11,"s:41:12:41:Infinity":12,"s:42:12:42:Infinity":13,"s:43:12:43:Infinity":14,"s:44:12:44:Infinity":15,"s:47:10:47:Infinity":16,"s:48:10:48:Infinity":17,"b:52:8:54:Infinity:undefined:undefined:undefined:undefined":3,"s:52:8:54:Infinity":18,"s:53:10:53:Infinity":19,"s:57:8:57:Infinity":20,"s:60:6:60:Infinity":21,"f:64:9:64:23":5,"b:66:4:78:Infinity:undefined:undefined:undefined:undefined":4,"s:66:4:78:Infinity":22,"s:67:6:76:Infinity":23,"b:68:8:68:Infinity:69:8:76:Infinity":5,"b:80:4:80:Infinity:undefined:undefined:undefined:undefined":6,"s:80:4:80:Infinity":24,"s:80:24:80:Infinity":25,"b:83:4:83:Infinity:undefined:undefined:undefined:undefined":7,"s:83:4:83:Infinity":26,"s:83:51:83:Infinity":27,"s:86:27:92:Infinity":28,"b:94:4:94:Infinity:undefined:undefined:undefined:undefined":8,"s:94:4:94:Infinity":29,"s:94:39:94:Infinity":30,"s:97:4:97:Infinity":31,"f:100:9:100:23":6,"s:101:4:105:Infinity":32,"s:101:17:101:20":33,"b:102:6:104:Infinity:undefined:undefined:undefined:undefined":9,"s:102:6:104:Infinity":34,"s:103:8:103:Infinity":35,"s:106:4:106:Infinity":36,"f:109:9:109:37":7,"s:110:22:110:Infinity":37,"s:111:25:122:Infinity":38,"s:124:4:130:Infinity":39,"s:132:4:132:Infinity":40,"f:135:9:135:Infinity":8,"b:139:25:139:Infinity":10,"s:141:4:152:Infinity":41,"f:155:9:155:41":9,"s:156:4:156:Infinity":42,"f:159:9:159:27":10,"s:160:4:166:Infinity":43}}}
}
