{"C:\\Users\\flori\\Documents\\blockchain-visulizer\\src\\App.tsx": {"path":"C:\\Users\\flori\\Documents\\blockchain-visulizer\\src\\App.tsx","all":false,"statementMap":{"0":{"start":{"line":1,"column":0},"end":{"line":1,"column":52}},"1":{"start":{"line":2,"column":0},"end":{"line":2,"column":65}},"2":{"start":{"line":3,"column":0},"end":{"line":3,"column":79}},"3":{"start":{"line":4,"column":0},"end":{"line":4,"column":73}},"4":{"start":{"line":5,"column":0},"end":{"line":5,"column":57}},"5":{"start":{"line":6,"column":0},"end":{"line":6,"column":39}},"6":{"start":{"line":7,"column":0},"end":{"line":7,"column":45}},"7":{"start":{"line":8,"column":0},"end":{"line":8,"column":19}},"9":{"start":{"line":10,"column":0},"end":{"line":10,"column":16}},"10":{"start":{"line":11,"column":0},"end":{"line":11,"column":10}},"11":{"start":{"line":12,"column":0},"end":{"line":12,"column":20}},"12":{"start":{"line":13,"column":0},"end":{"line":13,"column":26}},"13":{"start":{"line":14,"column":0},"end":{"line":14,"column":29}},"14":{"start":{"line":15,"column":0},"end":{"line":15,"column":17}},"15":{"start":{"line":16,"column":0},"end":{"line":16,"column":41}},"16":{"start":{"line":17,"column":0},"end":{"line":17,"column":44}},"17":{"start":{"line":18,"column":0},"end":{"line":18,"column":43}},"18":{"start":{"line":19,"column":0},"end":{"line":19,"column":45}},"19":{"start":{"line":20,"column":0},"end":{"line":20,"column":50}},"20":{"start":{"line":21,"column":0},"end":{"line":21,"column":42}},"21":{"start":{"line":22,"column":0},"end":{"line":22,"column":55}},"22":{"start":{"line":23,"column":0},"end":{"line":23,"column":62}},"23":{"start":{"line":24,"column":0},"end":{"line":24,"column":66}},"24":{"start":{"line":25,"column":0},"end":{"line":25,"column":28}},"25":{"start":{"line":26,"column":0},"end":{"line":26,"column":54}},"26":{"start":{"line":27,"column":0},"end":{"line":27,"column":61}},"27":{"start":{"line":28,"column":0},"end":{"line":28,"column":28}},"28":{"start":{"line":29,"column":0},"end":{"line":29,"column":55}},"29":{"start":{"line":30,"column":0},"end":{"line":30,"column":63}},"30":{"start":{"line":31,"column":0},"end":{"line":31,"column":28}},"31":{"start":{"line":32,"column":0},"end":{"line":32,"column":54}},"32":{"start":{"line":33,"column":0},"end":{"line":33,"column":63}},"33":{"start":{"line":34,"column":0},"end":{"line":34,"column":28}},"34":{"start":{"line":35,"column":0},"end":{"line":35,"column":53}},"35":{"start":{"line":36,"column":0},"end":{"line":36,"column":61}},"36":{"start":{"line":37,"column":0},"end":{"line":37,"column":28}},"37":{"start":{"line":38,"column":0},"end":{"line":38,"column":56}},"38":{"start":{"line":39,"column":0},"end":{"line":39,"column":63}},"39":{"start":{"line":40,"column":0},"end":{"line":40,"column":28}},"40":{"start":{"line":41,"column":0},"end":{"line":41,"column":26}},"41":{"start":{"line":42,"column":0},"end":{"line":42,"column":24}},"42":{"start":{"line":43,"column":0},"end":{"line":43,"column":22}},"43":{"start":{"line":44,"column":0},"end":{"line":44,"column":45}},"44":{"start":{"line":45,"column":0},"end":{"line":45,"column":47}},"45":{"start":{"line":46,"column":0},"end":{"line":46,"column":82}},"46":{"start":{"line":47,"column":0},"end":{"line":47,"column":23}},"47":{"start":{"line":48,"column":0},"end":{"line":48,"column":49}},"49":{"start":{"line":50,"column":0},"end":{"line":50,"column":22}},"50":{"start":{"line":51,"column":0},"end":{"line":51,"column":22}},"51":{"start":{"line":52,"column":0},"end":{"line":52,"column":20}},"52":{"start":{"line":53,"column":0},"end":{"line":53,"column":18}},"53":{"start":{"line":54,"column":0},"end":{"line":54,"column":19}},"55":{"start":{"line":56,"column":0},"end":{"line":56,"column":37}},"56":{"start":{"line":57,"column":0},"end":{"line":57,"column":28}},"57":{"start":{"line":58,"column":0},"end":{"line":58,"column":39}},"58":{"start":{"line":59,"column":0},"end":{"line":59,"column":36}},"59":{"start":{"line":60,"column":0},"end":{"line":60,"column":17}},"61":{"start":{"line":62,"column":0},"end":{"line":62,"column":20}},"62":{"start":{"line":63,"column":0},"end":{"line":63,"column":14}},"63":{"start":{"line":64,"column":0},"end":{"line":64,"column":27}},"64":{"start":{"line":65,"column":0},"end":{"line":65,"column":21}},"66":{"start":{"line":67,"column":0},"end":{"line":67,"column":1}},"68":{"start":{"line":69,"column":0},"end":{"line":69,"column":19}}},"s":{"0":1,"1":1,"2":1,"3":1,"4":1,"5":1,"6":1,"7":1,"9":5,"10":5,"11":5,"12":5,"13":5,"14":5,"15":5,"16":5,"17":5,"18":5,"19":5,"20":5,"21":5,"22":5,"23":5,"24":5,"25":5,"26":5,"27":5,"28":5,"29":5,"30":5,"31":5,"32":5,"33":5,"34":5,"35":5,"36":5,"37":5,"38":5,"39":5,"40":5,"41":5,"42":5,"43":5,"44":5,"45":5,"46":5,"47":5,"49":5,"50":5,"51":5,"52":5,"53":5,"55":5,"56":5,"57":5,"58":5,"59":5,"61":5,"62":5,"63":5,"64":5,"66":5,"68":1},"branchMap":{"0":{"type":"branch","line":10,"loc":{"start":{"line":10,"column":0},"end":{"line":67,"column":1}},"locations":[{"start":{"line":10,"column":0},"end":{"line":67,"column":1}}]}},"b":{"0":[5]},"fnMap":{"0":{"name":"App","decl":{"start":{"line":10,"column":0},"end":{"line":67,"column":1}},"loc":{"start":{"line":10,"column":0},"end":{"line":67,"column":1}},"line":10}},"f":{"0":5}}
,"C:\\Users\\flori\\Documents\\blockchain-visulizer\\src\\main.tsx": {"path":"C:\\Users\\flori\\Documents\\blockchain-visulizer\\src\\main.tsx","all":true,"statementMap":{"0":{"start":{"line":1,"column":0},"end":{"line":1,"column":35}},"1":{"start":{"line":2,"column":0},"end":{"line":2,"column":46}},"2":{"start":{"line":3,"column":0},"end":{"line":3,"column":21}},"3":{"start":{"line":4,"column":0},"end":{"line":4,"column":28}},"5":{"start":{"line":6,"column":0},"end":{"line":6,"column":52}},"6":{"start":{"line":7,"column":0},"end":{"line":7,"column":14}},"7":{"start":{"line":8,"column":0},"end":{"line":8,"column":11}},"8":{"start":{"line":9,"column":0},"end":{"line":9,"column":15}},"9":{"start":{"line":10,"column":0},"end":{"line":10,"column":2}}},"s":{"0":0,"1":0,"2":0,"3":0,"5":0,"6":0,"7":0,"8":0,"9":0},"branchMap":{"0":{"type":"branch","line":1,"loc":{"start":{"line":1,"column":207},"end":{"line":10,"column":-149}},"locations":[{"start":{"line":1,"column":207},"end":{"line":10,"column":-149}}]}},"b":{"0":[0]},"fnMap":{"0":{"name":"(empty-report)","decl":{"start":{"line":1,"column":207},"end":{"line":10,"column":-149}},"loc":{"start":{"line":1,"column":207},"end":{"line":10,"column":-149}},"line":1}},"f":{"0":0}}
,"C:\\Users\\flori\\Documents\\blockchain-visulizer\\src\\components\\Block.tsx": {"path":"C:\\Users\\flori\\Documents\\blockchain-visulizer\\src\\components\\Block.tsx","all":false,"statementMap":{"0":{"start":{"line":1,"column":0},"end":{"line":1,"column":26}},"2":{"start":{"line":3,"column":0},"end":{"line":3,"column":55}},"3":{"start":{"line":4,"column":0},"end":{"line":4,"column":21}},"13":{"start":{"line":14,"column":0},"end":{"line":14,"column":90}},"14":{"start":{"line":15,"column":0},"end":{"line":15,"column":36}},"15":{"start":{"line":16,"column":0},"end":{"line":16,"column":64}},"17":{"start":{"line":18,"column":0},"end":{"line":18,"column":31}},"18":{"start":{"line":19,"column":0},"end":{"line":19,"column":28}},"19":{"start":{"line":20,"column":0},"end":{"line":20,"column":45}},"20":{"start":{"line":21,"column":0},"end":{"line":21,"column":47}},"21":{"start":{"line":22,"column":0},"end":{"line":22,"column":73}},"22":{"start":{"line":23,"column":0},"end":{"line":23,"column":76}},"23":{"start":{"line":24,"column":0},"end":{"line":24,"column":72}},"24":{"start":{"line":25,"column":0},"end":{"line":25,"column":53}},"25":{"start":{"line":26,"column":0},"end":{"line":26,"column":21}},"26":{"start":{"line":27,"column":0},"end":{"line":27,"column":4}},"28":{"start":{"line":29,"column":0},"end":{"line":29,"column":32}},"29":{"start":{"line":30,"column":0},"end":{"line":30,"column":50}},"30":{"start":{"line":31,"column":0},"end":{"line":31,"column":43}},"31":{"start":{"line":32,"column":0},"end":{"line":32,"column":63}},"32":{"start":{"line":33,"column":0},"end":{"line":33,"column":68}},"33":{"start":{"line":34,"column":0},"end":{"line":34,"column":46}},"34":{"start":{"line":35,"column":0},"end":{"line":35,"column":21}},"35":{"start":{"line":36,"column":0},"end":{"line":36,"column":4}},"37":{"start":{"line":38,"column":0},"end":{"line":38,"column":32}},"38":{"start":{"line":39,"column":0},"end":{"line":39,"column":44}},"39":{"start":{"line":40,"column":0},"end":{"line":40,"column":41}},"40":{"start":{"line":41,"column":0},"end":{"line":41,"column":57}},"41":{"start":{"line":42,"column":0},"end":{"line":42,"column":58}},"42":{"start":{"line":43,"column":0},"end":{"line":43,"column":41}},"43":{"start":{"line":44,"column":0},"end":{"line":44,"column":21}},"44":{"start":{"line":45,"column":0},"end":{"line":45,"column":4}},"46":{"start":{"line":47,"column":0},"end":{"line":47,"column":79}},"47":{"start":{"line":48,"column":0},"end":{"line":48,"column":37}},"48":{"start":{"line":49,"column":0},"end":{"line":49,"column":4}},"50":{"start":{"line":51,"column":0},"end":{"line":51,"column":28}},"51":{"start":{"line":52,"column":0},"end":{"line":52,"column":41}},"52":{"start":{"line":53,"column":0},"end":{"line":53,"column":24}},"53":{"start":{"line":54,"column":0},"end":{"line":54,"column":5}},"54":{"start":{"line":55,"column":0},"end":{"line":55,"column":47}},"55":{"start":{"line":56,"column":0},"end":{"line":56,"column":4}},"57":{"start":{"line":58,"column":0},"end":{"line":58,"column":40}},"58":{"start":{"line":59,"column":0},"end":{"line":59,"column":27}},"59":{"start":{"line":60,"column":0},"end":{"line":60,"column":76}},"60":{"start":{"line":61,"column":0},"end":{"line":61,"column":5}},"61":{"start":{"line":62,"column":0},"end":{"line":62,"column":16}},"62":{"start":{"line":63,"column":0},"end":{"line":63,"column":4}},"64":{"start":{"line":65,"column":0},"end":{"line":65,"column":10}},"65":{"start":{"line":66,"column":0},"end":{"line":66,"column":56}},"66":{"start":{"line":67,"column":0},"end":{"line":67,"column":36}},"67":{"start":{"line":68,"column":0},"end":{"line":68,"column":37}},"68":{"start":{"line":69,"column":0},"end":{"line":69,"column":74}},"69":{"start":{"line":70,"column":0},"end":{"line":70,"column":28}},"70":{"start":{"line":71,"column":0},"end":{"line":71,"column":14}},"71":{"start":{"line":72,"column":0},"end":{"line":72,"column":29}},"72":{"start":{"line":73,"column":0},"end":{"line":73,"column":17}},"73":{"start":{"line":74,"column":0},"end":{"line":74,"column":69}},"74":{"start":{"line":75,"column":0},"end":{"line":75,"column":29}},"75":{"start":{"line":76,"column":0},"end":{"line":76,"column":34}},"76":{"start":{"line":77,"column":0},"end":{"line":77,"column":23}},"77":{"start":{"line":78,"column":0},"end":{"line":78,"column":14}},"78":{"start":{"line":79,"column":0},"end":{"line":79,"column":54}},"80":{"start":{"line":81,"column":0},"end":{"line":81,"column":99}},"81":{"start":{"line":82,"column":0},"end":{"line":82,"column":19}},"83":{"start":{"line":84,"column":0},"end":{"line":84,"column":12}},"85":{"start":{"line":86,"column":0},"end":{"line":86,"column":37}},"86":{"start":{"line":87,"column":0},"end":{"line":87,"column":31}},"87":{"start":{"line":88,"column":0},"end":{"line":88,"column":31}},"88":{"start":{"line":89,"column":0},"end":{"line":89,"column":36}},"89":{"start":{"line":90,"column":0},"end":{"line":90,"column":14}},"91":{"start":{"line":92,"column":0},"end":{"line":92,"column":31}},"92":{"start":{"line":93,"column":0},"end":{"line":93,"column":35}},"93":{"start":{"line":94,"column":0},"end":{"line":94,"column":71}},"94":{"start":{"line":95,"column":0},"end":{"line":95,"column":14}},"96":{"start":{"line":97,"column":0},"end":{"line":97,"column":31}},"97":{"start":{"line":98,"column":0},"end":{"line":98,"column":30}},"98":{"start":{"line":99,"column":0},"end":{"line":99,"column":25}},"99":{"start":{"line":100,"column":0},"end":{"line":100,"column":21}},"100":{"start":{"line":101,"column":0},"end":{"line":101,"column":34}},"101":{"start":{"line":102,"column":0},"end":{"line":102,"column":41}},"102":{"start":{"line":103,"column":0},"end":{"line":103,"column":50}},"103":{"start":{"line":104,"column":0},"end":{"line":104,"column":22}},"104":{"start":{"line":105,"column":0},"end":{"line":105,"column":42}},"105":{"start":{"line":106,"column":0},"end":{"line":106,"column":14}},"107":{"start":{"line":108,"column":0},"end":{"line":108,"column":64}},"109":{"start":{"line":110,"column":0},"end":{"line":110,"column":14}},"111":{"start":{"line":112,"column":0},"end":{"line":112,"column":31}},"112":{"start":{"line":113,"column":0},"end":{"line":113,"column":39}},"113":{"start":{"line":114,"column":0},"end":{"line":114,"column":72}},"114":{"start":{"line":115,"column":0},"end":{"line":115,"column":14}},"116":{"start":{"line":117,"column":0},"end":{"line":117,"column":31}},"117":{"start":{"line":118,"column":0},"end":{"line":118,"column":30}},"118":{"start":{"line":119,"column":0},"end":{"line":119,"column":89}},"119":{"start":{"line":120,"column":0},"end":{"line":120,"column":36}},"120":{"start":{"line":121,"column":0},"end":{"line":121,"column":17}},"121":{"start":{"line":122,"column":0},"end":{"line":122,"column":14}},"123":{"start":{"line":124,"column":0},"end":{"line":124,"column":31}},"124":{"start":{"line":125,"column":0},"end":{"line":125,"column":31}},"125":{"start":{"line":126,"column":0},"end":{"line":126,"column":87}},"126":{"start":{"line":127,"column":0},"end":{"line":127,"column":14}},"128":{"start":{"line":129,"column":0},"end":{"line":129,"column":34}},"129":{"start":{"line":130,"column":0},"end":{"line":130,"column":33}},"130":{"start":{"line":131,"column":0},"end":{"line":131,"column":38}},"131":{"start":{"line":132,"column":0},"end":{"line":132,"column":18}},"132":{"start":{"line":133,"column":0},"end":{"line":133,"column":76}},"133":{"start":{"line":134,"column":0},"end":{"line":134,"column":19}},"134":{"start":{"line":135,"column":0},"end":{"line":135,"column":16}},"136":{"start":{"line":137,"column":0},"end":{"line":137,"column":12}},"138":{"start":{"line":139,"column":0},"end":{"line":139,"column":26}},"139":{"start":{"line":140,"column":0},"end":{"line":140,"column":41}},"140":{"start":{"line":141,"column":0},"end":{"line":141,"column":40}},"141":{"start":{"line":142,"column":0},"end":{"line":142,"column":16}},"142":{"start":{"line":143,"column":0},"end":{"line":143,"column":39}},"143":{"start":{"line":144,"column":0},"end":{"line":144,"column":84}},"144":{"start":{"line":145,"column":0},"end":{"line":145,"column":14}},"145":{"start":{"line":146,"column":0},"end":{"line":146,"column":16}},"146":{"start":{"line":147,"column":0},"end":{"line":147,"column":46}},"147":{"start":{"line":148,"column":0},"end":{"line":148,"column":14}},"150":{"start":{"line":151,"column":0},"end":{"line":151,"column":83}},"151":{"start":{"line":152,"column":0},"end":{"line":152,"column":26}},"152":{"start":{"line":153,"column":0},"end":{"line":153,"column":24}},"153":{"start":{"line":154,"column":0},"end":{"line":154,"column":26}},"154":{"start":{"line":155,"column":0},"end":{"line":155,"column":24}},"155":{"start":{"line":156,"column":0},"end":{"line":156,"column":44}},"156":{"start":{"line":157,"column":0},"end":{"line":157,"column":25}},"157":{"start":{"line":158,"column":0},"end":{"line":158,"column":47}},"158":{"start":{"line":159,"column":0},"end":{"line":159,"column":29}},"159":{"start":{"line":160,"column":0},"end":{"line":160,"column":30}},"160":{"start":{"line":161,"column":0},"end":{"line":161,"column":12}},"161":{"start":{"line":162,"column":0},"end":{"line":162,"column":10}},"163":{"start":{"line":164,"column":0},"end":{"line":164,"column":1}}},"s":{"0":1,"2":1,"3":1,"13":1,"14":9,"15":9,"17":9,"18":9,"19":9,"20":9,"21":9,"22":0,"23":0,"24":0,"25":9,"26":9,"28":9,"29":9,"30":4,"31":9,"32":9,"33":0,"34":0,"35":9,"37":9,"38":9,"39":4,"40":9,"41":9,"42":0,"43":0,"44":9,"46":9,"47":0,"48":0,"50":9,"51":9,"52":5,"53":5,"54":4,"55":9,"57":9,"58":18,"59":5,"60":5,"61":13,"62":18,"64":9,"65":9,"66":9,"67":9,"68":9,"69":9,"70":9,"71":9,"72":3,"73":3,"74":3,"75":0,"76":0,"77":0,"78":3,"80":3,"81":3,"83":9,"85":9,"86":9,"87":9,"88":9,"89":9,"91":9,"92":9,"93":9,"94":9,"96":9,"97":9,"98":9,"99":0,"100":0,"101":0,"102":0,"103":0,"104":0,"105":0,"107":9,"109":9,"111":9,"112":9,"113":9,"114":9,"116":9,"117":9,"118":9,"119":9,"120":9,"121":9,"123":9,"124":9,"125":9,"126":9,"128":9,"129":4,"130":4,"131":4,"132":4,"133":4,"134":4,"136":9,"138":9,"139":0,"140":0,"141":0,"142":0,"143":0,"144":0,"145":0,"146":0,"147":0,"150":9,"151":9,"152":6,"153":3,"154":0,"155":3,"156":3,"157":0,"158":0,"159":0,"160":9,"161":9,"163":9},"branchMap":{"0":{"type":"branch","line":14,"loc":{"start":{"line":14,"column":7},"end":{"line":164,"column":1}},"locations":[{"start":{"line":14,"column":7},"end":{"line":164,"column":1}}]},"1":{"type":"branch","line":72,"loc":{"start":{"line":72,"column":23},"end":{"line":82,"column":19}},"locations":[{"start":{"line":72,"column":23},"end":{"line":82,"column":19}}]},"2":{"type":"branch","line":74,"loc":{"start":{"line":74,"column":54},"end":{"line":74,"column":66}},"locations":[{"start":{"line":74,"column":54},"end":{"line":74,"column":66}}]},"3":{"type":"branch","line":81,"loc":{"start":{"line":81,"column":19},"end":{"line":81,"column":64}},"locations":[{"start":{"line":81,"column":19},"end":{"line":81,"column":64}}]},"4":{"type":"branch","line":81,"loc":{"start":{"line":81,"column":80},"end":{"line":81,"column":99}},"locations":[{"start":{"line":81,"column":80},"end":{"line":81,"column":99}}]},"5":{"type":"branch","line":99,"loc":{"start":{"line":99,"column":11},"end":{"line":106,"column":14}},"locations":[{"start":{"line":99,"column":11},"end":{"line":106,"column":14}}]},"6":{"type":"branch","line":119,"loc":{"start":{"line":119,"column":68},"end":{"line":119,"column":85}},"locations":[{"start":{"line":119,"column":68},"end":{"line":119,"column":85}}]},"7":{"type":"branch","line":126,"loc":{"start":{"line":126,"column":33},"end":{"line":126,"column":63}},"locations":[{"start":{"line":126,"column":33},"end":{"line":126,"column":63}}]},"8":{"type":"branch","line":129,"loc":{"start":{"line":129,"column":28},"end":{"line":135,"column":16}},"locations":[{"start":{"line":129,"column":28},"end":{"line":135,"column":16}}]},"9":{"type":"branch","line":139,"loc":{"start":{"line":139,"column":13},"end":{"line":148,"column":14}},"locations":[{"start":{"line":139,"column":13},"end":{"line":148,"column":14}}]},"10":{"type":"branch","line":151,"loc":{"start":{"line":151,"column":60},"end":{"line":151,"column":79}},"locations":[{"start":{"line":151,"column":60},"end":{"line":151,"column":79}}]},"11":{"type":"branch","line":152,"loc":{"start":{"line":152,"column":25},"end":{"line":153,"column":24}},"locations":[{"start":{"line":152,"column":25},"end":{"line":153,"column":24}}]},"12":{"type":"branch","line":153,"loc":{"start":{"line":153,"column":12},"end":{"line":160,"column":30}},"locations":[{"start":{"line":153,"column":12},"end":{"line":160,"column":30}}]},"13":{"type":"branch","line":154,"loc":{"start":{"line":154,"column":18},"end":{"line":155,"column":24}},"locations":[{"start":{"line":154,"column":18},"end":{"line":155,"column":24}}]},"14":{"type":"branch","line":157,"loc":{"start":{"line":157,"column":16},"end":{"line":160,"column":30}},"locations":[{"start":{"line":157,"column":16},"end":{"line":160,"column":30}}]},"15":{"type":"branch","line":18,"loc":{"start":{"line":18,"column":24},"end":{"line":27,"column":4}},"locations":[{"start":{"line":18,"column":24},"end":{"line":27,"column":4}}]},"16":{"type":"branch","line":20,"loc":{"start":{"line":20,"column":20},"end":{"line":20,"column":45}},"locations":[{"start":{"line":20,"column":20},"end":{"line":20,"column":45}}]},"17":{"type":"branch","line":21,"loc":{"start":{"line":21,"column":24},"end":{"line":21,"column":47}},"locations":[{"start":{"line":21,"column":24},"end":{"line":21,"column":47}}]},"18":{"type":"branch","line":22,"loc":{"start":{"line":22,"column":58},"end":{"line":25,"column":53}},"locations":[{"start":{"line":22,"column":58},"end":{"line":25,"column":53}}]},"19":{"type":"branch","line":29,"loc":{"start":{"line":29,"column":25},"end":{"line":36,"column":4}},"locations":[{"start":{"line":29,"column":25},"end":{"line":36,"column":4}}]},"20":{"type":"branch","line":30,"loc":{"start":{"line":30,"column":27},"end":{"line":30,"column":50}},"locations":[{"start":{"line":30,"column":27},"end":{"line":30,"column":50}}]},"21":{"type":"branch","line":30,"loc":{"start":{"line":30,"column":34},"end":{"line":32,"column":40}},"locations":[{"start":{"line":30,"column":34},"end":{"line":32,"column":40}}]},"22":{"type":"branch","line":30,"loc":{"start":{"line":30,"column":34},"end":{"line":31,"column":31}},"locations":[{"start":{"line":30,"column":34},"end":{"line":31,"column":31}}]},"23":{"type":"branch","line":31,"loc":{"start":{"line":31,"column":24},"end":{"line":31,"column":43}},"locations":[{"start":{"line":31,"column":24},"end":{"line":31,"column":43}}]},"24":{"type":"branch","line":31,"loc":{"start":{"line":31,"column":31},"end":{"line":32,"column":40}},"locations":[{"start":{"line":31,"column":31},"end":{"line":32,"column":40}}]},"25":{"type":"branch","line":32,"loc":{"start":{"line":32,"column":40},"end":{"line":33,"column":41}},"locations":[{"start":{"line":32,"column":40},"end":{"line":33,"column":41}}]},"26":{"type":"branch","line":32,"loc":{"start":{"line":32,"column":40},"end":{"line":32,"column":63}},"locations":[{"start":{"line":32,"column":40},"end":{"line":32,"column":63}}]},"27":{"type":"branch","line":32,"loc":{"start":{"line":32,"column":47},"end":{"line":33,"column":41}},"locations":[{"start":{"line":32,"column":47},"end":{"line":33,"column":41}}]},"28":{"type":"branch","line":33,"loc":{"start":{"line":33,"column":41},"end":{"line":35,"column":21}},"locations":[{"start":{"line":33,"column":41},"end":{"line":35,"column":21}}]},"29":{"type":"branch","line":38,"loc":{"start":{"line":38,"column":25},"end":{"line":45,"column":4}},"locations":[{"start":{"line":38,"column":25},"end":{"line":45,"column":4}}]},"30":{"type":"branch","line":39,"loc":{"start":{"line":39,"column":27},"end":{"line":39,"column":44}},"locations":[{"start":{"line":39,"column":27},"end":{"line":39,"column":44}}]},"31":{"type":"branch","line":39,"loc":{"start":{"line":39,"column":34},"end":{"line":41,"column":40}},"locations":[{"start":{"line":39,"column":34},"end":{"line":41,"column":40}}]},"32":{"type":"branch","line":39,"loc":{"start":{"line":39,"column":34},"end":{"line":40,"column":31}},"locations":[{"start":{"line":39,"column":34},"end":{"line":40,"column":31}}]},"33":{"type":"branch","line":40,"loc":{"start":{"line":40,"column":24},"end":{"line":40,"column":41}},"locations":[{"start":{"line":40,"column":24},"end":{"line":40,"column":41}}]},"34":{"type":"branch","line":40,"loc":{"start":{"line":40,"column":31},"end":{"line":41,"column":40}},"locations":[{"start":{"line":40,"column":31},"end":{"line":41,"column":40}}]},"35":{"type":"branch","line":41,"loc":{"start":{"line":41,"column":40},"end":{"line":42,"column":41}},"locations":[{"start":{"line":41,"column":40},"end":{"line":42,"column":41}}]},"36":{"type":"branch","line":41,"loc":{"start":{"line":41,"column":40},"end":{"line":41,"column":57}},"locations":[{"start":{"line":41,"column":40},"end":{"line":41,"column":57}}]},"37":{"type":"branch","line":41,"loc":{"start":{"line":41,"column":47},"end":{"line":42,"column":41}},"locations":[{"start":{"line":41,"column":47},"end":{"line":42,"column":41}}]},"38":{"type":"branch","line":42,"loc":{"start":{"line":42,"column":41},"end":{"line":44,"column":21}},"locations":[{"start":{"line":42,"column":41},"end":{"line":44,"column":21}}]},"39":{"type":"branch","line":51,"loc":{"start":{"line":51,"column":21},"end":{"line":56,"column":4}},"locations":[{"start":{"line":51,"column":21},"end":{"line":56,"column":4}}]},"40":{"type":"branch","line":52,"loc":{"start":{"line":52,"column":40},"end":{"line":54,"column":5}},"locations":[{"start":{"line":52,"column":40},"end":{"line":54,"column":5}}]},"41":{"type":"branch","line":54,"loc":{"start":{"line":54,"column":4},"end":{"line":55,"column":47}},"locations":[{"start":{"line":54,"column":4},"end":{"line":55,"column":47}}]},"42":{"type":"branch","line":58,"loc":{"start":{"line":58,"column":21},"end":{"line":63,"column":4}},"locations":[{"start":{"line":58,"column":21},"end":{"line":63,"column":4}}]},"43":{"type":"branch","line":59,"loc":{"start":{"line":59,"column":26},"end":{"line":62,"column":16}},"locations":[{"start":{"line":59,"column":26},"end":{"line":62,"column":16}}]},"44":{"type":"branch","line":59,"loc":{"start":{"line":59,"column":26},"end":{"line":61,"column":5}},"locations":[{"start":{"line":59,"column":26},"end":{"line":61,"column":5}}]}},"b":{"0":[9],"1":[3],"2":[0],"3":[0],"4":[0],"5":[0],"6":[0],"7":[0],"8":[4],"9":[0],"10":[0],"11":[6],"12":[3],"13":[0],"14":[0],"15":[9],"16":[0],"17":[0],"18":[0],"19":[9],"20":[6],"21":[4],"22":[3],"23":[0],"24":[3],"25":[4],"26":[3],"27":[0],"28":[0],"29":[9],"30":[6],"31":[4],"32":[3],"33":[0],"34":[3],"35":[4],"36":[3],"37":[0],"38":[0],"39":[9],"40":[5],"41":[4],"42":[18],"43":[13],"44":[5]},"fnMap":{"0":{"name":"Block","decl":{"start":{"line":14,"column":7},"end":{"line":164,"column":1}},"loc":{"start":{"line":14,"column":7},"end":{"line":164,"column":1}},"line":14},"1":{"name":"getBlockClass","decl":{"start":{"line":18,"column":24},"end":{"line":27,"column":4}},"loc":{"start":{"line":18,"column":24},"end":{"line":27,"column":4}},"line":18},"2":{"name":"getBlockStatus","decl":{"start":{"line":29,"column":25},"end":{"line":36,"column":4}},"loc":{"start":{"line":29,"column":25},"end":{"line":36,"column":4}},"line":29},"3":{"name":"getStatusColor","decl":{"start":{"line":38,"column":25},"end":{"line":45,"column":4}},"loc":{"start":{"line":38,"column":25},"end":{"line":45,"column":4}},"line":38},"4":{"name":"handleDataChange","decl":{"start":{"line":47,"column":27},"end":{"line":49,"column":4}},"loc":{"start":{"line":47,"column":27},"end":{"line":49,"column":4}},"line":47},"5":{"name":"formatData","decl":{"start":{"line":51,"column":21},"end":{"line":56,"column":4}},"loc":{"start":{"line":51,"column":21},"end":{"line":56,"column":4}},"line":51},"6":{"name":"formatHash","decl":{"start":{"line":58,"column":21},"end":{"line":63,"column":4}},"loc":{"start":{"line":58,"column":21},"end":{"line":63,"column":4}},"line":58},"7":{"name":"onClick","decl":{"start":{"line":75,"column":21},"end":{"line":78,"column":14}},"loc":{"start":{"line":75,"column":21},"end":{"line":78,"column":14}},"line":75},"8":{"name":"onClick","decl":{"start":{"line":103,"column":23},"end":{"line":103,"column":50}},"loc":{"start":{"line":103,"column":23},"end":{"line":103,"column":50}},"line":103}},"f":{"0":9,"1":9,"2":9,"3":9,"4":0,"5":9,"6":18,"7":0,"8":0}}
,"C:\\Users\\flori\\Documents\\blockchain-visulizer\\src\\components\\BlockVisualization3D.tsx": {"path":"C:\\Users\\flori\\Documents\\blockchain-visulizer\\src\\components\\BlockVisualization3D.tsx","all":false,"statementMap":{"0":{"start":{"line":1,"column":0},"end":{"line":1,"column":55}},"2":{"start":{"line":3,"column":0},"end":{"line":3,"column":36}},"4":{"start":{"line":5,"column":0},"end":{"line":5,"column":40}},"5":{"start":{"line":6,"column":0},"end":{"line":6,"column":36}},"7":{"start":{"line":8,"column":0},"end":{"line":8,"column":58}},"8":{"start":{"line":9,"column":0},"end":{"line":9,"column":31}},"9":{"start":{"line":10,"column":0},"end":{"line":10,"column":50}},"10":{"start":{"line":11,"column":0},"end":{"line":11,"column":70}},"11":{"start":{"line":12,"column":0},"end":{"line":12,"column":73}},"12":{"start":{"line":13,"column":0},"end":{"line":13,"column":69}},"13":{"start":{"line":14,"column":0},"end":{"line":14,"column":21}},"14":{"start":{"line":15,"column":0},"end":{"line":15,"column":4}},"16":{"start":{"line":17,"column":0},"end":{"line":17,"column":45}},"17":{"start":{"line":18,"column":0},"end":{"line":18,"column":78}},"18":{"start":{"line":19,"column":0},"end":{"line":19,"column":67}},"19":{"start":{"line":20,"column":0},"end":{"line":20,"column":4}},"21":{"start":{"line":22,"column":0},"end":{"line":22,"column":10}},"22":{"start":{"line":23,"column":0},"end":{"line":23,"column":44}},"23":{"start":{"line":24,"column":0},"end":{"line":24,"column":44}},"24":{"start":{"line":25,"column":0},"end":{"line":25,"column":42}},"25":{"start":{"line":26,"column":0},"end":{"line":26,"column":74}},"26":{"start":{"line":27,"column":0},"end":{"line":27,"column":12}},"28":{"start":{"line":29,"column":0},"end":{"line":29,"column":43}},"29":{"start":{"line":30,"column":0},"end":{"line":30,"column":41}},"30":{"start":{"line":31,"column":0},"end":{"line":31,"column":47}},"31":{"start":{"line":32,"column":0},"end":{"line":32,"column":64}},"32":{"start":{"line":33,"column":0},"end":{"line":33,"column":59}},"33":{"start":{"line":34,"column":0},"end":{"line":34,"column":50}},"34":{"start":{"line":35,"column":0},"end":{"line":35,"column":68}},"35":{"start":{"line":36,"column":0},"end":{"line":36,"column":76}},"36":{"start":{"line":37,"column":0},"end":{"line":37,"column":48}},"37":{"start":{"line":38,"column":0},"end":{"line":38,"column":38}},"38":{"start":{"line":39,"column":0},"end":{"line":39,"column":28}},"39":{"start":{"line":40,"column":0},"end":{"line":40,"column":38}},"40":{"start":{"line":41,"column":0},"end":{"line":41,"column":29}},"41":{"start":{"line":42,"column":0},"end":{"line":42,"column":56}},"42":{"start":{"line":43,"column":0},"end":{"line":43,"column":31}},"43":{"start":{"line":44,"column":0},"end":{"line":44,"column":59}},"44":{"start":{"line":45,"column":0},"end":{"line":45,"column":33}},"45":{"start":{"line":46,"column":0},"end":{"line":46,"column":34}},"46":{"start":{"line":47,"column":0},"end":{"line":47,"column":24}},"47":{"start":{"line":48,"column":0},"end":{"line":48,"column":22}},"48":{"start":{"line":49,"column":0},"end":{"line":49,"column":49}},"49":{"start":{"line":50,"column":0},"end":{"line":50,"column":85}},"50":{"start":{"line":51,"column":0},"end":{"line":51,"column":22}},"51":{"start":{"line":52,"column":0},"end":{"line":52,"column":55}},"52":{"start":{"line":53,"column":0},"end":{"line":53,"column":56}},"53":{"start":{"line":54,"column":0},"end":{"line":54,"column":54}},"54":{"start":{"line":55,"column":0},"end":{"line":55,"column":57}},"55":{"start":{"line":56,"column":0},"end":{"line":56,"column":20}},"57":{"start":{"line":58,"column":0},"end":{"line":58,"column":51}},"58":{"start":{"line":59,"column":0},"end":{"line":59,"column":20}},"59":{"start":{"line":60,"column":0},"end":{"line":60,"column":46}},"60":{"start":{"line":61,"column":0},"end":{"line":61,"column":71}},"61":{"start":{"line":62,"column":0},"end":{"line":62,"column":38}},"62":{"start":{"line":63,"column":0},"end":{"line":63,"column":35}},"63":{"start":{"line":64,"column":0},"end":{"line":64,"column":21}},"65":{"start":{"line":66,"column":0},"end":{"line":66,"column":55}},"66":{"start":{"line":67,"column":0},"end":{"line":67,"column":22}},"68":{"start":{"line":69,"column":0},"end":{"line":69,"column":18}},"69":{"start":{"line":70,"column":0},"end":{"line":70,"column":13}},"70":{"start":{"line":71,"column":0},"end":{"line":71,"column":14}},"71":{"start":{"line":72,"column":0},"end":{"line":72,"column":12}},"72":{"start":{"line":73,"column":0},"end":{"line":73,"column":10}},"74":{"start":{"line":75,"column":0},"end":{"line":75,"column":1}}},"s":{"0":1,"2":1,"4":1,"5":5,"7":5,"8":5,"9":5,"10":5,"11":0,"12":0,"13":5,"14":5,"16":5,"17":5,"18":5,"19":5,"21":5,"22":5,"23":5,"24":5,"25":5,"26":5,"28":5,"29":5,"30":5,"31":5,"32":5,"33":5,"34":5,"35":5,"36":5,"37":5,"38":5,"39":0,"40":0,"41":0,"42":0,"43":0,"44":0,"45":0,"46":5,"47":5,"48":5,"49":5,"50":5,"51":5,"52":5,"53":5,"54":5,"55":5,"57":5,"58":0,"59":0,"60":0,"61":0,"62":0,"63":0,"65":0,"66":0,"68":5,"69":5,"70":5,"71":5,"72":5,"74":5},"branchMap":{"0":{"type":"branch","line":5,"loc":{"start":{"line":5,"column":7},"end":{"line":75,"column":1}},"locations":[{"start":{"line":5,"column":7},"end":{"line":75,"column":1}}]},"1":{"type":"branch","line":8,"loc":{"start":{"line":8,"column":24},"end":{"line":15,"column":4}},"locations":[{"start":{"line":8,"column":24},"end":{"line":15,"column":4}}]},"2":{"type":"branch","line":10,"loc":{"start":{"line":10,"column":24},"end":{"line":10,"column":50}},"locations":[{"start":{"line":10,"column":24},"end":{"line":10,"column":50}}]},"3":{"type":"branch","line":11,"loc":{"start":{"line":11,"column":58},"end":{"line":13,"column":69}},"locations":[{"start":{"line":11,"column":58},"end":{"line":13,"column":69}}]},"4":{"type":"branch","line":17,"loc":{"start":{"line":17,"column":26},"end":{"line":20,"column":4}},"locations":[{"start":{"line":17,"column":26},"end":{"line":20,"column":4}}]},"5":{"type":"branch","line":18,"loc":{"start":{"line":18,"column":56},"end":{"line":18,"column":78}},"locations":[{"start":{"line":18,"column":56},"end":{"line":18,"column":78}}]},"6":{"type":"branch","line":19,"loc":{"start":{"line":19,"column":25},"end":{"line":19,"column":62}},"locations":[{"start":{"line":19,"column":25},"end":{"line":19,"column":62}}]},"7":{"type":"branch","line":31,"loc":{"start":{"line":31,"column":28},"end":{"line":69,"column":18}},"locations":[{"start":{"line":31,"column":28},"end":{"line":69,"column":18}}]},"8":{"type":"branch","line":39,"loc":{"start":{"line":39,"column":24},"end":{"line":46,"column":34}},"locations":[{"start":{"line":39,"column":24},"end":{"line":46,"column":34}}]},"9":{"type":"branch","line":58,"loc":{"start":{"line":58,"column":45},"end":{"line":67,"column":22}},"locations":[{"start":{"line":58,"column":45},"end":{"line":67,"column":22}}]}},"b":{"0":[5],"1":[5],"2":[0],"3":[0],"4":[5],"5":[0],"6":[0],"7":[5],"8":[0],"9":[0]},"fnMap":{"0":{"name":"BlockVisualization3D","decl":{"start":{"line":5,"column":7},"end":{"line":75,"column":1}},"loc":{"start":{"line":5,"column":7},"end":{"line":75,"column":1}},"line":5},"1":{"name":"getBlockClass","decl":{"start":{"line":8,"column":24},"end":{"line":15,"column":4}},"loc":{"start":{"line":8,"column":24},"end":{"line":15,"column":4}},"line":8},"2":{"name":"getBlockContent","decl":{"start":{"line":17,"column":26},"end":{"line":20,"column":4}},"loc":{"start":{"line":17,"column":26},"end":{"line":20,"column":4}},"line":17}},"f":{"0":5,"1":5,"2":5}}
,"C:\\Users\\flori\\Documents\\blockchain-visulizer\\src\\components\\BlockchainVisualization.tsx": {"path":"C:\\Users\\flori\\Documents\\blockchain-visulizer\\src\\components\\BlockchainVisualization.tsx","all":false,"statementMap":{"0":{"start":{"line":1,"column":0},"end":{"line":1,"column":26}},"1":{"start":{"line":2,"column":0},"end":{"line":2,"column":32}},"2":{"start":{"line":3,"column":0},"end":{"line":3,"column":55}},"3":{"start":{"line":4,"column":0},"end":{"line":4,"column":39}},"5":{"start":{"line":6,"column":0},"end":{"line":6,"column":43}},"6":{"start":{"line":7,"column":0},"end":{"line":7,"column":77}},"8":{"start":{"line":9,"column":0},"end":{"line":9,"column":53}},"9":{"start":{"line":10,"column":0},"end":{"line":10,"column":72}},"10":{"start":{"line":11,"column":0},"end":{"line":11,"column":4}},"12":{"start":{"line":13,"column":0},"end":{"line":13,"column":51}},"13":{"start":{"line":14,"column":0},"end":{"line":14,"column":26}},"14":{"start":{"line":15,"column":0},"end":{"line":15,"column":4}},"16":{"start":{"line":17,"column":0},"end":{"line":17,"column":71}},"17":{"start":{"line":18,"column":0},"end":{"line":18,"column":38}},"18":{"start":{"line":19,"column":0},"end":{"line":19,"column":4}},"20":{"start":{"line":21,"column":0},"end":{"line":21,"column":10}},"21":{"start":{"line":22,"column":0},"end":{"line":22,"column":46}},"22":{"start":{"line":23,"column":0},"end":{"line":23,"column":36}},"23":{"start":{"line":24,"column":0},"end":{"line":24,"column":41}},"24":{"start":{"line":25,"column":0},"end":{"line":25,"column":84}},"25":{"start":{"line":26,"column":0},"end":{"line":26,"column":68}},"26":{"start":{"line":27,"column":0},"end":{"line":27,"column":14}},"27":{"start":{"line":28,"column":0},"end":{"line":28,"column":12}},"29":{"start":{"line":30,"column":0},"end":{"line":30,"column":35}},"30":{"start":{"line":31,"column":0},"end":{"line":31,"column":43}},"31":{"start":{"line":32,"column":0},"end":{"line":32,"column":100}},"33":{"start":{"line":34,"column":0},"end":{"line":34,"column":14}},"36":{"start":{"line":37,"column":0},"end":{"line":37,"column":40}},"37":{"start":{"line":38,"column":0},"end":{"line":38,"column":45}},"38":{"start":{"line":39,"column":0},"end":{"line":39,"column":44}},"39":{"start":{"line":40,"column":0},"end":{"line":40,"column":18}},"40":{"start":{"line":41,"column":0},"end":{"line":41,"column":27}},"41":{"start":{"line":42,"column":0},"end":{"line":42,"column":56}},"42":{"start":{"line":43,"column":0},"end":{"line":43,"column":55}},"43":{"start":{"line":44,"column":0},"end":{"line":44,"column":51}},"44":{"start":{"line":45,"column":0},"end":{"line":45,"column":73}},"45":{"start":{"line":46,"column":0},"end":{"line":46,"column":14}},"46":{"start":{"line":47,"column":0},"end":{"line":47,"column":49}},"47":{"start":{"line":48,"column":0},"end":{"line":48,"column":18}},"48":{"start":{"line":49,"column":0},"end":{"line":49,"column":42}},"49":{"start":{"line":50,"column":0},"end":{"line":50,"column":100}},"50":{"start":{"line":51,"column":0},"end":{"line":51,"column":19}},"52":{"start":{"line":53,"column":0},"end":{"line":53,"column":46}},"53":{"start":{"line":54,"column":0},"end":{"line":54,"column":49}},"54":{"start":{"line":55,"column":0},"end":{"line":55,"column":70}},"55":{"start":{"line":56,"column":0},"end":{"line":56,"column":33}},"56":{"start":{"line":57,"column":0},"end":{"line":57,"column":36}},"57":{"start":{"line":58,"column":0},"end":{"line":58,"column":22}},"58":{"start":{"line":59,"column":0},"end":{"line":59,"column":20}},"60":{"start":{"line":61,"column":0},"end":{"line":61,"column":27}},"61":{"start":{"line":62,"column":0},"end":{"line":62,"column":11}},"62":{"start":{"line":63,"column":0},"end":{"line":63,"column":12}},"63":{"start":{"line":64,"column":0},"end":{"line":64,"column":10}},"65":{"start":{"line":66,"column":0},"end":{"line":66,"column":1}}},"s":{"0":1,"1":1,"2":1,"3":1,"5":1,"6":5,"8":5,"9":0,"10":0,"12":5,"13":0,"14":0,"16":5,"17":0,"18":0,"20":5,"21":5,"22":5,"23":5,"24":5,"25":5,"26":5,"27":5,"29":5,"30":0,"31":0,"33":0,"36":5,"37":5,"38":5,"39":5,"40":5,"41":5,"42":5,"43":5,"44":5,"45":5,"46":5,"47":0,"48":0,"49":0,"50":0,"52":0,"53":0,"54":0,"55":0,"56":0,"57":0,"58":0,"60":5,"61":5,"62":5,"63":5,"65":5},"branchMap":{"0":{"type":"branch","line":6,"loc":{"start":{"line":6,"column":7},"end":{"line":66,"column":1}},"locations":[{"start":{"line":6,"column":7},"end":{"line":66,"column":1}}]},"1":{"type":"branch","line":25,"loc":{"start":{"line":25,"column":61},"end":{"line":25,"column":80}},"locations":[{"start":{"line":25,"column":61},"end":{"line":25,"column":80}}]},"2":{"type":"branch","line":26,"loc":{"start":{"line":26,"column":32},"end":{"line":26,"column":68}},"locations":[{"start":{"line":26,"column":32},"end":{"line":26,"column":68}}]},"3":{"type":"branch","line":30,"loc":{"start":{"line":30,"column":29},"end":{"line":34,"column":14}},"locations":[{"start":{"line":30,"column":29},"end":{"line":34,"column":14}}]},"4":{"type":"branch","line":38,"loc":{"start":{"line":38,"column":26},"end":{"line":61,"column":27}},"locations":[{"start":{"line":38,"column":26},"end":{"line":61,"column":27}}]},"5":{"type":"branch","line":47,"loc":{"start":{"line":47,"column":43},"end":{"line":59,"column":20}},"locations":[{"start":{"line":47,"column":43},"end":{"line":59,"column":20}}]}},"b":{"0":[5],"1":[0],"2":[0],"3":[0],"4":[5],"5":[0]},"fnMap":{"0":{"name":"BlockchainVisualization","decl":{"start":{"line":6,"column":7},"end":{"line":66,"column":1}},"loc":{"start":{"line":6,"column":7},"end":{"line":66,"column":1}},"line":6},"1":{"name":"handleBlockSelect","decl":{"start":{"line":9,"column":28},"end":{"line":11,"column":4}},"loc":{"start":{"line":9,"column":28},"end":{"line":11,"column":4}},"line":9},"2":{"name":"handleMineBlock","decl":{"start":{"line":13,"column":26},"end":{"line":15,"column":4}},"loc":{"start":{"line":13,"column":26},"end":{"line":15,"column":4}},"line":13},"3":{"name":"handleUpdateBlockData","decl":{"start":{"line":17,"column":32},"end":{"line":19,"column":4}},"loc":{"start":{"line":17,"column":32},"end":{"line":19,"column":4}},"line":17},"4":{"name":"onSelect","decl":{"start":{"line":43,"column":24},"end":{"line":43,"column":55}},"loc":{"start":{"line":43,"column":24},"end":{"line":43,"column":55}},"line":43},"5":{"name":"onMine","decl":{"start":{"line":44,"column":22},"end":{"line":44,"column":51}},"loc":{"start":{"line":44,"column":22},"end":{"line":44,"column":51}},"line":44},"6":{"name":"onUpdateData","decl":{"start":{"line":45,"column":28},"end":{"line":45,"column":73}},"loc":{"start":{"line":45,"column":28},"end":{"line":45,"column":73}},"line":45}},"f":{"0":5,"1":0,"2":0,"3":0,"4":0,"5":0,"6":0}}
,"C:\\Users\\flori\\Documents\\blockchain-visulizer\\src\\components\\ControlPanel.tsx": {"path":"C:\\Users\\flori\\Documents\\blockchain-visulizer\\src\\components\\ControlPanel.tsx","all":false,"statementMap":{"0":{"start":{"line":1,"column":0},"end":{"line":1,"column":33}},"1":{"start":{"line":2,"column":0},"end":{"line":2,"column":55}},"2":{"start":{"line":3,"column":0},"end":{"line":3,"column":54}},"4":{"start":{"line":5,"column":0},"end":{"line":5,"column":28}},"6":{"start":{"line":7,"column":0},"end":{"line":7,"column":32}},"7":{"start":{"line":8,"column":0},"end":{"line":8,"column":73}},"8":{"start":{"line":9,"column":0},"end":{"line":9,"column":55}},"9":{"start":{"line":10,"column":0},"end":{"line":10,"column":76}},"10":{"start":{"line":11,"column":0},"end":{"line":11,"column":70}},"11":{"start":{"line":12,"column":0},"end":{"line":12,"column":56}},"12":{"start":{"line":13,"column":0},"end":{"line":13,"column":13}},"13":{"start":{"line":14,"column":0},"end":{"line":14,"column":11}},"14":{"start":{"line":15,"column":0},"end":{"line":15,"column":14}},"15":{"start":{"line":16,"column":0},"end":{"line":16,"column":5}},"17":{"start":{"line":18,"column":0},"end":{"line":18,"column":32}},"18":{"start":{"line":19,"column":0},"end":{"line":19,"column":53}},"19":{"start":{"line":20,"column":0},"end":{"line":20,"column":36}},"20":{"start":{"line":21,"column":0},"end":{"line":21,"column":26}},"21":{"start":{"line":22,"column":0},"end":{"line":22,"column":72}},"22":{"start":{"line":23,"column":0},"end":{"line":23,"column":34}},"23":{"start":{"line":24,"column":0},"end":{"line":24,"column":26}},"24":{"start":{"line":25,"column":0},"end":{"line":25,"column":5}},"25":{"start":{"line":26,"column":0},"end":{"line":26,"column":4}},"27":{"start":{"line":28,"column":0},"end":{"line":28,"column":38}},"28":{"start":{"line":29,"column":0},"end":{"line":29,"column":80}},"29":{"start":{"line":30,"column":0},"end":{"line":30,"column":60}},"30":{"start":{"line":31,"column":0},"end":{"line":31,"column":28}},"31":{"start":{"line":32,"column":0},"end":{"line":32,"column":26}},"32":{"start":{"line":33,"column":0},"end":{"line":33,"column":29}},"33":{"start":{"line":34,"column":0},"end":{"line":34,"column":8}},"34":{"start":{"line":35,"column":0},"end":{"line":35,"column":54}},"35":{"start":{"line":36,"column":0},"end":{"line":36,"column":57}},"36":{"start":{"line":37,"column":0},"end":{"line":37,"column":5}},"37":{"start":{"line":38,"column":0},"end":{"line":38,"column":4}},"39":{"start":{"line":40,"column":0},"end":{"line":40,"column":48}},"40":{"start":{"line":41,"column":0},"end":{"line":41,"column":64}},"41":{"start":{"line":42,"column":0},"end":{"line":42,"column":4}},"43":{"start":{"line":44,"column":0},"end":{"line":44,"column":10}},"44":{"start":{"line":45,"column":0},"end":{"line":45,"column":35}},"45":{"start":{"line":46,"column":0},"end":{"line":46,"column":37}},"46":{"start":{"line":47,"column":0},"end":{"line":47,"column":36}},"47":{"start":{"line":48,"column":0},"end":{"line":48,"column":45}},"48":{"start":{"line":49,"column":0},"end":{"line":49,"column":83}},"49":{"start":{"line":50,"column":0},"end":{"line":50,"column":16}},"50":{"start":{"line":51,"column":0},"end":{"line":51,"column":27}},"51":{"start":{"line":52,"column":0},"end":{"line":52,"column":24}},"52":{"start":{"line":53,"column":0},"end":{"line":53,"column":19}},"53":{"start":{"line":54,"column":0},"end":{"line":54,"column":19}},"54":{"start":{"line":55,"column":0},"end":{"line":55,"column":36}},"55":{"start":{"line":56,"column":0},"end":{"line":56,"column":69}},"56":{"start":{"line":57,"column":0},"end":{"line":57,"column":12}},"57":{"start":{"line":58,"column":0},"end":{"line":58,"column":44}},"59":{"start":{"line":60,"column":0},"end":{"line":60,"column":17}},"60":{"start":{"line":61,"column":0},"end":{"line":61,"column":14}},"61":{"start":{"line":62,"column":0},"end":{"line":62,"column":12}},"63":{"start":{"line":64,"column":0},"end":{"line":64,"column":37}},"64":{"start":{"line":65,"column":0},"end":{"line":65,"column":30}},"66":{"start":{"line":67,"column":0},"end":{"line":67,"column":44}},"67":{"start":{"line":68,"column":0},"end":{"line":68,"column":17}},"68":{"start":{"line":69,"column":0},"end":{"line":69,"column":18}},"69":{"start":{"line":70,"column":0},"end":{"line":70,"column":26}},"70":{"start":{"line":71,"column":0},"end":{"line":71,"column":26}},"71":{"start":{"line":72,"column":0},"end":{"line":72,"column":43}},"72":{"start":{"line":73,"column":0},"end":{"line":73,"column":69}},"73":{"start":{"line":74,"column":0},"end":{"line":74,"column":14}},"75":{"start":{"line":76,"column":0},"end":{"line":76,"column":18}},"76":{"start":{"line":77,"column":0},"end":{"line":77,"column":17}},"77":{"start":{"line":78,"column":0},"end":{"line":78,"column":18}},"78":{"start":{"line":79,"column":0},"end":{"line":79,"column":26}},"79":{"start":{"line":80,"column":0},"end":{"line":80,"column":34}},"80":{"start":{"line":81,"column":0},"end":{"line":81,"column":51}},"81":{"start":{"line":82,"column":0},"end":{"line":82,"column":77}},"82":{"start":{"line":83,"column":0},"end":{"line":83,"column":14}},"84":{"start":{"line":85,"column":0},"end":{"line":85,"column":18}},"85":{"start":{"line":86,"column":0},"end":{"line":86,"column":14}},"87":{"start":{"line":88,"column":0},"end":{"line":88,"column":32}},"88":{"start":{"line":89,"column":0},"end":{"line":89,"column":46}},"89":{"start":{"line":90,"column":0},"end":{"line":90,"column":21}},"90":{"start":{"line":91,"column":0},"end":{"line":91,"column":34}},"91":{"start":{"line":92,"column":0},"end":{"line":92,"column":63}},"92":{"start":{"line":93,"column":0},"end":{"line":93,"column":47}},"93":{"start":{"line":94,"column":0},"end":{"line":94,"column":22}},"94":{"start":{"line":95,"column":0},"end":{"line":95,"column":14}},"95":{"start":{"line":96,"column":0},"end":{"line":96,"column":19}},"96":{"start":{"line":97,"column":0},"end":{"line":97,"column":38}},"97":{"start":{"line":98,"column":0},"end":{"line":98,"column":45}},"98":{"start":{"line":99,"column":0},"end":{"line":99,"column":39}},"99":{"start":{"line":100,"column":0},"end":{"line":100,"column":13}},"101":{"start":{"line":102,"column":0},"end":{"line":102,"column":21}},"102":{"start":{"line":103,"column":0},"end":{"line":103,"column":16}},"104":{"start":{"line":105,"column":0},"end":{"line":105,"column":53}},"105":{"start":{"line":106,"column":0},"end":{"line":106,"column":46}},"106":{"start":{"line":107,"column":0},"end":{"line":107,"column":20}},"107":{"start":{"line":108,"column":0},"end":{"line":108,"column":27}},"108":{"start":{"line":109,"column":0},"end":{"line":109,"column":42}},"109":{"start":{"line":110,"column":0},"end":{"line":110,"column":43}},"110":{"start":{"line":111,"column":0},"end":{"line":111,"column":96}},"111":{"start":{"line":112,"column":0},"end":{"line":112,"column":16}},"112":{"start":{"line":113,"column":0},"end":{"line":113,"column":20}},"113":{"start":{"line":114,"column":0},"end":{"line":114,"column":27}},"114":{"start":{"line":115,"column":0},"end":{"line":115,"column":40}},"115":{"start":{"line":116,"column":0},"end":{"line":116,"column":41}},"116":{"start":{"line":117,"column":0},"end":{"line":117,"column":94}},"117":{"start":{"line":118,"column":0},"end":{"line":118,"column":16}},"118":{"start":{"line":119,"column":0},"end":{"line":119,"column":20}},"119":{"start":{"line":120,"column":0},"end":{"line":120,"column":29}},"120":{"start":{"line":121,"column":0},"end":{"line":121,"column":36}},"121":{"start":{"line":122,"column":0},"end":{"line":122,"column":51}},"122":{"start":{"line":123,"column":0},"end":{"line":123,"column":32}},"123":{"start":{"line":124,"column":0},"end":{"line":124,"column":99}},"125":{"start":{"line":126,"column":0},"end":{"line":126,"column":23}},"126":{"start":{"line":127,"column":0},"end":{"line":127,"column":27}},"127":{"start":{"line":128,"column":0},"end":{"line":128,"column":16}},"128":{"start":{"line":129,"column":0},"end":{"line":129,"column":21}},"129":{"start":{"line":130,"column":0},"end":{"line":130,"column":46}},"130":{"start":{"line":131,"column":0},"end":{"line":131,"column":99}},"131":{"start":{"line":132,"column":0},"end":{"line":132,"column":47}},"132":{"start":{"line":133,"column":0},"end":{"line":133,"column":15}},"134":{"start":{"line":135,"column":0},"end":{"line":135,"column":23}},"135":{"start":{"line":136,"column":0},"end":{"line":136,"column":18}},"137":{"start":{"line":138,"column":0},"end":{"line":138,"column":41}},"138":{"start":{"line":139,"column":0},"end":{"line":139,"column":48}},"139":{"start":{"line":140,"column":0},"end":{"line":140,"column":69}},"140":{"start":{"line":141,"column":0},"end":{"line":141,"column":50}},"141":{"start":{"line":142,"column":0},"end":{"line":142,"column":64}},"142":{"start":{"line":143,"column":0},"end":{"line":143,"column":26}},"143":{"start":{"line":144,"column":0},"end":{"line":144,"column":54}},"144":{"start":{"line":145,"column":0},"end":{"line":145,"column":27}},"145":{"start":{"line":146,"column":0},"end":{"line":146,"column":79}},"146":{"start":{"line":147,"column":0},"end":{"line":147,"column":24}},"147":{"start":{"line":148,"column":0},"end":{"line":148,"column":19}},"148":{"start":{"line":149,"column":0},"end":{"line":149,"column":75}},"150":{"start":{"line":151,"column":0},"end":{"line":151,"column":25}},"151":{"start":{"line":152,"column":0},"end":{"line":152,"column":20}},"153":{"start":{"line":154,"column":0},"end":{"line":154,"column":16}},"155":{"start":{"line":156,"column":0},"end":{"line":156,"column":12}},"157":{"start":{"line":158,"column":0},"end":{"line":158,"column":37}},"158":{"start":{"line":159,"column":0},"end":{"line":159,"column":30}},"159":{"start":{"line":160,"column":0},"end":{"line":160,"column":39}},"160":{"start":{"line":161,"column":0},"end":{"line":161,"column":61}},"162":{"start":{"line":163,"column":0},"end":{"line":163,"column":19}},"163":{"start":{"line":164,"column":0},"end":{"line":164,"column":39}},"164":{"start":{"line":165,"column":0},"end":{"line":165,"column":58}},"165":{"start":{"line":166,"column":0},"end":{"line":166,"column":83}},"166":{"start":{"line":167,"column":0},"end":{"line":167,"column":78}},"167":{"start":{"line":168,"column":0},"end":{"line":168,"column":16}},"168":{"start":{"line":169,"column":0},"end":{"line":169,"column":14}},"169":{"start":{"line":170,"column":0},"end":{"line":170,"column":12}},"171":{"start":{"line":172,"column":0},"end":{"line":172,"column":37}},"172":{"start":{"line":173,"column":0},"end":{"line":173,"column":29}},"173":{"start":{"line":174,"column":0},"end":{"line":174,"column":37}},"174":{"start":{"line":175,"column":0},"end":{"line":175,"column":85}},"175":{"start":{"line":176,"column":0},"end":{"line":176,"column":70}},"176":{"start":{"line":177,"column":0},"end":{"line":177,"column":16}},"177":{"start":{"line":178,"column":0},"end":{"line":178,"column":98}},"178":{"start":{"line":179,"column":0},"end":{"line":179,"column":14}},"179":{"start":{"line":180,"column":0},"end":{"line":180,"column":12}},"180":{"start":{"line":181,"column":0},"end":{"line":181,"column":10}},"182":{"start":{"line":183,"column":0},"end":{"line":183,"column":1}}},"s":{"0":1,"1":1,"2":1,"4":1,"6":1,"7":12,"8":12,"9":12,"10":12,"11":12,"12":12,"13":12,"14":12,"15":12,"17":12,"18":0,"19":0,"20":0,"21":0,"22":0,"23":0,"24":0,"25":0,"27":12,"28":0,"29":0,"30":0,"31":0,"32":0,"33":0,"34":0,"35":0,"36":0,"37":0,"39":12,"40":0,"41":0,"43":12,"44":12,"45":12,"46":12,"47":12,"48":12,"49":12,"50":12,"51":12,"52":12,"53":12,"54":12,"55":12,"56":12,"57":12,"59":12,"60":12,"61":12,"63":12,"64":12,"66":12,"67":12,"68":12,"69":12,"70":12,"71":12,"72":12,"73":12,"75":12,"76":12,"77":12,"78":12,"79":12,"80":12,"81":12,"82":12,"84":12,"85":12,"87":12,"88":12,"89":12,"90":12,"91":12,"92":12,"93":12,"94":12,"95":12,"96":12,"97":12,"98":12,"99":12,"101":12,"102":12,"104":0,"105":0,"106":0,"107":0,"108":0,"109":0,"110":0,"111":0,"112":0,"113":0,"114":0,"115":0,"116":0,"117":0,"118":0,"119":0,"120":0,"121":0,"122":0,"123":0,"125":0,"126":0,"127":0,"128":0,"129":0,"130":0,"131":0,"132":0,"134":0,"135":0,"137":0,"138":0,"139":0,"140":0,"141":0,"142":0,"143":0,"144":0,"145":0,"146":0,"147":0,"148":0,"150":0,"151":0,"153":0,"155":12,"157":12,"158":12,"159":12,"160":12,"162":12,"163":12,"164":12,"165":12,"166":12,"167":12,"168":12,"169":12,"171":12,"172":12,"173":12,"174":12,"175":12,"176":12,"177":12,"178":12,"179":12,"180":12,"182":12},"branchMap":{"0":{"type":"branch","line":7,"loc":{"start":{"line":7,"column":7},"end":{"line":183,"column":1}},"locations":[{"start":{"line":7,"column":7},"end":{"line":183,"column":1}}]},"1":{"type":"branch","line":103,"loc":{"start":{"line":103,"column":10},"end":{"line":154,"column":16}},"locations":[{"start":{"line":103,"column":10},"end":{"line":154,"column":16}}]},"2":{"type":"branch","line":175,"loc":{"start":{"line":175,"column":62},"end":{"line":175,"column":81}},"locations":[{"start":{"line":175,"column":62},"end":{"line":175,"column":81}}]},"3":{"type":"branch","line":176,"loc":{"start":{"line":176,"column":50},"end":{"line":176,"column":70}},"locations":[{"start":{"line":176,"column":50},"end":{"line":176,"column":70}}]},"4":{"type":"branch","line":56,"loc":{"start":{"line":56,"column":22},"end":{"line":56,"column":69}},"locations":[{"start":{"line":56,"column":22},"end":{"line":56,"column":69}}]},"5":{"type":"branch","line":166,"loc":{"start":{"line":166,"column":52},"end":{"line":166,"column":68}},"locations":[{"start":{"line":166,"column":52},"end":{"line":166,"column":68}}]},"6":{"type":"branch","line":167,"loc":{"start":{"line":167,"column":46},"end":{"line":167,"column":63}},"locations":[{"start":{"line":167,"column":46},"end":{"line":167,"column":63}}]}},"b":{"0":[12],"1":[0],"2":[0],"3":[0],"4":[1],"5":[12],"6":[12]},"fnMap":{"0":{"name":"ControlPanel","decl":{"start":{"line":7,"column":7},"end":{"line":183,"column":1}},"loc":{"start":{"line":7,"column":7},"end":{"line":183,"column":1}},"line":7},"1":{"name":"handleAddBlock","decl":{"start":{"line":18,"column":25},"end":{"line":26,"column":4}},"loc":{"start":{"line":18,"column":25},"end":{"line":26,"column":4}},"line":18},"2":{"name":"handleAddTransaction","decl":{"start":{"line":28,"column":31},"end":{"line":38,"column":4}},"loc":{"start":{"line":28,"column":31},"end":{"line":38,"column":4}},"line":28},"3":{"name":"removeTransaction","decl":{"start":{"line":40,"column":28},"end":{"line":42,"column":4}},"loc":{"start":{"line":40,"column":28},"end":{"line":42,"column":4}},"line":40},"4":{"name":"onChange","decl":{"start":{"line":56,"column":22},"end":{"line":56,"column":69}},"loc":{"start":{"line":56,"column":22},"end":{"line":56,"column":69}},"line":56},"5":{"name":"onChange","decl":{"start":{"line":73,"column":24},"end":{"line":73,"column":69}},"loc":{"start":{"line":73,"column":24},"end":{"line":73,"column":69}},"line":73},"6":{"name":"onChange","decl":{"start":{"line":82,"column":24},"end":{"line":82,"column":77}},"loc":{"start":{"line":82,"column":24},"end":{"line":82,"column":77}},"line":82},"7":{"name":"onChange","decl":{"start":{"line":92,"column":24},"end":{"line":92,"column":63}},"loc":{"start":{"line":92,"column":24},"end":{"line":92,"column":63}},"line":92},"8":{"name":"onChange","decl":{"start":{"line":111,"column":26},"end":{"line":111,"column":96}},"loc":{"start":{"line":111,"column":26},"end":{"line":111,"column":96}},"line":111},"9":{"name":"onChange","decl":{"start":{"line":117,"column":26},"end":{"line":117,"column":94}},"loc":{"start":{"line":117,"column":26},"end":{"line":117,"column":94}},"line":117},"10":{"name":"onChange","decl":{"start":{"line":123,"column":26},"end":{"line":124,"column":99}},"loc":{"start":{"line":123,"column":26},"end":{"line":124,"column":99}},"line":123}},"f":{"0":12,"1":0,"2":0,"3":0,"4":1,"5":0,"6":0,"7":0,"8":0,"9":0,"10":0}}
,"C:\\Users\\flori\\Documents\\blockchain-visulizer\\src\\components\\Footer.tsx": {"path":"C:\\Users\\flori\\Documents\\blockchain-visulizer\\src\\components\\Footer.tsx","all":false,"statementMap":{"0":{"start":{"line":1,"column":0},"end":{"line":1,"column":22}},"2":{"start":{"line":3,"column":0},"end":{"line":3,"column":26}},"3":{"start":{"line":4,"column":0},"end":{"line":4,"column":10}},"4":{"start":{"line":5,"column":0},"end":{"line":5,"column":31}},"5":{"start":{"line":6,"column":0},"end":{"line":6,"column":38}},"6":{"start":{"line":7,"column":0},"end":{"line":7,"column":40}},"7":{"start":{"line":8,"column":0},"end":{"line":8,"column":40}},"8":{"start":{"line":9,"column":0},"end":{"line":9,"column":13}},"11":{"start":{"line":12,"column":0},"end":{"line":12,"column":14}},"12":{"start":{"line":13,"column":0},"end":{"line":13,"column":14}},"14":{"start":{"line":15,"column":0},"end":{"line":15,"column":40}},"15":{"start":{"line":16,"column":0},"end":{"line":16,"column":26}},"16":{"start":{"line":17,"column":0},"end":{"line":17,"column":40}},"17":{"start":{"line":18,"column":0},"end":{"line":18,"column":14}},"18":{"start":{"line":19,"column":0},"end":{"line":19,"column":48}},"19":{"start":{"line":20,"column":0},"end":{"line":20,"column":29}},"20":{"start":{"line":21,"column":0},"end":{"line":21,"column":39}},"21":{"start":{"line":22,"column":0},"end":{"line":22,"column":44}},"23":{"start":{"line":24,"column":0},"end":{"line":24,"column":62}},"24":{"start":{"line":25,"column":0},"end":{"line":25,"column":21}},"25":{"start":{"line":26,"column":0},"end":{"line":26,"column":37}},"26":{"start":{"line":27,"column":0},"end":{"line":27,"column":735}},"27":{"start":{"line":28,"column":0},"end":{"line":28,"column":18}},"28":{"start":{"line":29,"column":0},"end":{"line":29,"column":20}},"30":{"start":{"line":31,"column":0},"end":{"line":31,"column":16}},"31":{"start":{"line":32,"column":0},"end":{"line":32,"column":14}},"32":{"start":{"line":33,"column":0},"end":{"line":33,"column":63}},"33":{"start":{"line":34,"column":0},"end":{"line":34,"column":29}},"34":{"start":{"line":35,"column":0},"end":{"line":35,"column":39}},"35":{"start":{"line":36,"column":0},"end":{"line":36,"column":46}},"37":{"start":{"line":38,"column":0},"end":{"line":38,"column":62}},"38":{"start":{"line":39,"column":0},"end":{"line":39,"column":21}},"39":{"start":{"line":40,"column":0},"end":{"line":40,"column":37}},"40":{"start":{"line":41,"column":0},"end":{"line":41,"column":520}},"41":{"start":{"line":42,"column":0},"end":{"line":42,"column":18}},"42":{"start":{"line":43,"column":0},"end":{"line":43,"column":20}},"44":{"start":{"line":45,"column":0},"end":{"line":45,"column":16}},"45":{"start":{"line":46,"column":0},"end":{"line":46,"column":16}},"46":{"start":{"line":47,"column":0},"end":{"line":47,"column":14}},"47":{"start":{"line":48,"column":0},"end":{"line":48,"column":12}},"49":{"start":{"line":50,"column":0},"end":{"line":50,"column":37}},"50":{"start":{"line":51,"column":0},"end":{"line":51,"column":47}},"51":{"start":{"line":52,"column":0},"end":{"line":52,"column":43}},"52":{"start":{"line":53,"column":0},"end":{"line":53,"column":14}},"53":{"start":{"line":54,"column":0},"end":{"line":54,"column":12}},"54":{"start":{"line":55,"column":0},"end":{"line":55,"column":13}},"56":{"start":{"line":57,"column":0},"end":{"line":57,"column":1}}},"s":{"0":1,"2":1,"3":5,"4":5,"5":5,"6":5,"7":5,"8":5,"11":5,"12":5,"14":5,"15":5,"16":5,"17":5,"18":5,"19":5,"20":5,"21":5,"23":5,"24":5,"25":5,"26":5,"27":5,"28":5,"30":5,"31":5,"32":5,"33":5,"34":5,"35":5,"37":5,"38":5,"39":5,"40":5,"41":5,"42":5,"44":5,"45":5,"46":5,"47":5,"49":5,"50":5,"51":5,"52":5,"53":5,"54":5,"56":5},"branchMap":{"0":{"type":"branch","line":3,"loc":{"start":{"line":3,"column":7},"end":{"line":57,"column":1}},"locations":[{"start":{"line":3,"column":7},"end":{"line":57,"column":1}}]}},"b":{"0":[5]},"fnMap":{"0":{"name":"Footer","decl":{"start":{"line":3,"column":7},"end":{"line":57,"column":1}},"loc":{"start":{"line":3,"column":7},"end":{"line":57,"column":1}},"line":3}},"f":{"0":5}}
,"C:\\Users\\flori\\Documents\\blockchain-visulizer\\src\\components\\SEO.tsx": {"path":"C:\\Users\\flori\\Documents\\blockchain-visulizer\\src\\components\\SEO.tsx","all":false,"statementMap":{"0":{"start":{"line":1,"column":0},"end":{"line":1,"column":44}},"9":{"start":{"line":10,"column":0},"end":{"line":10,"column":21}},"10":{"start":{"line":11,"column":0},"end":{"line":11,"column":64}},"11":{"start":{"line":12,"column":0},"end":{"line":12,"column":207}},"12":{"start":{"line":13,"column":0},"end":{"line":13,"column":130}},"13":{"start":{"line":14,"column":0},"end":{"line":14,"column":59}},"14":{"start":{"line":15,"column":0},"end":{"line":15,"column":14}},"15":{"start":{"line":16,"column":0},"end":{"line":16,"column":10}},"16":{"start":{"line":17,"column":0},"end":{"line":17,"column":12}},"17":{"start":{"line":18,"column":0},"end":{"line":18,"column":28}},"18":{"start":{"line":19,"column":0},"end":{"line":19,"column":55}},"19":{"start":{"line":20,"column":0},"end":{"line":20,"column":49}},"20":{"start":{"line":21,"column":0},"end":{"line":21,"column":47}},"21":{"start":{"line":22,"column":0},"end":{"line":22,"column":78}},"24":{"start":{"line":25,"column":0},"end":{"line":25,"column":51}},"25":{"start":{"line":26,"column":0},"end":{"line":26,"column":46}},"26":{"start":{"line":27,"column":0},"end":{"line":27,"column":50}},"27":{"start":{"line":28,"column":0},"end":{"line":28,"column":62}},"28":{"start":{"line":29,"column":0},"end":{"line":29,"column":70}},"31":{"start":{"line":32,"column":0},"end":{"line":32,"column":68}},"32":{"start":{"line":33,"column":0},"end":{"line":33,"column":51}},"33":{"start":{"line":34,"column":0},"end":{"line":34,"column":55}},"34":{"start":{"line":35,"column":0},"end":{"line":35,"column":67}},"35":{"start":{"line":36,"column":0},"end":{"line":36,"column":61}},"38":{"start":{"line":39,"column":0},"end":{"line":39,"column":52}},"39":{"start":{"line":40,"column":0},"end":{"line":40,"column":48}},"40":{"start":{"line":41,"column":0},"end":{"line":41,"column":52}},"43":{"start":{"line":44,"column":0},"end":{"line":44,"column":41}},"46":{"start":{"line":47,"column":0},"end":{"line":47,"column":41}},"47":{"start":{"line":48,"column":0},"end":{"line":48,"column":25}},"48":{"start":{"line":49,"column":0},"end":{"line":49,"column":43}},"49":{"start":{"line":50,"column":0},"end":{"line":50,"column":36}},"50":{"start":{"line":51,"column":0},"end":{"line":51,"column":40}},"51":{"start":{"line":52,"column":0},"end":{"line":52,"column":35}},"52":{"start":{"line":53,"column":0},"end":{"line":53,"column":19}},"53":{"start":{"line":54,"column":0},"end":{"line":54,"column":56}},"54":{"start":{"line":55,"column":0},"end":{"line":55,"column":41}},"55":{"start":{"line":56,"column":0},"end":{"line":56,"column":19}},"56":{"start":{"line":57,"column":0},"end":{"line":57,"column":30}},"57":{"start":{"line":58,"column":0},"end":{"line":58,"column":29}},"58":{"start":{"line":59,"column":0},"end":{"line":59,"column":47}},"59":{"start":{"line":60,"column":0},"end":{"line":60,"column":12}},"60":{"start":{"line":61,"column":0},"end":{"line":61,"column":19}},"61":{"start":{"line":62,"column":0},"end":{"line":62,"column":29}},"62":{"start":{"line":63,"column":0},"end":{"line":63,"column":23}},"63":{"start":{"line":64,"column":0},"end":{"line":64,"column":33}},"64":{"start":{"line":65,"column":0},"end":{"line":65,"column":12}},"65":{"start":{"line":66,"column":0},"end":{"line":66,"column":11}},"66":{"start":{"line":67,"column":0},"end":{"line":67,"column":15}},"67":{"start":{"line":68,"column":0},"end":{"line":68,"column":13}},"69":{"start":{"line":70,"column":0},"end":{"line":70,"column":1}}},"s":{"0":1,"9":1,"10":5,"11":5,"12":5,"13":5,"14":5,"15":5,"16":5,"17":5,"18":5,"19":5,"20":5,"21":5,"24":5,"25":5,"26":5,"27":5,"28":5,"31":5,"32":5,"33":5,"34":5,"35":5,"38":5,"39":5,"40":5,"43":5,"46":5,"47":5,"48":5,"49":5,"50":5,"51":5,"52":5,"53":5,"54":5,"55":5,"56":5,"57":5,"58":5,"59":5,"60":5,"61":5,"62":5,"63":5,"64":5,"65":5,"66":5,"67":5,"69":5},"branchMap":{"0":{"type":"branch","line":10,"loc":{"start":{"line":10,"column":7},"end":{"line":70,"column":1}},"locations":[{"start":{"line":10,"column":7},"end":{"line":70,"column":1}}]}},"b":{"0":[5]},"fnMap":{"0":{"name":"SEO","decl":{"start":{"line":10,"column":7},"end":{"line":70,"column":1}},"loc":{"start":{"line":10,"column":7},"end":{"line":70,"column":1}},"line":10}},"f":{"0":5}}
,"C:\\Users\\flori\\Documents\\blockchain-visulizer\\src\\context\\BlockchainContext.tsx": {"path":"C:\\Users\\flori\\Documents\\blockchain-visulizer\\src\\context\\BlockchainContext.tsx","all":false,"statementMap":{"0":{"start":{"line":1,"column":0},"end":{"line":1,"column":70}},"2":{"start":{"line":3,"column":0},"end":{"line":3,"column":54}},"27":{"start":{"line":28,"column":0},"end":{"line":28,"column":39}},"28":{"start":{"line":29,"column":0},"end":{"line":29,"column":49}},"29":{"start":{"line":30,"column":0},"end":{"line":30,"column":16}},"30":{"start":{"line":31,"column":0},"end":{"line":31,"column":21}},"31":{"start":{"line":32,"column":0},"end":{"line":32,"column":22}},"32":{"start":{"line":33,"column":0},"end":{"line":33,"column":21}},"33":{"start":{"line":34,"column":0},"end":{"line":34,"column":2}},"35":{"start":{"line":36,"column":0},"end":{"line":36,"column":95}},"36":{"start":{"line":37,"column":0},"end":{"line":37,"column":24}},"37":{"start":{"line":38,"column":0},"end":{"line":38,"column":23}},"38":{"start":{"line":39,"column":0},"end":{"line":39,"column":66}},"39":{"start":{"line":40,"column":0},"end":{"line":40,"column":51}},"40":{"start":{"line":41,"column":0},"end":{"line":41,"column":28}},"41":{"start":{"line":42,"column":0},"end":{"line":42,"column":28}},"42":{"start":{"line":43,"column":0},"end":{"line":43,"column":27}},"43":{"start":{"line":44,"column":0},"end":{"line":44,"column":24}},"44":{"start":{"line":45,"column":0},"end":{"line":45,"column":8}},"47":{"start":{"line":48,"column":0},"end":{"line":48,"column":52}},"48":{"start":{"line":49,"column":0},"end":{"line":49,"column":23}},"49":{"start":{"line":50,"column":0},"end":{"line":50,"column":27}},"50":{"start":{"line":51,"column":0},"end":{"line":51,"column":22}},"51":{"start":{"line":52,"column":0},"end":{"line":52,"column":30}},"52":{"start":{"line":53,"column":0},"end":{"line":53,"column":22}},"53":{"start":{"line":54,"column":0},"end":{"line":54,"column":8}},"55":{"start":{"line":56,"column":0},"end":{"line":56,"column":52}},"56":{"start":{"line":57,"column":0},"end":{"line":57,"column":61}},"57":{"start":{"line":58,"column":0},"end":{"line":58,"column":26}},"58":{"start":{"line":59,"column":0},"end":{"line":59,"column":78}},"59":{"start":{"line":60,"column":0},"end":{"line":60,"column":9}},"61":{"start":{"line":62,"column":0},"end":{"line":62,"column":87}},"62":{"start":{"line":63,"column":0},"end":{"line":63,"column":32}},"63":{"start":{"line":64,"column":0},"end":{"line":64,"column":35}},"64":{"start":{"line":65,"column":0},"end":{"line":65,"column":87}},"66":{"start":{"line":67,"column":0},"end":{"line":67,"column":16}},"67":{"start":{"line":68,"column":0},"end":{"line":68,"column":19}},"68":{"start":{"line":69,"column":0},"end":{"line":69,"column":92}},"69":{"start":{"line":70,"column":0},"end":{"line":70,"column":10}},"70":{"start":{"line":71,"column":0},"end":{"line":71,"column":9}},"72":{"start":{"line":73,"column":0},"end":{"line":73,"column":14}},"73":{"start":{"line":74,"column":0},"end":{"line":74,"column":17}},"74":{"start":{"line":75,"column":0},"end":{"line":75,"column":30}},"75":{"start":{"line":76,"column":0},"end":{"line":76,"column":52}},"76":{"start":{"line":77,"column":0},"end":{"line":77,"column":65}},"77":{"start":{"line":78,"column":0},"end":{"line":78,"column":10}},"78":{"start":{"line":79,"column":0},"end":{"line":79,"column":8}},"79":{"start":{"line":80,"column":0},"end":{"line":80,"column":5}},"81":{"start":{"line":82,"column":0},"end":{"line":82,"column":26}},"82":{"start":{"line":83,"column":0},"end":{"line":83,"column":55}},"83":{"start":{"line":84,"column":0},"end":{"line":84,"column":98}},"84":{"start":{"line":85,"column":0},"end":{"line":85,"column":8}},"86":{"start":{"line":87,"column":0},"end":{"line":87,"column":14}},"87":{"start":{"line":88,"column":0},"end":{"line":88,"column":17}},"88":{"start":{"line":89,"column":0},"end":{"line":89,"column":15}},"89":{"start":{"line":90,"column":0},"end":{"line":90,"column":25}},"90":{"start":{"line":91,"column":0},"end":{"line":91,"column":34}},"91":{"start":{"line":92,"column":0},"end":{"line":92,"column":41}},"92":{"start":{"line":93,"column":0},"end":{"line":93,"column":10}},"93":{"start":{"line":94,"column":0},"end":{"line":94,"column":8}},"94":{"start":{"line":95,"column":0},"end":{"line":95,"column":5}},"96":{"start":{"line":97,"column":0},"end":{"line":97,"column":36}},"97":{"start":{"line":98,"column":0},"end":{"line":98,"column":14}},"98":{"start":{"line":99,"column":0},"end":{"line":99,"column":17}},"99":{"start":{"line":100,"column":0},"end":{"line":100,"column":25}},"100":{"start":{"line":101,"column":0},"end":{"line":101,"column":34}},"101":{"start":{"line":102,"column":0},"end":{"line":102,"column":60}},"102":{"start":{"line":103,"column":0},"end":{"line":103,"column":10}},"103":{"start":{"line":104,"column":0},"end":{"line":104,"column":8}},"104":{"start":{"line":105,"column":0},"end":{"line":105,"column":5}},"106":{"start":{"line":107,"column":0},"end":{"line":107,"column":29}},"107":{"start":{"line":108,"column":0},"end":{"line":108,"column":55}},"108":{"start":{"line":109,"column":0},"end":{"line":109,"column":74}},"109":{"start":{"line":110,"column":0},"end":{"line":110,"column":8}},"112":{"start":{"line":113,"column":0},"end":{"line":113,"column":58}},"113":{"start":{"line":114,"column":0},"end":{"line":114,"column":26}},"114":{"start":{"line":115,"column":0},"end":{"line":115,"column":78}},"115":{"start":{"line":116,"column":0},"end":{"line":116,"column":9}},"117":{"start":{"line":118,"column":0},"end":{"line":118,"column":84}},"118":{"start":{"line":119,"column":0},"end":{"line":119,"column":32}},"119":{"start":{"line":120,"column":0},"end":{"line":120,"column":35}},"120":{"start":{"line":121,"column":0},"end":{"line":121,"column":87}},"122":{"start":{"line":123,"column":0},"end":{"line":123,"column":16}},"123":{"start":{"line":124,"column":0},"end":{"line":124,"column":19}},"124":{"start":{"line":125,"column":0},"end":{"line":125,"column":51}},"125":{"start":{"line":126,"column":0},"end":{"line":126,"column":10}},"126":{"start":{"line":127,"column":0},"end":{"line":127,"column":9}},"128":{"start":{"line":129,"column":0},"end":{"line":129,"column":14}},"129":{"start":{"line":130,"column":0},"end":{"line":130,"column":17}},"130":{"start":{"line":131,"column":0},"end":{"line":131,"column":30}},"131":{"start":{"line":132,"column":0},"end":{"line":132,"column":67}},"132":{"start":{"line":133,"column":0},"end":{"line":133,"column":25}},"133":{"start":{"line":134,"column":0},"end":{"line":134,"column":34}},"134":{"start":{"line":135,"column":0},"end":{"line":135,"column":41}},"135":{"start":{"line":136,"column":0},"end":{"line":136,"column":10}},"136":{"start":{"line":137,"column":0},"end":{"line":137,"column":8}},"137":{"start":{"line":138,"column":0},"end":{"line":138,"column":5}},"139":{"start":{"line":140,"column":0},"end":{"line":140,"column":28}},"140":{"start":{"line":141,"column":0},"end":{"line":141,"column":14}},"141":{"start":{"line":142,"column":0},"end":{"line":142,"column":17}},"142":{"start":{"line":143,"column":0},"end":{"line":143,"column":46}},"143":{"start":{"line":144,"column":0},"end":{"line":144,"column":8}},"144":{"start":{"line":145,"column":0},"end":{"line":145,"column":5}},"146":{"start":{"line":147,"column":0},"end":{"line":147,"column":26}},"147":{"start":{"line":148,"column":0},"end":{"line":148,"column":14}},"148":{"start":{"line":149,"column":0},"end":{"line":149,"column":17}},"149":{"start":{"line":150,"column":0},"end":{"line":150,"column":49}},"150":{"start":{"line":151,"column":0},"end":{"line":151,"column":8}},"151":{"start":{"line":152,"column":0},"end":{"line":152,"column":5}},"153":{"start":{"line":154,"column":0},"end":{"line":154,"column":31}},"154":{"start":{"line":155,"column":0},"end":{"line":155,"column":57}},"155":{"start":{"line":156,"column":0},"end":{"line":156,"column":50}},"156":{"start":{"line":157,"column":0},"end":{"line":157,"column":32}},"157":{"start":{"line":158,"column":0},"end":{"line":158,"column":21}},"158":{"start":{"line":159,"column":0},"end":{"line":159,"column":38}},"159":{"start":{"line":160,"column":0},"end":{"line":160,"column":27}},"160":{"start":{"line":161,"column":0},"end":{"line":161,"column":21}},"161":{"start":{"line":162,"column":0},"end":{"line":162,"column":12}},"164":{"start":{"line":165,"column":0},"end":{"line":165,"column":60}},"165":{"start":{"line":166,"column":0},"end":{"line":166,"column":31}},"166":{"start":{"line":167,"column":0},"end":{"line":167,"column":35}},"167":{"start":{"line":168,"column":0},"end":{"line":168,"column":30}},"168":{"start":{"line":169,"column":0},"end":{"line":169,"column":38}},"169":{"start":{"line":170,"column":0},"end":{"line":170,"column":30}},"170":{"start":{"line":171,"column":0},"end":{"line":171,"column":12}},"172":{"start":{"line":173,"column":0},"end":{"line":173,"column":30}},"173":{"start":{"line":174,"column":0},"end":{"line":174,"column":9}},"174":{"start":{"line":175,"column":0},"end":{"line":175,"column":21}},"175":{"start":{"line":176,"column":0},"end":{"line":176,"column":9}},"178":{"start":{"line":179,"column":0},"end":{"line":179,"column":58}},"179":{"start":{"line":180,"column":0},"end":{"line":180,"column":26}},"180":{"start":{"line":181,"column":0},"end":{"line":181,"column":78}},"181":{"start":{"line":182,"column":0},"end":{"line":182,"column":9}},"183":{"start":{"line":184,"column":0},"end":{"line":184,"column":48}},"184":{"start":{"line":185,"column":0},"end":{"line":185,"column":62}},"185":{"start":{"line":186,"column":0},"end":{"line":186,"column":9}},"187":{"start":{"line":188,"column":0},"end":{"line":188,"column":84}},"188":{"start":{"line":189,"column":0},"end":{"line":189,"column":32}},"189":{"start":{"line":190,"column":0},"end":{"line":190,"column":35}},"190":{"start":{"line":191,"column":0},"end":{"line":191,"column":87}},"192":{"start":{"line":193,"column":0},"end":{"line":193,"column":16}},"193":{"start":{"line":194,"column":0},"end":{"line":194,"column":19}},"194":{"start":{"line":195,"column":0},"end":{"line":195,"column":92}},"195":{"start":{"line":196,"column":0},"end":{"line":196,"column":10}},"196":{"start":{"line":197,"column":0},"end":{"line":197,"column":9}},"198":{"start":{"line":199,"column":0},"end":{"line":199,"column":14}},"199":{"start":{"line":200,"column":0},"end":{"line":200,"column":17}},"200":{"start":{"line":201,"column":0},"end":{"line":201,"column":30}},"201":{"start":{"line":202,"column":0},"end":{"line":202,"column":52}},"202":{"start":{"line":203,"column":0},"end":{"line":203,"column":65}},"203":{"start":{"line":204,"column":0},"end":{"line":204,"column":10}},"204":{"start":{"line":205,"column":0},"end":{"line":205,"column":8}},"205":{"start":{"line":206,"column":0},"end":{"line":206,"column":5}},"207":{"start":{"line":208,"column":0},"end":{"line":208,"column":28}},"208":{"start":{"line":209,"column":0},"end":{"line":209,"column":65}},"209":{"start":{"line":210,"column":0},"end":{"line":210,"column":17}},"210":{"start":{"line":211,"column":0},"end":{"line":211,"column":94}},"211":{"start":{"line":212,"column":0},"end":{"line":212,"column":10}},"213":{"start":{"line":214,"column":0},"end":{"line":214,"column":14}},"214":{"start":{"line":215,"column":0},"end":{"line":215,"column":17}},"215":{"start":{"line":216,"column":0},"end":{"line":216,"column":30}},"216":{"start":{"line":217,"column":0},"end":{"line":217,"column":67}},"217":{"start":{"line":218,"column":0},"end":{"line":218,"column":8}},"218":{"start":{"line":219,"column":0},"end":{"line":219,"column":5}},"220":{"start":{"line":221,"column":0},"end":{"line":221,"column":25}},"221":{"start":{"line":222,"column":0},"end":{"line":222,"column":14}},"222":{"start":{"line":223,"column":0},"end":{"line":223,"column":24}},"223":{"start":{"line":224,"column":0},"end":{"line":224,"column":37}},"224":{"start":{"line":225,"column":0},"end":{"line":225,"column":8}},"225":{"start":{"line":226,"column":0},"end":{"line":226,"column":5}},"227":{"start":{"line":228,"column":0},"end":{"line":228,"column":12}},"228":{"start":{"line":229,"column":0},"end":{"line":229,"column":19}},"229":{"start":{"line":230,"column":0},"end":{"line":230,"column":3}},"230":{"start":{"line":231,"column":0},"end":{"line":231,"column":1}},"232":{"start":{"line":233,"column":0},"end":{"line":233,"column":86}},"234":{"start":{"line":235,"column":0},"end":{"line":235,"column":81}},"235":{"start":{"line":236,"column":0},"end":{"line":236,"column":72}},"237":{"start":{"line":238,"column":0},"end":{"line":238,"column":66}},"238":{"start":{"line":239,"column":0},"end":{"line":239,"column":55}},"239":{"start":{"line":240,"column":0},"end":{"line":240,"column":9}},"241":{"start":{"line":242,"column":0},"end":{"line":242,"column":32}},"242":{"start":{"line":243,"column":0},"end":{"line":243,"column":35}},"243":{"start":{"line":244,"column":0},"end":{"line":244,"column":45}},"244":{"start":{"line":245,"column":0},"end":{"line":245,"column":60}},"246":{"start":{"line":247,"column":0},"end":{"line":247,"column":66}},"248":{"start":{"line":249,"column":0},"end":{"line":249,"column":39}},"249":{"start":{"line":250,"column":0},"end":{"line":250,"column":88}},"250":{"start":{"line":251,"column":0},"end":{"line":251,"column":18}},"251":{"start":{"line":252,"column":0},"end":{"line":252,"column":41}},"252":{"start":{"line":253,"column":0},"end":{"line":253,"column":47}},"253":{"start":{"line":254,"column":0},"end":{"line":254,"column":11}},"254":{"start":{"line":255,"column":0},"end":{"line":255,"column":9}},"256":{"start":{"line":257,"column":0},"end":{"line":257,"column":16}},"257":{"start":{"line":258,"column":0},"end":{"line":258,"column":32}},"258":{"start":{"line":259,"column":0},"end":{"line":259,"column":51}},"259":{"start":{"line":260,"column":0},"end":{"line":260,"column":9}},"260":{"start":{"line":261,"column":0},"end":{"line":261,"column":6}},"261":{"start":{"line":262,"column":0},"end":{"line":262,"column":18}},"262":{"start":{"line":263,"column":0},"end":{"line":263,"column":4}},"264":{"start":{"line":265,"column":0},"end":{"line":265,"column":61}},"265":{"start":{"line":266,"column":0},"end":{"line":266,"column":66}},"266":{"start":{"line":267,"column":0},"end":{"line":267,"column":9}},"268":{"start":{"line":269,"column":0},"end":{"line":269,"column":66}},"26
[...]
p":{"0":{"type":"branch","line":36,"loc":{"start":{"line":36,"column":0},"end":{"line":231,"column":1}},"locations":[{"start":{"line":36,"column":0},"end":{"line":231,"column":1}}]},"1":{"type":"branch","line":38,"loc":{"start":{"line":38,"column":4},"end":{"line":80,"column":5}},"locations":[{"start":{"line":38,"column":4},"end":{"line":80,"column":5}}]},"2":{"type":"branch","line":82,"loc":{"start":{"line":82,"column":4},"end":{"line":95,"column":5}},"locations":[{"start":{"line":82,"column":4},"end":{"line":95,"column":5}}]},"3":{"type":"branch","line":97,"loc":{"start":{"line":97,"column":4},"end":{"line":105,"column":5}},"locations":[{"start":{"line":97,"column":4},"end":{"line":105,"column":5}}]},"4":{"type":"branch","line":107,"loc":{"start":{"line":107,"column":4},"end":{"line":138,"column":5}},"locations":[{"start":{"line":107,"column":4},"end":{"line":138,"column":5}}]},"5":{"type":"branch","line":147,"loc":{"start":{"line":147,"column":4},"end":{"line":152,"column":5}},"locations":[{"start":{"line":147,"column":4},"end":{"line":152,"column":5}}]},"6":{"type":"branch","line":154,"loc":{"start":{"line":154,"column":4},"end":{"line":206,"column":5}},"locations":[{"start":{"line":154,"column":4},"end":{"line":206,"column":5}}]},"7":{"type":"branch","line":208,"loc":{"start":{"line":208,"column":4},"end":{"line":219,"column":5}},"locations":[{"start":{"line":208,"column":4},"end":{"line":219,"column":5}}]},"8":{"type":"branch","line":221,"loc":{"start":{"line":221,"column":4},"end":{"line":226,"column":5}},"locations":[{"start":{"line":221,"column":4},"end":{"line":226,"column":5}}]},"9":{"type":"branch","line":228,"loc":{"start":{"line":228,"column":4},"end":{"line":229,"column":19}},"locations":[{"start":{"line":228,"column":4},"end":{"line":229,"column":19}}]},"10":{"type":"branch","line":235,"loc":{"start":{"line":235,"column":7},"end":{"line":308,"column":1}},"locations":[{"start":{"line":235,"column":7},"end":{"line":308,"column":1}}]},"11":{"type":"branch","line":265,"loc":{"start":{"line":265,"column":36},"end":{"line":267,"column":5}},"locations":[{"start":{"line":265,"column":36},"end":{"line":267,"column":5}}]}},"b":{"0":[1],"1":[0],"2":[0],"3":[0],"4":[0],"5":[0],"6":[0],"7":[0],"8":[0],"9":[0],"10":[16],"11":[1]},"fnMap":{"0":{"name":"blockchainReducer","decl":{"start":{"line":36,"column":0},"end":{"line":231,"column":1}},"loc":{"start":{"line":36,"column":0},"end":{"line":231,"column":1}},"line":36},"1":{"name":"BlockchainProvider","decl":{"start":{"line":235,"column":7},"end":{"line":308,"column":1}},"loc":{"start":{"line":235,"column":7},"end":{"line":308,"column":1}},"line":235}},"f":{"0":1,"1":16}}
,"C:\\Users\\flori\\Documents\\blockchain-visulizer\\src\\hooks\\useBlockchain.ts": {"path":"C:\\Users\\flori\\Documents\\blockchain-visulizer\\src\\hooks\\useBlockchain.ts","all":false,"statementMap":{"0":{"start":{"line":1,"column":0},"end":{"line":1,"column":35}},"1":{"start":{"line":2,"column":0},"end":{"line":2,"column":65}},"3":{"start":{"line":4,"column":0},"end":{"line":4,"column":33}},"4":{"start":{"line":5,"column":0},"end":{"line":5,"column":48}},"5":{"start":{"line":6,"column":0},"end":{"line":6,"column":30}},"6":{"start":{"line":7,"column":0},"end":{"line":7,"column":78}},"7":{"start":{"line":8,"column":0},"end":{"line":8,"column":3}},"8":{"start":{"line":9,"column":0},"end":{"line":9,"column":17}},"9":{"start":{"line":10,"column":0},"end":{"line":10,"column":1}}},"s":{"0":1,"1":1,"3":1,"4":31,"5":31,"6":0,"7":0,"8":31,"9":31},"branchMap":{"0":{"type":"branch","line":4,"loc":{"start":{"line":4,"column":7},"end":{"line":10,"column":1}},"locations":[{"start":{"line":4,"column":7},"end":{"line":10,"column":1}}]},"1":{"type":"branch","line":6,"loc":{"start":{"line":6,"column":29},"end":{"line":8,"column":3}},"locations":[{"start":{"line":6,"column":29},"end":{"line":8,"column":3}}]}},"b":{"0":[31],"1":[0]},"fnMap":{"0":{"name":"useBlockchain","decl":{"start":{"line":4,"column":7},"end":{"line":10,"column":1}},"loc":{"start":{"line":4,"column":7},"end":{"line":10,"column":1}},"line":4}},"f":{"0":31}}
,"C:\\Users\\flori\\Documents\\blockchain-visulizer\\src\\types\\blockchain.ts": {"path":"C:\\Users\\flori\\Documents\\blockchain-visulizer\\src\\types\\blockchain.ts","all":true,"statementMap":{},"s":{},"branchMap":{"0":{"type":"branch","line":1,"loc":{"start":{"line":1,"column":641},"end":{"line":35,"column":1}},"locations":[{"start":{"line":1,"column":641},"end":{"line":35,"column":1}}]}},"b":{"0":[1]},"fnMap":{"0":{"name":"(empty-report)","decl":{"start":{"line":1,"column":641},"end":{"line":35,"column":1}},"loc":{"start":{"line":1,"column":641},"end":{"line":35,"column":1}},"line":1}},"f":{"0":1}}
,"C:\\Users\\flori\\Documents\\blockchain-visulizer\\src\\utils\\blockchain.ts": {"path":"C:\\Users\\flori\\Documents\\blockchain-visulizer\\src\\utils\\blockchain.ts","all":false,"statementMap":{"0":{"start":{"line":1,"column":0},"end":{"line":1,"column":33}},"3":{"start":{"line":4,"column":0},"end":{"line":4,"column":30}},"4":{"start":{"line":5,"column":0},"end":{"line":5,"column":23}},"5":{"start":{"line":6,"column":0},"end":{"line":6,"column":18}},"6":{"start":{"line":7,"column":0},"end":{"line":7,"column":22}},"7":{"start":{"line":8,"column":0},"end":{"line":8,"column":33}},"8":{"start":{"line":9,"column":0},"end":{"line":9,"column":25}},"9":{"start":{"line":10,"column":0},"end":{"line":10,"column":21}},"10":{"start":{"line":11,"column":0},"end":{"line":11,"column":13}},"11":{"start":{"line":12,"column":0},"end":{"line":12,"column":78}},"12":{"start":{"line":13,"column":0},"end":{"line":13,"column":93}},"13":{"start":{"line":14,"column":0},"end":{"line":14,"column":3}},"15":{"start":{"line":16,"column":0},"end":{"line":16,"column":65}},"16":{"start":{"line":17,"column":0},"end":{"line":17,"column":42}},"17":{"start":{"line":18,"column":0},"end":{"line":18,"column":52}},"18":{"start":{"line":19,"column":0},"end":{"line":19,"column":3}},"20":{"start":{"line":21,"column":0},"end":{"line":21,"column":25}},"21":{"start":{"line":22,"column":0},"end":{"line":22,"column":17}},"22":{"start":{"line":23,"column":0},"end":{"line":23,"column":54}},"23":{"start":{"line":24,"column":0},"end":{"line":24,"column":21}},"24":{"start":{"line":25,"column":0},"end":{"line":25,"column":37}},"25":{"start":{"line":26,"column":0},"end":{"line":26,"column":26}},"26":{"start":{"line":27,"column":0},"end":{"line":27,"column":76}},"27":{"start":{"line":28,"column":0},"end":{"line":28,"column":27}},"29":{"start":{"line":30,"column":0},"end":{"line":30,"column":44}},"30":{"start":{"line":31,"column":0},"end":{"line":31,"column":42}},"31":{"start":{"line":32,"column":0},"end":{"line":32,"column":24}},"32":{"start":{"line":33,"column":0},"end":{"line":33,"column":28}},"33":{"start":{"line":34,"column":0},"end":{"line":34,"column":23}},"34":{"start":{"line":35,"column":0},"end":{"line":35,"column":31}},"35":{"start":{"line":36,"column":0},"end":{"line":36,"column":23}},"36":{"start":{"line":37,"column":0},"end":{"line":37,"column":12}},"38":{"start":{"line":39,"column":0},"end":{"line":39,"column":57}},"39":{"start":{"line":40,"column":0},"end":{"line":40,"column":30}},"40":{"start":{"line":41,"column":0},"end":{"line":41,"column":33}},"41":{"start":{"line":42,"column":0},"end":{"line":42,"column":35}},"42":{"start":{"line":43,"column":0},"end":{"line":43,"column":27}},"43":{"start":{"line":44,"column":0},"end":{"line":44,"column":19}},"44":{"start":{"line":45,"column":0},"end":{"line":45,"column":11}},"46":{"start":{"line":47,"column":0},"end":{"line":47,"column":24}},"47":{"start":{"line":48,"column":0},"end":{"line":48,"column":23}},"48":{"start":{"line":49,"column":0},"end":{"line":49,"column":9}},"51":{"start":{"line":52,"column":0},"end":{"line":52,"column":25}},"52":{"start":{"line":53,"column":0},"end":{"line":53,"column":46}},"53":{"start":{"line":54,"column":0},"end":{"line":54,"column":9}},"56":{"start":{"line":57,"column":0},"end":{"line":57,"column":28}},"57":{"start":{"line":58,"column":0},"end":{"line":58,"column":8}},"59":{"start":{"line":60,"column":0},"end":{"line":60,"column":13}},"60":{"start":{"line":61,"column":0},"end":{"line":61,"column":7}},"61":{"start":{"line":62,"column":0},"end":{"line":62,"column":3}},"63":{"start":{"line":64,"column":0},"end":{"line":64,"column":70}},"65":{"start":{"line":66,"column":0},"end":{"line":66,"column":28}},"66":{"start":{"line":67,"column":0},"end":{"line":67,"column":14}},"67":{"start":{"line":68,"column":0},"end":{"line":68,"column":37}},"68":{"start":{"line":69,"column":0},"end":{"line":69,"column":22}},"69":{"start":{"line":70,"column":0},"end":{"line":70,"column":29}},"70":{"start":{"line":71,"column":0},"end":{"line":71,"column":24}},"71":{"start":{"line":72,"column":0},"end":{"line":72,"column":28}},"72":{"start":{"line":73,"column":0},"end":{"line":73,"column":23}},"73":{"start":{"line":74,"column":0},"end":{"line":74,"column":31}},"74":{"start":{"line":75,"column":0},"end":{"line":75,"column":23}},"75":{"start":{"line":76,"column":0},"end":{"line":76,"column":11}},"77":{"start":{"line":78,"column":0},"end":{"line":78,"column":5}},"79":{"start":{"line":80,"column":0},"end":{"line":80,"column":37}},"82":{"start":{"line":83,"column":0},"end":{"line":83,"column":64}},"85":{"start":{"line":86,"column":0},"end":{"line":86,"column":46}},"86":{"start":{"line":87,"column":0},"end":{"line":87,"column":18}},"87":{"start":{"line":88,"column":0},"end":{"line":88,"column":22}},"88":{"start":{"line":89,"column":0},"end":{"line":89,"column":17}},"89":{"start":{"line":90,"column":0},"end":{"line":90,"column":25}},"90":{"start":{"line":91,"column":0},"end":{"line":91,"column":17}},"91":{"start":{"line":92,"column":0},"end":{"line":92,"column":6}},"93":{"start":{"line":94,"column":0},"end":{"line":94,"column":52}},"96":{"start":{"line":97,"column":0},"end":{"line":97,"column":58}},"97":{"start":{"line":98,"column":0},"end":{"line":98,"column":3}},"99":{"start":{"line":100,"column":0},"end":{"line":100,"column":50}},"100":{"start":{"line":101,"column":0},"end":{"line":101,"column":45}},"101":{"start":{"line":102,"column":0},"end":{"line":102,"column":58}},"102":{"start":{"line":103,"column":0},"end":{"line":103,"column":21}},"103":{"start":{"line":104,"column":0},"end":{"line":104,"column":7}},"104":{"start":{"line":105,"column":0},"end":{"line":105,"column":5}},"105":{"start":{"line":106,"column":0},"end":{"line":106,"column":16}},"106":{"start":{"line":107,"column":0},"end":{"line":107,"column":3}},"108":{"start":{"line":109,"column":0},"end":{"line":109,"column":38}},"109":{"start":{"line":110,"column":0},"end":{"line":110,"column":33}},"110":{"start":{"line":111,"column":0},"end":{"line":111,"column":26}},"111":{"start":{"line":112,"column":0},"end":{"line":112,"column":15}},"112":{"start":{"line":113,"column":0},"end":{"line":113,"column":16}},"113":{"start":{"line":114,"column":0},"end":{"line":114,"column":28}},"114":{"start":{"line":115,"column":0},"end":{"line":115,"column":24}},"115":{"start":{"line":116,"column":0},"end":{"line":116,"column":15}},"116":{"start":{"line":117,"column":0},"end":{"line":117,"column":15}},"117":{"start":{"line":118,"column":0},"end":{"line":118,"column":20}},"118":{"start":{"line":119,"column":0},"end":{"line":119,"column":20}},"119":{"start":{"line":120,"column":0},"end":{"line":120,"column":22}},"120":{"start":{"line":121,"column":0},"end":{"line":121,"column":20}},"121":{"start":{"line":122,"column":0},"end":{"line":122,"column":6}},"123":{"start":{"line":124,"column":0},"end":{"line":124,"column":36}},"124":{"start":{"line":125,"column":0},"end":{"line":125,"column":18}},"125":{"start":{"line":126,"column":0},"end":{"line":126,"column":22}},"126":{"start":{"line":127,"column":0},"end":{"line":127,"column":17}},"127":{"start":{"line":128,"column":0},"end":{"line":128,"column":25}},"128":{"start":{"line":129,"column":0},"end":{"line":129,"column":17}},"129":{"start":{"line":130,"column":0},"end":{"line":130,"column":6}},"131":{"start":{"line":132,"column":0},"end":{"line":132,"column":17}},"132":{"start":{"line":133,"column":0},"end":{"line":133,"column":3}},"134":{"start":{"line":135,"column":0},"end":{"line":135,"column":21}},"135":{"start":{"line":136,"column":0},"end":{"line":136,"column":18}},"136":{"start":{"line":137,"column":0},"end":{"line":137,"column":33}},"137":{"start":{"line":138,"column":0},"end":{"line":138,"column":25}},"138":{"start":{"line":139,"column":0},"end":{"line":139,"column":26}},"139":{"start":{"line":140,"column":0},"end":{"line":140,"column":12}},"140":{"start":{"line":141,"column":0},"end":{"line":141,"column":12}},"141":{"start":{"line":142,"column":0},"end":{"line":142,"column":12}},"142":{"start":{"line":143,"column":0},"end":{"line":143,"column":28}},"143":{"start":{"line":144,"column":0},"end":{"line":144,"column":11}},"144":{"start":{"line":145,"column":0},"end":{"line":145,"column":19}},"145":{"start":{"line":146,"column":0},"end":{"line":146,"column":15}},"146":{"start":{"line":147,"column":0},"end":{"line":147,"column":15}},"147":{"start":{"line":148,"column":0},"end":{"line":148,"column":17}},"148":{"start":{"line":149,"column":0},"end":{"line":149,"column":21}},"149":{"start":{"line":150,"column":0},"end":{"line":150,"column":22}},"150":{"start":{"line":151,"column":0},"end":{"line":151,"column":21}},"151":{"start":{"line":152,"column":0},"end":{"line":152,"column":6}},"152":{"start":{"line":153,"column":0},"end":{"line":153,"column":3}},"154":{"start":{"line":155,"column":0},"end":{"line":155,"column":42}},"155":{"start":{"line":156,"column":0},"end":{"line":156,"column":56}},"156":{"start":{"line":157,"column":0},"end":{"line":157,"column":3}},"158":{"start":{"line":159,"column":0},"end":{"line":159,"column":83}},"159":{"start":{"line":160,"column":0},"end":{"line":160,"column":12}},"160":{"start":{"line":161,"column":0},"end":{"line":161,"column":39}},"161":{"start":{"line":162,"column":0},"end":{"line":162,"column":11}},"162":{"start":{"line":163,"column":0},"end":{"line":163,"column":9}},"163":{"start":{"line":164,"column":0},"end":{"line":164,"column":13}},"164":{"start":{"line":165,"column":0},"end":{"line":165,"column":28}},"165":{"start":{"line":166,"column":0},"end":{"line":166,"column":6}},"166":{"start":{"line":167,"column":0},"end":{"line":167,"column":3}},"167":{"start":{"line":168,"column":0},"end":{"line":168,"column":1}}},"s":{"0":1,"3":1,"4":1,"5":13,"6":13,"7":13,"8":13,"9":13,"10":13,"11":13,"12":13,"13":13,"15":1,"16":3,"17":3,"18":3,"20":1,"21":0,"22":0,"23":0,"24":0,"25":0,"26":0,"27":0,"29":0,"30":0,"31":0,"32":0,"33":0,"34":0,"35":0,"36":0,"38":0,"39":0,"40":0,"41":0,"42":0,"43":0,"44":0,"46":0,"47":0,"48":0,"51":0,"52":0,"53":0,"56":0,"57":0,"59":0,"60":0,"61":0,"63":1,"65":2,"66":1,"67":1,"68":1,"69":1,"70":1,"71":1,"72":1,"73":1,"74":1,"75":1,"77":1,"79":2,"82":2,"85":1,"86":1,"87":1,"88":1,"89":1,"90":1,"91":1,"93":2,"96":1,"97":2,"99":1,"100":0,"101":0,"102":0,"103":0,"104":0,"105":0,"106":0,"108":1,"109":6,"110":6,"111":6,"112":6,"113":6,"114":6,"115":6,"116":6,"117":6,"118":6,"119":6,"120":6,"121":6,"123":6,"124":6,"125":6,"126":6,"127":6,"128":6,"129":6,"131":6,"132":6,"134":1,"135":2,"136":2,"137":2,"138":2,"139":2,"140":2,"141":2,"142":2,"143":2,"144":2,"145":2,"146":2,"147":2,"148":2,"149":2,"150":2,"151":2,"152":2,"154":1,"155":1,"156":1,"158":1,"159":1,"160":1,"161":1,"162":1,"163":1,"164":1,"165":1,"166":1,"167":1},"branchMap":{"0":{"type":"branch","line":5,"loc":{"start":{"line":5,"column":9},"end":{"line":14,"column":3}},"locations":[{"start":{"line":5,"column":9},"end":{"line":14,"column":3}}]},"1":{"type":"branch","line":12,"loc":{"start":{"line":12,"column":50},"end":{"line":12,"column":78}},"locations":[{"start":{"line":12,"column":50},"end":{"line":12,"column":78}}]},"2":{"type":"branch","line":16,"loc":{"start":{"line":16,"column":9},"end":{"line":19,"column":3}},"locations":[{"start":{"line":16,"column":9},"end":{"line":19,"column":3}}]},"3":{"type":"branch","line":64,"loc":{"start":{"line":64,"column":9},"end":{"line":98,"column":3}},"locations":[{"start":{"line":64,"column":9},"end":{"line":98,"column":3}}]},"4":{"type":"branch","line":66,"loc":{"start":{"line":66,"column":27},"end":{"line":80,"column":31}},"locations":[{"start":{"line":66,"column":27},"end":{"line":80,"column":31}}]},"5":{"type":"branch","line":80,"loc":{"start":{"line":80,"column":24},"end":{"line":80,"column":37}},"locations":[{"start":{"line":80,"column":24},"end":{"line":80,"column":37}}]},"6":{"type":"branch","line":80,"loc":{"start":{"line":80,"column":31},"end":{"line":83,"column":58}},"locations":[{"start":{"line":80,"column":31},"end":{"line":83,"column":58}}]},"7":{"type":"branch","line":83,"loc":{"start":{"line":83,"column":51},"end":{"line":83,"column":64}},"locations":[{"start":{"line":83,"column":51},"end":{"line":83,"column":64}}]},"8":{"type":"branch","line":83,"loc":{"start":{"line":83,"column":58},"end":{"line":94,"column":46}},"locations":[{"start":{"line":83,"column":58},"end":{"line":94,"column":46}}]},"9":{"type":"branch","line":94,"loc":{"start":{"line":94,"column":39},"end":{"line":94,"column":52}},"locations":[{"start":{"line":94,"column":39},"end":{"line":94,"column":52}}]},"10":{"type":"branch","line":94,"loc":{"start":{"line":94,"column":46},"end":{"line":97,"column":58}},"locations":[{"start":{"line":94,"column":46},"end":{"line":97,"column":58}}]},"11":{"type":"branch","line":109,"loc":{"start":{"line":109,"column":9},"end":{"line":133,"column":3}},"locations":[{"start":{"line":109,"column":9},"end":{"line":133,"column":3}}]},"12":{"type":"branch","line":135,"loc":{"start":{"line":135,"column":9},"end":{"line":153,"column":3}},"locations":[{"start":{"line":135,"column":9},"end":{"line":153,"column":3}}]},"13":{"type":"branch","line":155,"loc":{"start":{"line":155,"column":9},"end":{"line":157,"column":3}},"locations":[{"start":{"line":155,"column":9},"end":{"line":157,"column":3}}]},"14":{"type":"branch","line":159,"loc":{"start":{"line":159,"column":9},"end":{"line":167,"column":3}},"locations":[{"start":{"line":159,"column":9},"end":{"line":167,"column":3}}]}},"b":{"0":[13],"1":[0],"2":[3],"3":[2],"4":[1],"5":[0],"6":[1],"7":[0],"8":[1],"9":[0],"10":[1],"11":[6],"12":[2],"13":[1],"14":[1]},"fnMap":{"0":{"name":"calculateHash","decl":{"start":{"line":5,"column":9},"end":{"line":14,"column":3}},"loc":{"start":{"line":5,"column":9},"end":{"line":14,"column":3}},"line":5},"1":{"name":"isValidHash","decl":{"start":{"line":16,"column":9},"end":{"line":19,"column":3}},"loc":{"start":{"line":16,"column":9},"end":{"line":19,"column":3}},"line":16},"2":{"name":"mineBlock","decl":{"start":{"line":21,"column":2},"end":{"line":62,"column":3}},"loc":{"start":{"line":21,"column":2},"end":{"line":62,"column":3}},"line":21},"3":{"name":"validateBlock","decl":{"start":{"line":64,"column":9},"end":{"line":98,"column":3}},"loc":{"start":{"line":64,"column":9},"end":{"line":98,"column":3}},"line":64},"4":{"name":"validateChain","decl":{"start":{"line":100,"column":9},"end":{"line":107,"column":3}},"loc":{"start":{"line":100,"column":9},"end":{"line":107,"column":3}},"line":100},"5":{"name":"createGenesisBlock","decl":{"start":{"line":109,"column":9},"end":{"line":133,"column":3}},"loc":{"start":{"line":109,"column":9},"end":{"line":133,"column":3}},"line":109},"6":{"name":"createBlock","decl":{"start":{"line":135,"column":9},"end":{"line":153,"column":3}},"loc":{"start":{"line":135,"column":9},"end":{"line":153,"column":3}},"line":135},"7":{"name":"generateTransactionId","decl":{"start":{"line":155,"column":9},"end":{"line":157,"column":3}},"loc":{"start":{"line":155,"column":9},"end":{"line":157,"column":3}},"line":155},"8":{"name":"createTransaction","decl":{"start":{"line":159,"column":9},"end":{"line":167,"column":3}},"loc":{"start":{"line":159,"column":9},"end":{"line":167,"column":3}},"line":159}},"f":{"0":13,"1":3,"2":0,"3":2,"4":0,"5":6,"6":2,"7":1,"8":1}}
}
